2024-05-14T21:21:00.1458293-03:00  [INF] No action descriptors found. This may indicate an incorrectly configured application or missing application parts. To learn more, visit https://aka.ms/aspnet/mvc/app-parts (903d179d)
2024-05-14T21:21:00.6976556-03:00  [INF] Now listening on: "http://localhost:5034" (d826f4b8)
2024-05-14T21:21:00.7102707-03:00  [INF] Application started. Press Ctrl+C to shut down. (dcaefe54)
2024-05-14T21:21:00.7153052-03:00  [INF] Hosting environment: "Development" (bc5a1a4e)
2024-05-14T21:21:00.7184198-03:00  [INF] Content root path: "C:\Users\João\source\repos\APITrabalhoFinal\APITrabalhoFinal" (cc26f24e)
2024-05-14T21:21:01.4707870-03:00 0HN3KEJJ4E5DN:00000001 [INF] Request starting "HTTP/1.1" "GET" "http"://"localhost:5034""""/swagger/index.html""" - null null (d509f86a)
2024-05-14T21:22:23.7025209-03:00  [INF] No action descriptors found. This may indicate an incorrectly configured application or missing application parts. To learn more, visit https://aka.ms/aspnet/mvc/app-parts (903d179d)
2024-05-14T21:22:24.2565723-03:00  [INF] Now listening on: "http://localhost:5034" (d826f4b8)
2024-05-14T21:22:24.2681986-03:00  [INF] Application started. Press Ctrl+C to shut down. (dcaefe54)
2024-05-14T21:22:24.2729614-03:00  [INF] Hosting environment: "Development" (bc5a1a4e)
2024-05-14T21:22:24.2765938-03:00  [INF] Content root path: "C:\Users\João\source\repos\APITrabalhoFinal\APITrabalhoFinal" (cc26f24e)
2024-05-14T21:22:24.7190134-03:00 0HN3KEKBVDDV2:00000001 [INF] Request starting "HTTP/1.1" "GET" "http"://"localhost:5034""""/swagger/index.html""" - null null (d509f86a)
2024-05-14T21:22:25.3817199-03:00 0HN3KEKBVDDV2:00000001 [INF] Request finished "HTTP/1.1" "GET" "http"://"localhost:5034""""/swagger/index.html""" - 200 null "text/html;charset=utf-8" 672.1118ms (74253ad3)
2024-05-14T21:22:25.3854341-03:00 0HN3KEKBVDDV3:00000001 [INF] Request starting "HTTP/1.1" "GET" "http"://"localhost:5034""""/_vs/browserLink""" - null null (d509f86a)
2024-05-14T21:22:25.3854342-03:00 0HN3KEKBVDDV2:00000002 [INF] Request starting "HTTP/1.1" "GET" "http"://"localhost:5034""""/_framework/aspnetcore-browser-refresh.js""" - null null (d509f86a)
2024-05-14T21:22:25.3902872-03:00 0HN3KEKBVDDV2:00000002 [INF] Request finished "HTTP/1.1" "GET" "http"://"localhost:5034""""/_framework/aspnetcore-browser-refresh.js""" - 200 13768 "application/javascript; charset=utf-8" 4.8649ms (74253ad3)
2024-05-14T21:22:25.4470103-03:00 0HN3KEKBVDDV3:00000001 [INF] Request finished "HTTP/1.1" "GET" "http"://"localhost:5034""""/_vs/browserLink""" - 200 null "text/javascript; charset=UTF-8" 61.5774ms (74253ad3)
2024-05-14T21:22:25.8027462-03:00 0HN3KEKBVDDV3:00000002 [INF] Request starting "HTTP/1.1" "GET" "http"://"localhost:5034""""/swagger/v1/swagger.json""" - null null (d509f86a)
2024-05-14T21:22:25.8448058-03:00 0HN3KEKBVDDV3:00000002 [INF] Request finished "HTTP/1.1" "GET" "http"://"localhost:5034""""/swagger/v1/swagger.json""" - 200 null "application/json;charset=utf-8" 42.1164ms (74253ad3)
2024-05-14T21:23:13.1506611-03:00  [INF] No action descriptors found. This may indicate an incorrectly configured application or missing application parts. To learn more, visit https://aka.ms/aspnet/mvc/app-parts (903d179d)
2024-05-14T21:23:13.5748615-03:00  [INF] Now listening on: "http://localhost:5034" (d826f4b8)
2024-05-14T21:23:13.5860690-03:00  [INF] Application started. Press Ctrl+C to shut down. (dcaefe54)
2024-05-14T21:23:13.5901909-03:00  [INF] Hosting environment: "Development" (bc5a1a4e)
2024-05-14T21:23:13.5930881-03:00  [INF] Content root path: "C:\Users\João\source\repos\APITrabalhoFinal\APITrabalhoFinal" (cc26f24e)
2024-05-14T21:23:14.1392041-03:00 0HN3KEKQN2O38:00000001 [INF] Request starting "HTTP/1.1" "GET" "http"://"localhost:5034""""/swagger/index.html""" - null null (d509f86a)
2024-05-14T21:23:14.6085348-03:00 0HN3KEKQN2O38:00000001 [INF] Request finished "HTTP/1.1" "GET" "http"://"localhost:5034""""/swagger/index.html""" - 200 null "text/html;charset=utf-8" 488.051ms (74253ad3)
2024-05-14T21:23:14.6121850-03:00 0HN3KEKQN2O39:00000001 [INF] Request starting "HTTP/1.1" "GET" "http"://"localhost:5034""""/_vs/browserLink""" - null null (d509f86a)
2024-05-14T21:23:14.6130329-03:00 0HN3KEKQN2O38:00000002 [INF] Request starting "HTTP/1.1" "GET" "http"://"localhost:5034""""/_framework/aspnetcore-browser-refresh.js""" - null null (d509f86a)
2024-05-14T21:23:14.6184683-03:00 0HN3KEKQN2O38:00000002 [INF] Request finished "HTTP/1.1" "GET" "http"://"localhost:5034""""/_framework/aspnetcore-browser-refresh.js""" - 200 13768 "application/javascript; charset=utf-8" 5.4062ms (74253ad3)
2024-05-14T21:23:14.6772957-03:00 0HN3KEKQN2O39:00000001 [INF] Request finished "HTTP/1.1" "GET" "http"://"localhost:5034""""/_vs/browserLink""" - 200 null "text/javascript; charset=UTF-8" 65.3548ms (74253ad3)
2024-05-14T21:23:14.8484112-03:00 0HN3KEKQN2O39:00000002 [INF] Request starting "HTTP/1.1" "GET" "http"://"localhost:5034""""/swagger/v1/swagger.json""" - null null (d509f86a)
2024-05-14T21:23:14.8859705-03:00 0HN3KEKQN2O39:00000002 [INF] Request finished "HTTP/1.1" "GET" "http"://"localhost:5034""""/swagger/v1/swagger.json""" - 200 null "application/json;charset=utf-8" 37.5789ms (74253ad3)
2024-05-14T21:25:29.3545723-03:00  [INF] No action descriptors found. This may indicate an incorrectly configured application or missing application parts. To learn more, visit https://aka.ms/aspnet/mvc/app-parts (903d179d)
2024-05-14T21:25:29.7487884-03:00  [INF] Now listening on: "http://localhost:5034" (d826f4b8)
2024-05-14T21:25:29.7590529-03:00  [INF] Application started. Press Ctrl+C to shut down. (dcaefe54)
2024-05-14T21:25:29.7640656-03:00  [INF] Hosting environment: "Development" (bc5a1a4e)
2024-05-14T21:25:29.7670373-03:00  [INF] Content root path: "C:\Users\João\source\repos\APITrabalhoFinal\APITrabalhoFinal" (cc26f24e)
2024-05-14T21:25:30.6725141-03:00 0HN3KEM3D4ESU:00000001 [INF] Request starting "HTTP/1.1" "GET" "http"://"localhost:5034""""/swagger/index.html""" - null null (d509f86a)
2024-05-14T21:25:31.2567182-03:00 0HN3KEM3D4ESU:00000001 [INF] Request finished "HTTP/1.1" "GET" "http"://"localhost:5034""""/swagger/index.html""" - 200 null "text/html;charset=utf-8" 598.4351ms (74253ad3)
2024-05-14T21:25:31.2643468-03:00 0HN3KEM3D4ESV:00000001 [INF] Request starting "HTTP/1.1" "GET" "http"://"localhost:5034""""/_vs/browserLink""" - null null (d509f86a)
2024-05-14T21:25:31.2643469-03:00 0HN3KEM3D4ESU:00000002 [INF] Request starting "HTTP/1.1" "GET" "http"://"localhost:5034""""/_framework/aspnetcore-browser-refresh.js""" - null null (d509f86a)
2024-05-14T21:25:31.2686308-03:00 0HN3KEM3D4ESU:00000002 [INF] Request finished "HTTP/1.1" "GET" "http"://"localhost:5034""""/_framework/aspnetcore-browser-refresh.js""" - 200 13768 "application/javascript; charset=utf-8" 4.4389ms (74253ad3)
2024-05-14T21:25:31.3355094-03:00 0HN3KEM3D4ESV:00000001 [INF] Request finished "HTTP/1.1" "GET" "http"://"localhost:5034""""/_vs/browserLink""" - 200 null "text/javascript; charset=UTF-8" 71.3355ms (74253ad3)
2024-05-14T21:25:31.4952558-03:00 0HN3KEM3D4ESV:00000002 [INF] Request starting "HTTP/1.1" "GET" "http"://"localhost:5034""""/swagger/v1/swagger.json""" - null null (d509f86a)
2024-05-14T21:25:31.5272604-03:00 0HN3KEM3D4ESV:00000002 [INF] Request finished "HTTP/1.1" "GET" "http"://"localhost:5034""""/swagger/v1/swagger.json""" - 200 null "application/json;charset=utf-8" 32.0478ms (74253ad3)
2024-05-14T21:25:51.0598342-03:00  [INF] Now listening on: "http://localhost:5034" (d826f4b8)
2024-05-14T21:25:51.0747372-03:00  [INF] Application started. Press Ctrl+C to shut down. (dcaefe54)
2024-05-14T21:25:51.0908915-03:00  [INF] Hosting environment: "Development" (bc5a1a4e)
2024-05-14T21:25:51.0942922-03:00  [INF] Content root path: "C:\Users\João\source\repos\APITrabalhoFinal\APITrabalhoFinal" (cc26f24e)
2024-05-14T21:25:51.7273133-03:00 0HN3KEM9MRNOF:00000001 [INF] Request starting "HTTP/1.1" "GET" "http"://"localhost:5034""""/swagger/index.html""" - null null (d509f86a)
2024-05-14T21:25:52.2450823-03:00 0HN3KEM9MRNOF:00000001 [INF] Request finished "HTTP/1.1" "GET" "http"://"localhost:5034""""/swagger/index.html""" - 200 null "text/html;charset=utf-8" 529.4753ms (74253ad3)
2024-05-14T21:25:52.2511835-03:00 0HN3KEM9MRNOF:00000002 [INF] Request starting "HTTP/1.1" "GET" "http"://"localhost:5034""""/_framework/aspnetcore-browser-refresh.js""" - null null (d509f86a)
2024-05-14T21:25:52.2511836-03:00 0HN3KEM9MRNOG:00000001 [INF] Request starting "HTTP/1.1" "GET" "http"://"localhost:5034""""/_vs/browserLink""" - null null (d509f86a)
2024-05-14T21:25:52.2554889-03:00 0HN3KEM9MRNOF:00000002 [INF] Request finished "HTTP/1.1" "GET" "http"://"localhost:5034""""/_framework/aspnetcore-browser-refresh.js""" - 200 13768 "application/javascript; charset=utf-8" 4.3607ms (74253ad3)
2024-05-14T21:25:52.3040954-03:00 0HN3KEM9MRNOG:00000001 [INF] Request finished "HTTP/1.1" "GET" "http"://"localhost:5034""""/_vs/browserLink""" - 200 null "text/javascript; charset=UTF-8" 53.0396ms (74253ad3)
2024-05-14T21:25:52.4862166-03:00 0HN3KEM9MRNOG:00000002 [INF] Request starting "HTTP/1.1" "GET" "http"://"localhost:5034""""/swagger/v1/swagger.json""" - null null (d509f86a)
2024-05-14T21:25:52.7537477-03:00 0HN3KEM9MRNOG:00000002 [INF] Request finished "HTTP/1.1" "GET" "http"://"localhost:5034""""/swagger/v1/swagger.json""" - 200 null "application/json;charset=utf-8" 267.6121ms (74253ad3)
2024-05-14T21:26:33.8677889-03:00  [INF] Now listening on: "http://localhost:5034" (d826f4b8)
2024-05-14T21:26:33.8833450-03:00  [INF] Application started. Press Ctrl+C to shut down. (dcaefe54)
2024-05-14T21:26:33.8881384-03:00  [INF] Hosting environment: "Development" (bc5a1a4e)
2024-05-14T21:26:33.9001348-03:00  [INF] Content root path: "C:\Users\João\source\repos\APITrabalhoFinal\APITrabalhoFinal" (cc26f24e)
2024-05-14T21:26:34.3998408-03:00 0HN3KEMMD1G4A:00000001 [INF] Request starting "HTTP/1.1" "GET" "http"://"localhost:5034""""/swagger/index.html""" - null null (d509f86a)
2024-05-14T21:26:34.9327656-03:00 0HN3KEMMD1G4A:00000001 [INF] Request finished "HTTP/1.1" "GET" "http"://"localhost:5034""""/swagger/index.html""" - 200 null "text/html;charset=utf-8" 546.6351ms (74253ad3)
2024-05-14T21:26:34.9363766-03:00 0HN3KEMMD1G4A:00000002 [INF] Request starting "HTTP/1.1" "GET" "http"://"localhost:5034""""/_framework/aspnetcore-browser-refresh.js""" - null null (d509f86a)
2024-05-14T21:26:34.9375376-03:00 0HN3KEMMD1G4B:00000001 [INF] Request starting "HTTP/1.1" "GET" "http"://"localhost:5034""""/_vs/browserLink""" - null null (d509f86a)
2024-05-14T21:26:34.9410574-03:00 0HN3KEMMD1G4A:00000002 [INF] Request finished "HTTP/1.1" "GET" "http"://"localhost:5034""""/_framework/aspnetcore-browser-refresh.js""" - 200 13768 "application/javascript; charset=utf-8" 4.9557ms (74253ad3)
2024-05-14T21:26:34.9985499-03:00 0HN3KEMMD1G4B:00000001 [INF] Request finished "HTTP/1.1" "GET" "http"://"localhost:5034""""/_vs/browserLink""" - 200 null "text/javascript; charset=UTF-8" 61.2589ms (74253ad3)
2024-05-14T21:26:35.1483769-03:00 0HN3KEMMD1G4B:00000002 [INF] Request starting "HTTP/1.1" "GET" "http"://"localhost:5034""""/swagger/v1/swagger.json""" - null null (d509f86a)
2024-05-14T21:26:35.4239016-03:00 0HN3KEMMD1G4B:00000002 [INF] Request finished "HTTP/1.1" "GET" "http"://"localhost:5034""""/swagger/v1/swagger.json""" - 200 null "application/json;charset=utf-8" 275.5152ms (74253ad3)
2024-05-14T21:29:05.2394144-03:00  [INF] Now listening on: "http://localhost:5034" (d826f4b8)
2024-05-14T21:29:05.2565849-03:00  [INF] Application started. Press Ctrl+C to shut down. (dcaefe54)
2024-05-14T21:29:05.2704068-03:00  [INF] Hosting environment: "Development" (bc5a1a4e)
2024-05-14T21:29:05.2732024-03:00  [INF] Content root path: "C:\Users\João\source\repos\APITrabalhoFinal\APITrabalhoFinal" (cc26f24e)
2024-05-14T21:29:05.6552879-03:00 0HN3KEO3H4714:00000001 [INF] Request starting "HTTP/1.1" "GET" "http"://"localhost:5034""""/swagger/index.html""" - null null (d509f86a)
2024-05-14T21:29:06.0382525-03:00 0HN3KEO3H4714:00000001 [INF] Request finished "HTTP/1.1" "GET" "http"://"localhost:5034""""/swagger/index.html""" - 200 null "text/html;charset=utf-8" 393.738ms (74253ad3)
2024-05-14T21:29:06.0437405-03:00 0HN3KEO3H4714:00000002 [INF] Request starting "HTTP/1.1" "GET" "http"://"localhost:5034""""/_framework/aspnetcore-browser-refresh.js""" - null null (d509f86a)
2024-05-14T21:29:06.0437408-03:00 0HN3KEO3H4715:00000001 [INF] Request starting "HTTP/1.1" "GET" "http"://"localhost:5034""""/_vs/browserLink""" - null null (d509f86a)
2024-05-14T21:29:06.0473093-03:00 0HN3KEO3H4714:00000002 [INF] Request finished "HTTP/1.1" "GET" "http"://"localhost:5034""""/_framework/aspnetcore-browser-refresh.js""" - 200 13768 "application/javascript; charset=utf-8" 3.7529ms (74253ad3)
2024-05-14T21:29:06.1080035-03:00 0HN3KEO3H4715:00000001 [INF] Request finished "HTTP/1.1" "GET" "http"://"localhost:5034""""/_vs/browserLink""" - 200 null "text/javascript; charset=UTF-8" 64.49ms (74253ad3)
2024-05-14T21:29:06.2578955-03:00 0HN3KEO3H4715:00000002 [INF] Request starting "HTTP/1.1" "GET" "http"://"localhost:5034""""/swagger/v1/swagger.json""" - null null (d509f86a)
2024-05-14T21:29:06.5087506-03:00 0HN3KEO3H4715:00000002 [INF] Request finished "HTTP/1.1" "GET" "http"://"localhost:5034""""/swagger/v1/swagger.json""" - 200 null "application/json;charset=utf-8" 250.7474ms (74253ad3)
2024-05-14T21:29:29.9296935-03:00  [INF] Now listening on: "http://localhost:5034" (d826f4b8)
2024-05-14T21:29:29.9422616-03:00  [INF] Application started. Press Ctrl+C to shut down. (dcaefe54)
2024-05-14T21:29:29.9560515-03:00  [INF] Hosting environment: "Development" (bc5a1a4e)
2024-05-14T21:29:29.9592809-03:00  [INF] Content root path: "C:\Users\João\source\repos\APITrabalhoFinal\APITrabalhoFinal" (cc26f24e)
2024-05-14T21:29:30.4923403-03:00 0HN3KEOAS9ERL:00000001 [INF] Request starting "HTTP/1.1" "GET" "http"://"localhost:5034""""/swagger/index.html""" - null null (d509f86a)
2024-05-14T21:29:30.9161945-03:00 0HN3KEOAS9ERL:00000001 [INF] Request finished "HTTP/1.1" "GET" "http"://"localhost:5034""""/swagger/index.html""" - 200 null "text/html;charset=utf-8" 433.6321ms (74253ad3)
2024-05-14T21:29:30.9231671-03:00 0HN3KEOAS9ERL:00000002 [INF] Request starting "HTTP/1.1" "GET" "http"://"localhost:5034""""/_framework/aspnetcore-browser-refresh.js""" - null null (d509f86a)
2024-05-14T21:29:30.9242947-03:00 0HN3KEOAS9ERM:00000001 [INF] Request starting "HTTP/1.1" "GET" "http"://"localhost:5034""""/_vs/browserLink""" - null null (d509f86a)
2024-05-14T21:29:30.9278963-03:00 0HN3KEOAS9ERL:00000002 [INF] Request finished "HTTP/1.1" "GET" "http"://"localhost:5034""""/_framework/aspnetcore-browser-refresh.js""" - 200 13768 "application/javascript; charset=utf-8" 4.838ms (74253ad3)
2024-05-14T21:29:30.9823246-03:00 0HN3KEOAS9ERM:00000001 [INF] Request finished "HTTP/1.1" "GET" "http"://"localhost:5034""""/_vs/browserLink""" - 200 null "text/javascript; charset=UTF-8" 58.4166ms (74253ad3)
2024-05-14T21:29:31.1452850-03:00 0HN3KEOAS9ERM:00000002 [INF] Request starting "HTTP/1.1" "GET" "http"://"localhost:5034""""/swagger/v1/swagger.json""" - null null (d509f86a)
2024-05-14T21:29:31.3917306-03:00 0HN3KEOAS9ERM:00000002 [INF] Request finished "HTTP/1.1" "GET" "http"://"localhost:5034""""/swagger/v1/swagger.json""" - 200 null "application/json;charset=utf-8" 246.4854ms (74253ad3)
2024-05-14T21:30:46.6262821-03:00 0HN3KEOAS9ERN:00000001 [INF] Request starting "HTTP/1.1" "POST" "http"://"localhost:5034""""/api/Product""" - "application/json" 218 (d509f86a)
2024-05-14T21:30:46.6419725-03:00 0HN3KEOAS9ERN:00000001 [INF] Executing endpoint '"APITrabalhoFinal.Controllers.ProductController.Insert (APITrabalhoFinal)"' (500cc934)
2024-05-14T21:30:46.6912240-03:00 0HN3KEOAS9ERN:00000001 [INF] Route matched with "{action = \"Insert\", controller = \"Product\"}". Executing controller action with signature "Microsoft.AspNetCore.Mvc.ActionResult`1[APITrabalhoFinal.BaseDeDados.Models.TbProduct] Insert(APITrabalhoFinal.Services.DTOs.ProductDTO)" on controller "APITrabalhoFinal.Controllers.ProductController" ("APITrabalhoFinal"). (122b2fdf)
2024-05-14T21:30:47.3267370-03:00 0HN3KEOAS9ERN:00000001 [INF] Executing "BadRequestObjectResult", writing value of type '"System.String"'. (605b4265)
2024-05-14T21:30:47.3362046-03:00 0HN3KEOAS9ERN:00000001 [INF] Executed action "APITrabalhoFinal.Controllers.ProductController.Insert (APITrabalhoFinal)" in 636.3153ms (afa2e885)
2024-05-14T21:30:47.3364516-03:00 0HN3KEOAS9ERN:00000001 [INF] Executed endpoint '"APITrabalhoFinal.Controllers.ProductController.Insert (APITrabalhoFinal)"' (99874f2b)
2024-05-14T21:30:47.3410449-03:00 0HN3KEOAS9ERN:00000001 [INF] Request finished "HTTP/1.1" "POST" "http"://"localhost:5034""""/api/Product""" - 400 null "text/plain; charset=utf-8" 714.9145ms (74253ad3)
2024-05-14T21:31:41.7831605-03:00 0HN3KEOAS9ERO:00000001 [INF] Request starting "HTTP/1.1" "POST" "http"://"localhost:5034""""/api/Product""" - "application/json" 212 (d509f86a)
2024-05-14T21:31:41.7844527-03:00 0HN3KEOAS9ERO:00000001 [INF] Executing endpoint '"APITrabalhoFinal.Controllers.ProductController.Insert (APITrabalhoFinal)"' (500cc934)
2024-05-14T21:31:41.7850809-03:00 0HN3KEOAS9ERO:00000001 [INF] Route matched with "{action = \"Insert\", controller = \"Product\"}". Executing controller action with signature "Microsoft.AspNetCore.Mvc.ActionResult`1[APITrabalhoFinal.BaseDeDados.Models.TbProduct] Insert(APITrabalhoFinal.Services.DTOs.ProductDTO)" on controller "APITrabalhoFinal.Controllers.ProductController" ("APITrabalhoFinal"). (122b2fdf)
2024-05-14T21:31:49.1876648-03:00 0HN3KEOAS9ERO:00000001 [ERR] An error occurred using the connection to database '"TF_DB"' on server '"tcp://localhost:5432"'. (5fc3407c)
2024-05-14T21:34:10.6720947-03:00  [INF] Now listening on: "http://localhost:5034" (d826f4b8)
2024-05-14T21:34:10.6800982-03:00  [INF] Application started. Press Ctrl+C to shut down. (dcaefe54)
2024-05-14T21:34:10.6883567-03:00  [INF] Hosting environment: "Development" (bc5a1a4e)
2024-05-14T21:34:10.6900945-03:00  [INF] Content root path: "C:\Users\João\source\repos\APITrabalhoFinal\APITrabalhoFinal" (cc26f24e)
2024-05-14T21:34:11.1237979-03:00 0HN3KEQUI5IFE:00000001 [INF] Request starting "HTTP/1.1" "GET" "http"://"localhost:5034""""/swagger/index.html""" - null null (d509f86a)
2024-05-14T21:34:11.3770403-03:00 0HN3KEQUI5IFE:00000001 [INF] Request finished "HTTP/1.1" "GET" "http"://"localhost:5034""""/swagger/index.html""" - 200 null "text/html;charset=utf-8" 261.3032ms (74253ad3)
2024-05-14T21:34:11.3852594-03:00 0HN3KEQUI5IFE:00000002 [INF] Request starting "HTTP/1.1" "GET" "http"://"localhost:5034""""/_framework/aspnetcore-browser-refresh.js""" - null null (d509f86a)
2024-05-14T21:34:11.3870100-03:00 0HN3KEQUI5IFE:00000002 [INF] Request finished "HTTP/1.1" "GET" "http"://"localhost:5034""""/_framework/aspnetcore-browser-refresh.js""" - 200 13768 "application/javascript; charset=utf-8" 2.0511ms (74253ad3)
2024-05-14T21:34:11.3995837-03:00 0HN3KEQUI5IFE:00000003 [INF] Request starting "HTTP/1.1" "GET" "http"://"localhost:5034""""/_vs/browserLink""" - null null (d509f86a)
2024-05-14T21:34:11.4370153-03:00 0HN3KEQUI5IFE:00000003 [INF] Request finished "HTTP/1.1" "GET" "http"://"localhost:5034""""/_vs/browserLink""" - 200 null "text/javascript; charset=UTF-8" 37.4179ms (74253ad3)
2024-05-14T21:34:11.5086746-03:00 0HN3KEQUI5IFE:00000004 [INF] Request starting "HTTP/1.1" "GET" "http"://"localhost:5034""""/swagger/v1/swagger.json""" - null null (d509f86a)
2024-05-14T21:34:11.6377945-03:00 0HN3KEQUI5IFE:00000004 [INF] Request finished "HTTP/1.1" "GET" "http"://"localhost:5034""""/swagger/v1/swagger.json""" - 200 null "application/json;charset=utf-8" 129.154ms (74253ad3)
2024-05-14T21:35:31.8748961-03:00 0HN3KEQUI5IFG:00000001 [INF] Request starting "HTTP/1.1" "POST" "http"://"localhost:5034""""/api/Product""" - "application/json" 212 (d509f86a)
2024-05-14T21:35:31.8830588-03:00 0HN3KEQUI5IFG:00000001 [INF] Executing endpoint '"APITrabalhoFinal.Controllers.ProductController.Insert (APITrabalhoFinal)"' (500cc934)
2024-05-14T21:35:31.9039730-03:00 0HN3KEQUI5IFG:00000001 [INF] Route matched with "{action = \"Insert\", controller = \"Product\"}". Executing controller action with signature "Microsoft.AspNetCore.Mvc.ActionResult`1[APITrabalhoFinal.BaseDeDados.Models.TbProduct] Insert(APITrabalhoFinal.Services.DTOs.ProductDTO)" on controller "APITrabalhoFinal.Controllers.ProductController" ("APITrabalhoFinal"). (122b2fdf)
2024-05-14T21:35:36.9858717-03:00 0HN3KEQUI5IFG:00000001 [ERR] An error occurred using the connection to database '"TF_DB"' on server '"tcp://localhost:5432"'. (5fc3407c)
2024-05-14T21:36:28.2103239-03:00  [INF] Now listening on: "http://localhost:5034" (d826f4b8)
2024-05-14T21:36:28.2180019-03:00  [INF] Application started. Press Ctrl+C to shut down. (dcaefe54)
2024-05-14T21:36:28.2262561-03:00  [INF] Hosting environment: "Development" (bc5a1a4e)
2024-05-14T21:36:28.2280925-03:00  [INF] Content root path: "C:\Users\João\source\repos\APITrabalhoFinal\APITrabalhoFinal" (cc26f24e)
2024-05-14T21:36:28.6849254-03:00 0HN3KES7I4KJC:00000001 [INF] Request starting "HTTP/1.1" "GET" "http"://"localhost:5034""""/swagger/index.html""" - null null (d509f86a)
2024-05-14T21:36:29.0016188-03:00 0HN3KES7I4KJC:00000001 [INF] Request finished "HTTP/1.1" "GET" "http"://"localhost:5034""""/swagger/index.html""" - 200 null "text/html;charset=utf-8" 323.0416ms (74253ad3)
2024-05-14T21:36:29.0063347-03:00 0HN3KES7I4KJC:00000002 [INF] Request starting "HTTP/1.1" "GET" "http"://"localhost:5034""""/_framework/aspnetcore-browser-refresh.js""" - null null (d509f86a)
2024-05-14T21:36:29.0064340-03:00 0HN3KES7I4KJE:00000001 [INF] Request starting "HTTP/1.1" "GET" "http"://"localhost:5034""""/_vs/browserLink""" - null null (d509f86a)
2024-05-14T21:36:29.0100382-03:00 0HN3KES7I4KJC:00000002 [INF] Request finished "HTTP/1.1" "GET" "http"://"localhost:5034""""/_framework/aspnetcore-browser-refresh.js""" - 200 13768 "application/javascript; charset=utf-8" 4.8527ms (74253ad3)
2024-05-14T21:36:29.0446965-03:00 0HN3KES7I4KJE:00000001 [INF] Request finished "HTTP/1.1" "GET" "http"://"localhost:5034""""/_vs/browserLink""" - 200 null "text/javascript; charset=UTF-8" 38.2939ms (74253ad3)
2024-05-14T21:36:29.1204513-03:00 0HN3KES7I4KJE:00000002 [INF] Request starting "HTTP/1.1" "GET" "http"://"localhost:5034""""/swagger/v1/swagger.json""" - null null (d509f86a)
2024-05-14T21:36:29.2637647-03:00 0HN3KES7I4KJE:00000002 [INF] Request finished "HTTP/1.1" "GET" "http"://"localhost:5034""""/swagger/v1/swagger.json""" - 200 null "application/json;charset=utf-8" 143.3528ms (74253ad3)
2024-05-14T21:36:38.4602605-03:00 0HN3KES7I4KJE:00000003 [INF] Request starting "HTTP/1.1" "POST" "http"://"localhost:5034""""/api/Product""" - "application/json" 212 (d509f86a)
2024-05-14T21:36:38.4654881-03:00 0HN3KES7I4KJE:00000003 [INF] Executing endpoint '"APITrabalhoFinal.Controllers.ProductController.Insert (APITrabalhoFinal)"' (500cc934)
2024-05-14T21:36:38.4868560-03:00 0HN3KES7I4KJE:00000003 [INF] Route matched with "{action = \"Insert\", controller = \"Product\"}". Executing controller action with signature "Microsoft.AspNetCore.Mvc.ActionResult`1[APITrabalhoFinal.BaseDeDados.Models.TbProduct] Insert(APITrabalhoFinal.Services.DTOs.ProductDTO)" on controller "APITrabalhoFinal.Controllers.ProductController" ("APITrabalhoFinal"). (122b2fdf)
2024-05-14T21:36:43.5349837-03:00 0HN3KES7I4KJE:00000003 [ERR] An error occurred using the connection to database '"TF_DB"' on server '"tcp://localhost:5432"'. (5fc3407c)
2024-05-14T21:37:16.2332943-03:00  [INF] Now listening on: "http://localhost:5034" (d826f4b8)
2024-05-14T21:37:16.2408428-03:00  [INF] Application started. Press Ctrl+C to shut down. (dcaefe54)
2024-05-14T21:37:16.2436670-03:00  [INF] Hosting environment: "Development" (bc5a1a4e)
2024-05-14T21:37:16.2456960-03:00  [INF] Content root path: "C:\Users\João\source\repos\APITrabalhoFinal\APITrabalhoFinal" (cc26f24e)
2024-05-14T21:37:16.5945562-03:00 0HN3KESLQT4MA:00000001 [INF] Request starting "HTTP/1.1" "GET" "http"://"localhost:5034""""/swagger/index.html""" - null null (d509f86a)
2024-05-14T21:37:17.2551268-03:00 0HN3KESLQT4MA:00000001 [INF] Request finished "HTTP/1.1" "GET" "http"://"localhost:5034""""/swagger/index.html""" - 200 null "text/html;charset=utf-8" 666.2562ms (74253ad3)
2024-05-14T21:37:17.2668675-03:00 0HN3KESLQT4MA:00000002 [INF] Request starting "HTTP/1.1" "GET" "http"://"localhost:5034""""/_framework/aspnetcore-browser-refresh.js""" - null null (d509f86a)
2024-05-14T21:37:17.2686524-03:00 0HN3KESLQT4MA:00000002 [INF] Request finished "HTTP/1.1" "GET" "http"://"localhost:5034""""/_framework/aspnetcore-browser-refresh.js""" - 200 13768 "application/javascript; charset=utf-8" 1.8729ms (74253ad3)
2024-05-14T21:37:17.2885613-03:00 0HN3KESLQT4MA:00000003 [INF] Request starting "HTTP/1.1" "GET" "http"://"localhost:5034""""/_vs/browserLink""" - null null (d509f86a)
2024-05-14T21:37:17.3150725-03:00 0HN3KESLQT4MA:00000003 [INF] Request finished "HTTP/1.1" "GET" "http"://"localhost:5034""""/_vs/browserLink""" - 200 null "text/javascript; charset=UTF-8" 26.5474ms (74253ad3)
2024-05-14T21:37:17.4650755-03:00 0HN3KESLQT4MA:00000004 [INF] Request starting "HTTP/1.1" "GET" "http"://"localhost:5034""""/swagger/v1/swagger.json""" - null null (d509f86a)
2024-05-14T21:37:17.6187157-03:00 0HN3KESLQT4MA:00000004 [INF] Request finished "HTTP/1.1" "GET" "http"://"localhost:5034""""/swagger/v1/swagger.json""" - 200 null "application/json;charset=utf-8" 153.6733ms (74253ad3)
2024-05-14T21:38:03.1400129-03:00 0HN3KESLQT4MC:00000001 [INF] Request starting "HTTP/1.1" "POST" "http"://"localhost:5034""""/api/Product""" - "application/json" 212 (d509f86a)
2024-05-14T21:38:03.1485785-03:00 0HN3KESLQT4MC:00000001 [INF] Executing endpoint '"APITrabalhoFinal.Controllers.ProductController.Insert (APITrabalhoFinal)"' (500cc934)
2024-05-14T21:38:03.1720510-03:00 0HN3KESLQT4MC:00000001 [INF] Route matched with "{action = \"Insert\", controller = \"Product\"}". Executing controller action with signature "Microsoft.AspNetCore.Mvc.ActionResult`1[APITrabalhoFinal.BaseDeDados.Models.TbProduct] Insert(APITrabalhoFinal.Services.DTOs.ProductDTO)" on controller "APITrabalhoFinal.Controllers.ProductController" ("APITrabalhoFinal"). (122b2fdf)
2024-05-14T21:38:04.3859802-03:00 0HN3KESLQT4MC:00000001 [ERR] Failed executing DbCommand ("66"ms) [Parameters=["@p0='?' (DbType = Int32), @p1='?', @p2='?', @p3='?' (DbType = Decimal), @p4='?', @p5='?' (DbType = Decimal), @p6='?' (DbType = Int32)"], CommandType='Text', CommandTimeout='30']"
""INSERT INTO tb_products (id, barcode, barcodetype, costprice, description, price, stock)
VALUES (@p0, @p1, @p2, @p3, @p4, @p5, @p6);" (627a98df)
2024-05-14T21:39:38.9629322-03:00  [INF] Now listening on: "http://localhost:5034" (d826f4b8)
2024-05-14T21:39:38.9708089-03:00  [INF] Application started. Press Ctrl+C to shut down. (dcaefe54)
2024-05-14T21:39:38.9735288-03:00  [INF] Hosting environment: "Development" (bc5a1a4e)
2024-05-14T21:39:38.9754689-03:00  [INF] Content root path: "C:\Users\João\source\repos\APITrabalhoFinal\APITrabalhoFinal" (cc26f24e)
2024-05-14T21:39:39.5185177-03:00 0HN3KEU0BVQN9:00000001 [INF] Request starting "HTTP/1.1" "GET" "http"://"localhost:5034""""/swagger/index.html""" - null null (d509f86a)
2024-05-14T21:39:39.8307358-03:00 0HN3KEU0BVQN9:00000001 [INF] Request finished "HTTP/1.1" "GET" "http"://"localhost:5034""""/swagger/index.html""" - 200 null "text/html;charset=utf-8" 321.1784ms (74253ad3)
2024-05-14T21:39:39.8541905-03:00 0HN3KEU0BVQN9:00000002 [INF] Request starting "HTTP/1.1" "GET" "http"://"localhost:5034""""/_framework/aspnetcore-browser-refresh.js""" - null null (d509f86a)
2024-05-14T21:39:39.8545584-03:00 0HN3KEU0BVQNA:00000001 [INF] Request starting "HTTP/1.1" "GET" "http"://"localhost:5034""""/_vs/browserLink""" - null null (d509f86a)
2024-05-14T21:39:39.8563824-03:00 0HN3KEU0BVQN9:00000002 [INF] Request finished "HTTP/1.1" "GET" "http"://"localhost:5034""""/_framework/aspnetcore-browser-refresh.js""" - 200 13768 "application/javascript; charset=utf-8" 2.2778ms (74253ad3)
2024-05-14T21:39:39.8871639-03:00 0HN3KEU0BVQNA:00000001 [INF] Request finished "HTTP/1.1" "GET" "http"://"localhost:5034""""/_vs/browserLink""" - 200 null "text/javascript; charset=UTF-8" 32.6263ms (74253ad3)
2024-05-14T21:39:40.0444995-03:00 0HN3KEU0BVQNA:00000002 [INF] Request starting "HTTP/1.1" "GET" "http"://"localhost:5034""""/swagger/v1/swagger.json""" - null null (d509f86a)
2024-05-14T21:39:40.2357032-03:00 0HN3KEU0BVQNA:00000002 [INF] Request finished "HTTP/1.1" "GET" "http"://"localhost:5034""""/swagger/v1/swagger.json""" - 200 null "application/json;charset=utf-8" 191.2504ms (74253ad3)
2024-05-14T21:39:46.8931882-03:00 0HN3KEU0BVQNB:00000001 [INF] Request starting "HTTP/1.1" "POST" "http"://"localhost:5034""""/api/Product""" - "application/json" 201 (d509f86a)
2024-05-14T21:39:46.9000426-03:00 0HN3KEU0BVQNB:00000001 [INF] Executing endpoint '"APITrabalhoFinal.Controllers.ProductController.Insert (APITrabalhoFinal)"' (500cc934)
2024-05-14T21:39:46.9284204-03:00 0HN3KEU0BVQNB:00000001 [INF] Route matched with "{action = \"Insert\", controller = \"Product\"}". Executing controller action with signature "Microsoft.AspNetCore.Mvc.ActionResult`1[APITrabalhoFinal.BaseDeDados.Models.TbProduct] Insert(APITrabalhoFinal.Services.DTOs.ProductDTO)" on controller "APITrabalhoFinal.Controllers.ProductController" ("APITrabalhoFinal"). (122b2fdf)
2024-05-14T21:39:48.2041465-03:00 0HN3KEU0BVQNB:00000001 [ERR] Failed executing DbCommand ("60"ms) [Parameters=["@p0='?', @p1='?', @p2='?' (DbType = Decimal), @p3='?', @p4='?' (DbType = Decimal), @p5='?' (DbType = Int32)"], CommandType='Text', CommandTimeout='30']"
""INSERT INTO tb_products (barcode, barcodetype, costprice, description, price, stock)
VALUES (@p0, @p1, @p2, @p3, @p4, @p5)
RETURNING id;" (627a98df)
2024-05-14T21:42:26.1039074-03:00  [INF] Now listening on: "http://localhost:5034" (d826f4b8)
2024-05-14T21:42:26.1107528-03:00  [INF] Application started. Press Ctrl+C to shut down. (dcaefe54)
2024-05-14T21:42:26.1133661-03:00  [INF] Hosting environment: "Development" (bc5a1a4e)
2024-05-14T21:42:26.1153159-03:00  [INF] Content root path: "C:\Users\João\source\repos\APITrabalhoFinal\APITrabalhoFinal" (cc26f24e)
2024-05-14T21:42:26.8331793-03:00 0HN3KEVI9GTJB:00000001 [INF] Request starting "HTTP/1.1" "GET" "http"://"localhost:5034""""/swagger/index.html""" - null null (d509f86a)
2024-05-14T21:42:27.1549603-03:00 0HN3KEVI9GTJB:00000001 [INF] Request finished "HTTP/1.1" "GET" "http"://"localhost:5034""""/swagger/index.html""" - 200 null "text/html;charset=utf-8" 330.3035ms (74253ad3)
2024-05-14T21:42:27.1584261-03:00 0HN3KEVI9GTJB:00000002 [INF] Request starting "HTTP/1.1" "GET" "http"://"localhost:5034""""/_framework/aspnetcore-browser-refresh.js""" - null null (d509f86a)
2024-05-14T21:42:27.1584264-03:00 0HN3KEVI9GTJC:00000001 [INF] Request starting "HTTP/1.1" "GET" "http"://"localhost:5034""""/_vs/browserLink""" - null null (d509f86a)
2024-05-14T21:42:27.1610948-03:00 0HN3KEVI9GTJB:00000002 [INF] Request finished "HTTP/1.1" "GET" "http"://"localhost:5034""""/_framework/aspnetcore-browser-refresh.js""" - 200 13768 "application/javascript; charset=utf-8" 2.6172ms (74253ad3)
2024-05-14T21:42:27.1919092-03:00 0HN3KEVI9GTJC:00000001 [INF] Request finished "HTTP/1.1" "GET" "http"://"localhost:5034""""/_vs/browserLink""" - 200 null "text/javascript; charset=UTF-8" 33.7648ms (74253ad3)
2024-05-14T21:42:27.2747216-03:00 0HN3KEVI9GTJC:00000002 [INF] Request starting "HTTP/1.1" "GET" "http"://"localhost:5034""""/swagger/v1/swagger.json""" - null null (d509f86a)
2024-05-14T21:42:27.4177645-03:00 0HN3KEVI9GTJC:00000002 [INF] Request finished "HTTP/1.1" "GET" "http"://"localhost:5034""""/swagger/v1/swagger.json""" - 200 null "application/json;charset=utf-8" 143.0917ms (74253ad3)
2024-05-14T21:42:42.9276871-03:00  [INF] Now listening on: "http://localhost:5034" (d826f4b8)
2024-05-14T21:42:42.9405716-03:00  [INF] Application started. Press Ctrl+C to shut down. (dcaefe54)
2024-05-14T21:42:42.9494500-03:00  [INF] Hosting environment: "Development" (bc5a1a4e)
2024-05-14T21:42:42.9514950-03:00  [INF] Content root path: "C:\Users\João\source\repos\APITrabalhoFinal\APITrabalhoFinal" (cc26f24e)
2024-05-14T21:42:43.5739847-03:00 0HN3KEVN8UNU2:00000001 [INF] Request starting "HTTP/1.1" "GET" "http"://"localhost:5034""""/swagger/index.html""" - null null (d509f86a)
2024-05-14T21:42:43.9039600-03:00 0HN3KEVN8UNU2:00000001 [INF] Request finished "HTTP/1.1" "GET" "http"://"localhost:5034""""/swagger/index.html""" - 200 null "text/html;charset=utf-8" 335.944ms (74253ad3)
2024-05-14T21:42:43.9102660-03:00 0HN3KEVN8UNU3:00000001 [INF] Request starting "HTTP/1.1" "GET" "http"://"localhost:5034""""/_framework/aspnetcore-browser-refresh.js""" - null null (d509f86a)
2024-05-14T21:42:43.9102661-03:00 0HN3KEVN8UNU2:00000002 [INF] Request starting "HTTP/1.1" "GET" "http"://"localhost:5034""""/_vs/browserLink""" - null null (d509f86a)
2024-05-14T21:42:43.9137677-03:00 0HN3KEVN8UNU3:00000001 [INF] Request finished "HTTP/1.1" "GET" "http"://"localhost:5034""""/_framework/aspnetcore-browser-refresh.js""" - 200 13768 "application/javascript; charset=utf-8" 3.5333ms (74253ad3)
2024-05-14T21:42:43.9514356-03:00 0HN3KEVN8UNU2:00000002 [INF] Request finished "HTTP/1.1" "GET" "http"://"localhost:5034""""/_vs/browserLink""" - 200 null "text/javascript; charset=UTF-8" 41.3147ms (74253ad3)
2024-05-14T21:42:44.0292353-03:00 0HN3KEVN8UNU2:00000003 [INF] Request starting "HTTP/1.1" "GET" "http"://"localhost:5034""""/swagger/v1/swagger.json""" - null null (d509f86a)
2024-05-14T21:42:44.1757874-03:00 0HN3KEVN8UNU2:00000003 [INF] Request finished "HTTP/1.1" "GET" "http"://"localhost:5034""""/swagger/v1/swagger.json""" - 200 null "application/json;charset=utf-8" 146.6321ms (74253ad3)
2024-05-14T21:42:58.6899061-03:00 0HN3KEVN8UNU4:00000001 [INF] Request starting "HTTP/1.1" "POST" "http"://"localhost:5034""""/api/Product""" - "application/json" 201 (d509f86a)
2024-05-14T21:42:58.6986154-03:00 0HN3KEVN8UNU4:00000001 [INF] Executing endpoint '"APITrabalhoFinal.Controllers.ProductController.Insert (APITrabalhoFinal)"' (500cc934)
2024-05-14T21:42:58.7279839-03:00 0HN3KEVN8UNU4:00000001 [INF] Route matched with "{action = \"Insert\", controller = \"Product\"}". Executing controller action with signature "Microsoft.AspNetCore.Mvc.ActionResult`1[APITrabalhoFinal.BaseDeDados.Models.TbProduct] Insert(APITrabalhoFinal.Services.DTOs.ProductDTO)" on controller "APITrabalhoFinal.Controllers.ProductController" ("APITrabalhoFinal"). (122b2fdf)
2024-05-14T21:42:59.9849031-03:00 0HN3KEVN8UNU4:00000001 [ERR] Failed executing DbCommand ("63"ms) [Parameters=["@p0='?', @p1='?', @p2='?' (DbType = Decimal), @p3='?', @p4='?' (DbType = Decimal), @p5='?' (DbType = Int32)"], CommandType='Text', CommandTimeout='30']"
""INSERT INTO tb_products (barcode, barcodetype, costprice, description, price, stock)
VALUES (@p0, @p1, @p2, @p3, @p4, @p5)
RETURNING id;" (627a98df)
2024-05-14T21:44:18.4795147-03:00  [INF] Now listening on: "http://localhost:5034" (d826f4b8)
2024-05-14T21:44:18.4866346-03:00  [INF] Application started. Press Ctrl+C to shut down. (dcaefe54)
2024-05-14T21:44:18.4897977-03:00  [INF] Hosting environment: "Development" (bc5a1a4e)
2024-05-14T21:44:18.5303109-03:00  [INF] Content root path: "C:\Users\João\source\repos\APITrabalhoFinal\APITrabalhoFinal" (cc26f24e)
2024-05-14T21:44:19.0870559-03:00 0HN3KF0JNMEED:00000001 [INF] Request starting "HTTP/1.1" "GET" "http"://"localhost:5034""""/swagger/index.html""" - null null (d509f86a)
2024-05-14T21:44:19.4176470-03:00 0HN3KF0JNMEED:00000001 [INF] Request finished "HTTP/1.1" "GET" "http"://"localhost:5034""""/swagger/index.html""" - 200 null "text/html;charset=utf-8" 337.6447ms (74253ad3)
2024-05-14T21:44:19.4240487-03:00 0HN3KF0JNMEED:00000002 [INF] Request starting "HTTP/1.1" "GET" "http"://"localhost:5034""""/_framework/aspnetcore-browser-refresh.js""" - null null (d509f86a)
2024-05-14T21:44:19.4240485-03:00 0HN3KF0JNMEEE:00000001 [INF] Request starting "HTTP/1.1" "GET" "http"://"localhost:5034""""/_vs/browserLink""" - null null (d509f86a)
2024-05-14T21:44:19.4263669-03:00 0HN3KF0JNMEED:00000002 [INF] Request finished "HTTP/1.1" "GET" "http"://"localhost:5034""""/_framework/aspnetcore-browser-refresh.js""" - 200 13768 "application/javascript; charset=utf-8" 2.3508ms (74253ad3)
2024-05-14T21:44:19.4619476-03:00 0HN3KF0JNMEEE:00000001 [INF] Request finished "HTTP/1.1" "GET" "http"://"localhost:5034""""/_vs/browserLink""" - 200 null "text/javascript; charset=UTF-8" 38.0546ms (74253ad3)
2024-05-14T21:44:19.5398915-03:00 0HN3KF0JNMEEF:00000001 [INF] Request starting "HTTP/1.1" "GET" "http"://"localhost:5034""""/swagger/v1/swagger.json""" - null null (d509f86a)
2024-05-14T21:44:19.7130720-03:00 0HN3KF0JNMEEF:00000001 [INF] Request finished "HTTP/1.1" "GET" "http"://"localhost:5034""""/swagger/v1/swagger.json""" - 200 null "application/json;charset=utf-8" 173.2302ms (74253ad3)
2024-05-14T21:44:42.9296796-03:00 0HN3KF0JNMEEG:00000001 [INF] Request starting "HTTP/1.1" "POST" "http"://"localhost:5034""""/api/Product""" - "application/json" 170 (d509f86a)
2024-05-14T21:44:42.9397940-03:00 0HN3KF0JNMEEG:00000001 [INF] Executing endpoint '"APITrabalhoFinal.Controllers.ProductController.Insert (APITrabalhoFinal)"' (500cc934)
2024-05-14T21:44:42.9673686-03:00 0HN3KF0JNMEEG:00000001 [INF] Route matched with "{action = \"Insert\", controller = \"Product\"}". Executing controller action with signature "Microsoft.AspNetCore.Mvc.ActionResult`1[APITrabalhoFinal.BaseDeDados.Models.TbProduct] Insert(APITrabalhoFinal.Services.DTOs.ProductDTO)" on controller "APITrabalhoFinal.Controllers.ProductController" ("APITrabalhoFinal"). (122b2fdf)
2024-05-14T21:44:44.2233235-03:00 0HN3KF0JNMEEG:00000001 [INF] Executed DbCommand ("55"ms) [Parameters=["@p0='?', @p1='?', @p2='?' (DbType = Decimal), @p3='?', @p4='?' (DbType = Decimal), @p5='?' (DbType = Int32)"], CommandType='Text', CommandTimeout='30']"
""INSERT INTO tb_products (barcode, barcodetype, costprice, description, price, stock)
VALUES (@p0, @p1, @p2, @p3, @p4, @p5)
RETURNING id;" (0723d8ff)
2024-05-14T21:44:44.2581740-03:00 0HN3KF0JNMEEG:00000001 [INF] Executing "OkObjectResult", writing value of type '"APITrabalhoFinal.BaseDeDados.Models.TbProduct"'. (605b4265)
2024-05-14T21:44:44.2725094-03:00 0HN3KF0JNMEEG:00000001 [INF] Executed action "APITrabalhoFinal.Controllers.ProductController.Insert (APITrabalhoFinal)" in 1302.1706ms (afa2e885)
2024-05-14T21:44:44.2726294-03:00 0HN3KF0JNMEEG:00000001 [INF] Executed endpoint '"APITrabalhoFinal.Controllers.ProductController.Insert (APITrabalhoFinal)"' (99874f2b)
2024-05-14T21:44:44.2782699-03:00 0HN3KF0JNMEEG:00000001 [INF] Request finished "HTTP/1.1" "POST" "http"://"localhost:5034""""/api/Product""" - 200 null "application/json; charset=utf-8" 1348.6584ms (74253ad3)
2024-05-14T21:45:31.8279900-03:00 0HN3KF0JNMEEH:00000001 [INF] Request starting "HTTP/1.1" "POST" "http"://"localhost:5034""""/api/Product""" - "application/json" 170 (d509f86a)
2024-05-14T21:45:31.8295227-03:00 0HN3KF0JNMEEH:00000001 [INF] Executing endpoint '"APITrabalhoFinal.Controllers.ProductController.Insert (APITrabalhoFinal)"' (500cc934)
2024-05-14T21:45:31.8298018-03:00 0HN3KF0JNMEEH:00000001 [INF] Route matched with "{action = \"Insert\", controller = \"Product\"}". Executing controller action with signature "Microsoft.AspNetCore.Mvc.ActionResult`1[APITrabalhoFinal.BaseDeDados.Models.TbProduct] Insert(APITrabalhoFinal.Services.DTOs.ProductDTO)" on controller "APITrabalhoFinal.Controllers.ProductController" ("APITrabalhoFinal"). (122b2fdf)
2024-05-14T21:45:31.8780628-03:00 0HN3KF0JNMEEH:00000001 [INF] Executed DbCommand ("2"ms) [Parameters=["@p0='?', @p1='?', @p2='?' (DbType = Decimal), @p3='?', @p4='?' (DbType = Decimal), @p5='?' (DbType = Int32)"], CommandType='Text', CommandTimeout='30']"
""INSERT INTO tb_products (barcode, barcodetype, costprice, description, price, stock)
VALUES (@p0, @p1, @p2, @p3, @p4, @p5)
RETURNING id;" (0723d8ff)
2024-05-14T21:45:31.8788513-03:00 0HN3KF0JNMEEH:00000001 [INF] Executing "OkObjectResult", writing value of type '"APITrabalhoFinal.BaseDeDados.Models.TbProduct"'. (605b4265)
2024-05-14T21:45:31.8790838-03:00 0HN3KF0JNMEEH:00000001 [INF] Executed action "APITrabalhoFinal.Controllers.ProductController.Insert (APITrabalhoFinal)" in 49.2341ms (afa2e885)
2024-05-14T21:45:31.8791104-03:00 0HN3KF0JNMEEH:00000001 [INF] Executed endpoint '"APITrabalhoFinal.Controllers.ProductController.Insert (APITrabalhoFinal)"' (99874f2b)
2024-05-14T21:45:31.8792424-03:00 0HN3KF0JNMEEH:00000001 [INF] Request finished "HTTP/1.1" "POST" "http"://"localhost:5034""""/api/Product""" - 200 null "application/json; charset=utf-8" 54.7521ms (74253ad3)
2024-05-14T21:46:05.5708566-03:00 0HN3KF0JNMEEI:00000001 [INF] Request starting "HTTP/1.1" "GET" "http"://"localhost:5034""""/api/Product""" - null null (d509f86a)
2024-05-14T21:46:05.5755001-03:00 0HN3KF0JNMEEI:00000001 [INF] Executing endpoint '"APITrabalhoFinal.Controllers.ProductController.Get (APITrabalhoFinal)"' (500cc934)
2024-05-14T21:46:05.5778596-03:00 0HN3KF0JNMEEI:00000001 [INF] Route matched with "{action = \"Get\", controller = \"Product\"}". Executing controller action with signature "Microsoft.AspNetCore.Mvc.ActionResult`1[APITrabalhoFinal.BaseDeDados.Models.TbProduct] Get()" on controller "APITrabalhoFinal.Controllers.ProductController" ("APITrabalhoFinal"). (122b2fdf)
2024-05-14T21:46:05.9478608-03:00 0HN3KF0JNMEEI:00000001 [INF] Executed DbCommand ("1"ms) [Parameters=[""], CommandType='Text', CommandTimeout='30']"
""SELECT t.id, t.barcode, t.barcodetype, t.costprice, t.description, t.price, t.stock
FROM tb_products AS t" (0723d8ff)
2024-05-14T21:46:05.9576880-03:00 0HN3KF0JNMEEI:00000001 [INF] Executing "OkObjectResult", writing value of type '"System.Collections.Generic.List`1[[APITrabalhoFinal.BaseDeDados.Models.TbProduct, APITrabalhoFinal, Version=1.0.0.0, Culture=neutral, PublicKeyToken=null]]"'. (605b4265)
2024-05-14T21:46:05.9584667-03:00 0HN3KF0JNMEEI:00000001 [INF] Executed action "APITrabalhoFinal.Controllers.ProductController.Get (APITrabalhoFinal)" in 380.5227ms (afa2e885)
2024-05-14T21:46:05.9585172-03:00 0HN3KF0JNMEEI:00000001 [INF] Executed endpoint '"APITrabalhoFinal.Controllers.ProductController.Get (APITrabalhoFinal)"' (99874f2b)
2024-05-14T21:46:05.9586477-03:00 0HN3KF0JNMEEI:00000001 [INF] Request finished "HTTP/1.1" "GET" "http"://"localhost:5034""""/api/Product""" - 200 null "application/json; charset=utf-8" 387.9367ms (74253ad3)
2024-05-14T21:46:40.5480992-03:00 0HN3KF0JNMEEJ:00000001 [INF] Request starting "HTTP/1.1" "GET" "http"://"localhost:5034""""/api/Product/1""" - null null (d509f86a)
2024-05-14T21:46:40.5483932-03:00 0HN3KF0JNMEEJ:00000001 [INF] Executing endpoint '"APITrabalhoFinal.Controllers.ProductController.GetById (APITrabalhoFinal)"' (500cc934)
2024-05-14T21:46:40.5509864-03:00 0HN3KF0JNMEEJ:00000001 [INF] Route matched with "{action = \"GetById\", controller = \"Product\"}". Executing controller action with signature "Microsoft.AspNetCore.Mvc.ActionResult`1[APITrabalhoFinal.BaseDeDados.Models.TbProduct] GetById(Int32)" on controller "APITrabalhoFinal.Controllers.ProductController" ("APITrabalhoFinal"). (122b2fdf)
2024-05-14T21:46:40.6362613-03:00 0HN3KF0JNMEEJ:00000001 [INF] Executed DbCommand ("2"ms) [Parameters=["@__id_0='?' (DbType = Int32)"], CommandType='Text', CommandTimeout='30']"
""SELECT t.id, t.barcode, t.barcodetype, t.costprice, t.description, t.price, t.stock
FROM tb_products AS t
WHERE t.id = @__id_0
LIMIT 1" (0723d8ff)
2024-05-14T21:46:40.6367736-03:00 0HN3KF0JNMEEJ:00000001 [INF] Executing "OkObjectResult", writing value of type '"APITrabalhoFinal.BaseDeDados.Models.TbProduct"'. (605b4265)
2024-05-14T21:46:40.6376049-03:00 0HN3KF0JNMEEJ:00000001 [INF] Executed action "APITrabalhoFinal.Controllers.ProductController.GetById (APITrabalhoFinal)" in 86.5672ms (afa2e885)
2024-05-14T21:46:40.6376477-03:00 0HN3KF0JNMEEJ:00000001 [INF] Executed endpoint '"APITrabalhoFinal.Controllers.ProductController.GetById (APITrabalhoFinal)"' (99874f2b)
2024-05-14T21:46:40.6377870-03:00 0HN3KF0JNMEEJ:00000001 [INF] Request finished "HTTP/1.1" "GET" "http"://"localhost:5034""""/api/Product/1""" - 200 null "application/json; charset=utf-8" 89.7432ms (74253ad3)
2024-05-14T21:46:45.0948708-03:00 0HN3KF0JNMEEJ:00000002 [INF] Request starting "HTTP/1.1" "GET" "http"://"localhost:5034""""/api/Product/2""" - null null (d509f86a)
2024-05-14T21:46:45.0951246-03:00 0HN3KF0JNMEEJ:00000002 [INF] Executing endpoint '"APITrabalhoFinal.Controllers.ProductController.GetById (APITrabalhoFinal)"' (500cc934)
2024-05-14T21:46:45.0952005-03:00 0HN3KF0JNMEEJ:00000002 [INF] Route matched with "{action = \"GetById\", controller = \"Product\"}". Executing controller action with signature "Microsoft.AspNetCore.Mvc.ActionResult`1[APITrabalhoFinal.BaseDeDados.Models.TbProduct] GetById(Int32)" on controller "APITrabalhoFinal.Controllers.ProductController" ("APITrabalhoFinal"). (122b2fdf)
2024-05-14T21:46:45.1055165-03:00 0HN3KF0JNMEEJ:00000002 [INF] Executed DbCommand ("1"ms) [Parameters=["@__id_0='?' (DbType = Int32)"], CommandType='Text', CommandTimeout='30']"
""SELECT t.id, t.barcode, t.barcodetype, t.costprice, t.description, t.price, t.stock
FROM tb_products AS t
WHERE t.id = @__id_0
LIMIT 1" (0723d8ff)
2024-05-14T21:46:45.1061142-03:00 0HN3KF0JNMEEJ:00000002 [INF] Executing "OkObjectResult", writing value of type '"APITrabalhoFinal.BaseDeDados.Models.TbProduct"'. (605b4265)
2024-05-14T21:46:45.1063108-03:00 0HN3KF0JNMEEJ:00000002 [INF] Executed action "APITrabalhoFinal.Controllers.ProductController.GetById (APITrabalhoFinal)" in 11.084ms (afa2e885)
2024-05-14T21:46:45.1063955-03:00 0HN3KF0JNMEEJ:00000002 [INF] Executed endpoint '"APITrabalhoFinal.Controllers.ProductController.GetById (APITrabalhoFinal)"' (99874f2b)
2024-05-14T21:46:45.1065406-03:00 0HN3KF0JNMEEJ:00000002 [INF] Request finished "HTTP/1.1" "GET" "http"://"localhost:5034""""/api/Product/2""" - 200 null "application/json; charset=utf-8" 11.698ms (74253ad3)
2024-05-14T21:46:51.9190479-03:00 0HN3KF0JNMEEK:00000001 [INF] Request starting "HTTP/1.1" "DELETE" "http"://"localhost:5034""""/api/Product/2""" - null null (d509f86a)
2024-05-14T21:46:51.9192037-03:00 0HN3KF0JNMEEK:00000001 [INF] Executing endpoint '"APITrabalhoFinal.Controllers.ProductController.Delete (APITrabalhoFinal)"' (500cc934)
2024-05-14T21:46:51.9212122-03:00 0HN3KF0JNMEEK:00000001 [INF] Route matched with "{action = \"Delete\", controller = \"Product\"}". Executing controller action with signature "Microsoft.AspNetCore.Mvc.ActionResult`1[APITrabalhoFinal.BaseDeDados.Models.TbProduct] Delete(Int32)" on controller "APITrabalhoFinal.Controllers.ProductController" ("APITrabalhoFinal"). (122b2fdf)
2024-05-14T21:46:51.9274357-03:00 0HN3KF0JNMEEK:00000001 [INF] Executed DbCommand ("1"ms) [Parameters=["@__id_0='?' (DbType = Int32)"], CommandType='Text', CommandTimeout='30']"
""SELECT t.id, t.barcode, t.barcodetype, t.costprice, t.description, t.price, t.stock
FROM tb_products AS t
WHERE t.id = @__id_0
LIMIT 1" (0723d8ff)
2024-05-14T21:46:51.9511128-03:00 0HN3KF0JNMEEK:00000001 [INF] Executed DbCommand ("13"ms) [Parameters=["@p0='?' (DbType = Int32)"], CommandType='Text', CommandTimeout='30']"
""DELETE FROM tb_products
WHERE id = @p0;" (0723d8ff)
2024-05-14T21:46:51.9557072-03:00 0HN3KF0JNMEEK:00000001 [INF] Executing StatusCodeResult, setting HTTP status code 204 (3fe03d2f)
2024-05-14T21:46:51.9558437-03:00 0HN3KF0JNMEEK:00000001 [INF] Executed action "APITrabalhoFinal.Controllers.ProductController.Delete (APITrabalhoFinal)" in 34.5778ms (afa2e885)
2024-05-14T21:46:51.9558744-03:00 0HN3KF0JNMEEK:00000001 [INF] Executed endpoint '"APITrabalhoFinal.Controllers.ProductController.Delete (APITrabalhoFinal)"' (99874f2b)
2024-05-14T21:46:51.9561211-03:00 0HN3KF0JNMEEK:00000001 [INF] Request finished "HTTP/1.1" "DELETE" "http"://"localhost:5034""""/api/Product/2""" - 204 null null 37.1157ms (74253ad3)
2024-05-14T21:47:10.0652151-03:00 0HN3KF0JNMEEL:00000001 [INF] Request starting "HTTP/1.1" "GET" "http"://"localhost:5034""""/api/Product""" - null null (d509f86a)
2024-05-14T21:47:10.0654111-03:00 0HN3KF0JNMEEL:00000001 [INF] Executing endpoint '"APITrabalhoFinal.Controllers.ProductController.Get (APITrabalhoFinal)"' (500cc934)
2024-05-14T21:47:10.0654909-03:00 0HN3KF0JNMEEL:00000001 [INF] Route matched with "{action = \"Get\", controller = \"Product\"}". Executing controller action with signature "Microsoft.AspNetCore.Mvc.ActionResult`1[APITrabalhoFinal.BaseDeDados.Models.TbProduct] Get()" on controller "APITrabalhoFinal.Controllers.ProductController" ("APITrabalhoFinal"). (122b2fdf)
2024-05-14T21:47:10.0687542-03:00 0HN3KF0JNMEEL:00000001 [INF] Executed DbCommand ("1"ms) [Parameters=[""], CommandType='Text', CommandTimeout='30']"
""SELECT t.id, t.barcode, t.barcodetype, t.costprice, t.description, t.price, t.stock
FROM tb_products AS t" (0723d8ff)
2024-05-14T21:47:10.0691923-03:00 0HN3KF0JNMEEL:00000001 [INF] Executing "OkObjectResult", writing value of type '"System.Collections.Generic.List`1[[APITrabalhoFinal.BaseDeDados.Models.TbProduct, APITrabalhoFinal, Version=1.0.0.0, Culture=neutral, PublicKeyToken=null]]"'. (605b4265)
2024-05-14T21:47:10.0694223-03:00 0HN3KF0JNMEEL:00000001 [INF] Executed action "APITrabalhoFinal.Controllers.ProductController.Get (APITrabalhoFinal)" in 3.8546ms (afa2e885)
2024-05-14T21:47:10.0694525-03:00 0HN3KF0JNMEEL:00000001 [INF] Executed endpoint '"APITrabalhoFinal.Controllers.ProductController.Get (APITrabalhoFinal)"' (99874f2b)
2024-05-14T21:47:10.0696044-03:00 0HN3KF0JNMEEL:00000001 [INF] Request finished "HTTP/1.1" "GET" "http"://"localhost:5034""""/api/Product""" - 200 null "application/json; charset=utf-8" 4.3634ms (74253ad3)
2024-05-14T21:47:49.4208811-03:00 0HN3KF0JNMEEM:00000001 [INF] Request starting "HTTP/1.1" "PUT" "http"://"localhost:5034""""/api/Product/1""" - "application/json" 169 (d509f86a)
2024-05-14T21:47:49.4211135-03:00 0HN3KF0JNMEEM:00000001 [INF] Executing endpoint '"APITrabalhoFinal.Controllers.ProductController.Update (APITrabalhoFinal)"' (500cc934)
2024-05-14T21:47:49.4272593-03:00 0HN3KF0JNMEEM:00000001 [INF] Route matched with "{action = \"Update\", controller = \"Product\"}". Executing controller action with signature "Microsoft.AspNetCore.Mvc.ActionResult`1[APITrabalhoFinal.BaseDeDados.Models.TbProduct] Update(Int32, APITrabalhoFinal.Services.DTOs.ProductDTO)" on controller "APITrabalhoFinal.Controllers.ProductController" ("APITrabalhoFinal"). (122b2fdf)
2024-05-14T21:47:49.4318615-03:00 0HN3KF0JNMEEM:00000001 [INF] Executed DbCommand ("1"ms) [Parameters=["@__id_0='?' (DbType = Int32)"], CommandType='Text', CommandTimeout='30']"
""SELECT t.id, t.barcode, t.barcodetype, t.costprice, t.description, t.price, t.stock
FROM tb_products AS t
WHERE t.id = @__id_0
LIMIT 1" (0723d8ff)
2024-05-14T21:47:49.4352465-03:00 0HN3KF0JNMEEM:00000001 [INF] Executed DbCommand ("1"ms) [Parameters=["@__id_0='?' (DbType = Int32)"], CommandType='Text', CommandTimeout='30']"
""SELECT t.id, t.barcode, t.barcodetype, t.costprice, t.description, t.price, t.stock
FROM tb_products AS t
WHERE t.id = @__id_0
LIMIT 1" (0723d8ff)
2024-05-14T21:47:49.4415133-03:00 0HN3KF0JNMEEM:00000001 [INF] Executed DbCommand ("1"ms) [Parameters=["@p6='?' (DbType = Int32), @p0='?', @p1='?', @p2='?' (DbType = Decimal), @p3='?', @p4='?' (DbType = Decimal), @p5='?' (DbType = Int32)"], CommandType='Text', CommandTimeout='30']"
""UPDATE tb_products SET barcode = @p0, barcodetype = @p1, costprice = @p2, description = @p3, price = @p4, stock = @p5
WHERE id = @p6;" (0723d8ff)
2024-05-14T21:47:49.4419088-03:00 0HN3KF0JNMEEM:00000001 [INF] Executing "OkObjectResult", writing value of type '"APITrabalhoFinal.BaseDeDados.Models.TbProduct"'. (605b4265)
2024-05-14T21:47:49.4421583-03:00 0HN3KF0JNMEEM:00000001 [INF] Executed action "APITrabalhoFinal.Controllers.ProductController.Update (APITrabalhoFinal)" in 14.8519ms (afa2e885)
2024-05-14T21:47:49.4421957-03:00 0HN3KF0JNMEEM:00000001 [INF] Executed endpoint '"APITrabalhoFinal.Controllers.ProductController.Update (APITrabalhoFinal)"' (99874f2b)
2024-05-14T21:47:49.4423278-03:00 0HN3KF0JNMEEM:00000001 [INF] Request finished "HTTP/1.1" "PUT" "http"://"localhost:5034""""/api/Product/1""" - 200 null "application/json; charset=utf-8" 21.5422ms (74253ad3)
2024-05-14T21:47:54.5084302-03:00 0HN3KF0JNMEEN:00000001 [INF] Request starting "HTTP/1.1" "GET" "http"://"localhost:5034""""/api/Product""" - null null (d509f86a)
2024-05-14T21:47:54.5086012-03:00 0HN3KF0JNMEEN:00000001 [INF] Executing endpoint '"APITrabalhoFinal.Controllers.ProductController.Get (APITrabalhoFinal)"' (500cc934)
2024-05-14T21:47:54.5086682-03:00 0HN3KF0JNMEEN:00000001 [INF] Route matched with "{action = \"Get\", controller = \"Product\"}". Executing controller action with signature "Microsoft.AspNetCore.Mvc.ActionResult`1[APITrabalhoFinal.BaseDeDados.Models.TbProduct] Get()" on controller "APITrabalhoFinal.Controllers.ProductController" ("APITrabalhoFinal"). (122b2fdf)
2024-05-14T21:47:54.5115857-03:00 0HN3KF0JNMEEN:00000001 [INF] Executed DbCommand ("1"ms) [Parameters=[""], CommandType='Text', CommandTimeout='30']"
""SELECT t.id, t.barcode, t.barcodetype, t.costprice, t.description, t.price, t.stock
FROM tb_products AS t" (0723d8ff)
2024-05-14T21:47:54.5119554-03:00 0HN3KF0JNMEEN:00000001 [INF] Executing "OkObjectResult", writing value of type '"System.Collections.Generic.List`1[[APITrabalhoFinal.BaseDeDados.Models.TbProduct, APITrabalhoFinal, Version=1.0.0.0, Culture=neutral, PublicKeyToken=null]]"'. (605b4265)
2024-05-14T21:47:54.5121720-03:00 0HN3KF0JNMEEN:00000001 [INF] Executed action "APITrabalhoFinal.Controllers.ProductController.Get (APITrabalhoFinal)" in 3.4844ms (afa2e885)
2024-05-14T21:47:54.5121996-03:00 0HN3KF0JNMEEN:00000001 [INF] Executed endpoint '"APITrabalhoFinal.Controllers.ProductController.Get (APITrabalhoFinal)"' (99874f2b)
2024-05-14T21:47:54.5122913-03:00 0HN3KF0JNMEEN:00000001 [INF] Request finished "HTTP/1.1" "GET" "http"://"localhost:5034""""/api/Product""" - 200 null "application/json; charset=utf-8" 3.9508ms (74253ad3)
