2024-05-22T19:20:02.7325512-03:00  [INF] Now listening on: "http://localhost:5034" (d826f4b8)
2024-05-22T19:20:02.7414113-03:00  [INF] Application started. Press Ctrl+C to shut down. (dcaefe54)
2024-05-22T19:20:02.7436785-03:00  [INF] Hosting environment: "Development" (bc5a1a4e)
2024-05-22T19:20:02.7454531-03:00  [INF] Content root path: "C:\Users\João\source\repos\APITrabalhoFinal\APITrabalhoFinal" (cc26f24e)
2024-05-22T19:20:04.0432938-03:00 0HN3QLL9MKLJ9:00000001 [INF] Request starting "HTTP/1.1" "GET" "http"://"localhost:5034""""/swagger/index.html""" - null null (d509f86a)
2024-05-22T19:20:04.6616484-03:00 0HN3QLL9MKLJ9:00000001 [INF] Request finished "HTTP/1.1" "GET" "http"://"localhost:5034""""/swagger/index.html""" - 200 null "text/html;charset=utf-8" 627.8093ms (74253ad3)
2024-05-22T19:20:04.6685955-03:00 0HN3QLL9MKLJ9:00000002 [INF] Request starting "HTTP/1.1" "GET" "http"://"localhost:5034""""/_framework/aspnetcore-browser-refresh.js""" - null null (d509f86a)
2024-05-22T19:20:04.6685994-03:00 0HN3QLL9MKLJA:00000001 [INF] Request starting "HTTP/1.1" "GET" "http"://"localhost:5034""""/_vs/browserLink""" - null null (d509f86a)
2024-05-22T19:20:04.6725580-03:00 0HN3QLL9MKLJ9:00000002 [INF] Request finished "HTTP/1.1" "GET" "http"://"localhost:5034""""/_framework/aspnetcore-browser-refresh.js""" - 200 13768 "application/javascript; charset=utf-8" 4.1277ms (74253ad3)
2024-05-22T19:20:04.7373725-03:00 0HN3QLL9MKLJA:00000001 [INF] Request finished "HTTP/1.1" "GET" "http"://"localhost:5034""""/_vs/browserLink""" - 200 null "text/javascript; charset=UTF-8" 68.7939ms (74253ad3)
2024-05-22T19:20:04.8244455-03:00 0HN3QLL9MKLJA:00000002 [INF] Request starting "HTTP/1.1" "GET" "http"://"localhost:5034""""/swagger/v1/swagger.json""" - null null (d509f86a)
2024-05-22T19:20:04.8915501-03:00 0HN3QLL9MKLJ9:00000003 [INF] Request starting "HTTP/1.1" "GET" "http"://"localhost:5034""""/swagger/favicon-32x32.png""" - null null (d509f86a)
2024-05-22T19:20:04.9168659-03:00 0HN3QLL9MKLJ9:00000003 [INF] Sending file. Request path: '"/favicon-32x32.png"'. Physical path: '"N/A"' (27b0a520)
2024-05-22T19:20:04.9173308-03:00 0HN3QLL9MKLJ9:00000003 [INF] Request finished "HTTP/1.1" "GET" "http"://"localhost:5034""""/swagger/favicon-32x32.png""" - 200 628 "image/png" 25.78ms (74253ad3)
2024-05-22T19:20:05.0157125-03:00 0HN3QLL9MKLJA:00000002 [INF] Request finished "HTTP/1.1" "GET" "http"://"localhost:5034""""/swagger/v1/swagger.json""" - 200 null "application/json;charset=utf-8" 191.3303ms (74253ad3)
2024-05-22T19:21:35.8008716-03:00 0HN3QLL9MKLJB:00000001 [INF] Request starting "HTTP/1.1" "GET" "http"://"localhost:5034""""/api/Product""" - null null (d509f86a)
2024-05-22T19:21:35.8104309-03:00 0HN3QLL9MKLJB:00000001 [INF] Executing endpoint '"APITrabalhoFinal.Controllers.ProductController.Get (APITrabalhoFinal)"' (500cc934)
2024-05-22T19:21:35.8331479-03:00 0HN3QLL9MKLJB:00000001 [INF] Route matched with "{action = \"Get\", controller = \"Product\"}". Executing controller action with signature "Microsoft.AspNetCore.Mvc.ActionResult`1[APITrabalhoFinal.DataBase.Models.TbProduct] Get()" on controller "APITrabalhoFinal.Controllers.ProductController" ("APITrabalhoFinal"). (122b2fdf)
2024-05-22T19:21:37.6551059-03:00 0HN3QLL9MKLJB:00000001 [INF] Executed DbCommand ("27"ms) [Parameters=[""], CommandType='Text', CommandTimeout='30']"
""SELECT t.id, t.barcode, t.barcodetype, t.costprice, t.description, t.price, t.stock
FROM tb_products AS t" (0723d8ff)
2024-05-22T19:21:37.7444086-03:00 0HN3QLL9MKLJB:00000001 [INF] Executing "OkObjectResult", writing value of type '"System.Collections.Generic.List`1[[APITrabalhoFinal.DataBase.Models.TbProduct, APITrabalhoFinal, Version=1.0.0.0, Culture=neutral, PublicKeyToken=null]]"'. (605b4265)
2024-05-22T19:21:37.7651243-03:00 0HN3QLL9MKLJB:00000001 [INF] Executed action "APITrabalhoFinal.Controllers.ProductController.Get (APITrabalhoFinal)" in 1929.0204ms (afa2e885)
2024-05-22T19:21:37.7652592-03:00 0HN3QLL9MKLJB:00000001 [INF] Executed endpoint '"APITrabalhoFinal.Controllers.ProductController.Get (APITrabalhoFinal)"' (99874f2b)
2024-05-22T19:21:37.7720282-03:00 0HN3QLL9MKLJB:00000001 [INF] Request finished "HTTP/1.1" "GET" "http"://"localhost:5034""""/api/Product""" - 200 null "application/json; charset=utf-8" 1971.2101ms (74253ad3)
2024-05-22T19:22:07.1495701-03:00 0HN3QLL9MKLJC:00000001 [INF] Request starting "HTTP/1.1" "GET" "http"://"localhost:5034""""/api/Product""" - null null (d509f86a)
2024-05-22T19:22:07.1539722-03:00 0HN3QLL9MKLJC:00000001 [INF] Executing endpoint '"APITrabalhoFinal.Controllers.ProductController.Get (APITrabalhoFinal)"' (500cc934)
2024-05-22T19:22:07.1549469-03:00 0HN3QLL9MKLJC:00000001 [INF] Route matched with "{action = \"Get\", controller = \"Product\"}". Executing controller action with signature "Microsoft.AspNetCore.Mvc.ActionResult`1[APITrabalhoFinal.DataBase.Models.TbProduct] Get()" on controller "APITrabalhoFinal.Controllers.ProductController" ("APITrabalhoFinal"). (122b2fdf)
2024-05-22T19:22:07.1840109-03:00 0HN3QLL9MKLJC:00000001 [INF] Executed DbCommand ("2"ms) [Parameters=[""], CommandType='Text', CommandTimeout='30']"
""SELECT t.id, t.barcode, t.barcodetype, t.costprice, t.description, t.price, t.stock
FROM tb_products AS t" (0723d8ff)
2024-05-22T19:22:07.1852069-03:00 0HN3QLL9MKLJC:00000001 [INF] Executing "OkObjectResult", writing value of type '"System.Collections.Generic.List`1[[APITrabalhoFinal.DataBase.Models.TbProduct, APITrabalhoFinal, Version=1.0.0.0, Culture=neutral, PublicKeyToken=null]]"'. (605b4265)
2024-05-22T19:22:07.1854602-03:00 0HN3QLL9MKLJC:00000001 [INF] Executed action "APITrabalhoFinal.Controllers.ProductController.Get (APITrabalhoFinal)" in 30.4186ms (afa2e885)
2024-05-22T19:22:07.1854947-03:00 0HN3QLL9MKLJC:00000001 [INF] Executed endpoint '"APITrabalhoFinal.Controllers.ProductController.Get (APITrabalhoFinal)"' (99874f2b)
2024-05-22T19:22:07.1856516-03:00 0HN3QLL9MKLJC:00000001 [INF] Request finished "HTTP/1.1" "GET" "http"://"localhost:5034""""/api/Product""" - 200 null "application/json; charset=utf-8" 38.7158ms (74253ad3)
2024-05-22T19:22:24.0351994-03:00 0HN3QLL9MKLJD:00000001 [INF] Request starting "HTTP/1.1" "GET" "http"://"localhost:5034""""/api/Product/barcode/{barcode}""" - null null (d509f86a)
2024-05-22T19:22:24.0360275-03:00 0HN3QLL9MKLJD:00000001 [INF] Executing endpoint '"APITrabalhoFinal.Controllers.ProductController.GetByBarCode (APITrabalhoFinal)"' (500cc934)
2024-05-22T19:22:24.0475839-03:00 0HN3QLL9MKLJD:00000001 [INF] Route matched with "{action = \"GetByBarCode\", controller = \"Product\"}". Executing controller action with signature "Microsoft.AspNetCore.Mvc.ActionResult`1[APITrabalhoFinal.DataBase.Models.TbProduct] GetByBarCode(System.String)" on controller "APITrabalhoFinal.Controllers.ProductController" ("APITrabalhoFinal"). (122b2fdf)
2024-05-22T19:22:24.2811807-03:00 0HN3QLL9MKLJD:00000001 [INF] Executed DbCommand ("16"ms) [Parameters=["@__lowerBarCode_0='?'"], CommandType='Text', CommandTimeout='30']"
""SELECT t.id, t.barcode, t.barcodetype, t.costprice, t.description, t.price, t.stock
FROM tb_products AS t
WHERE lower(t.barcode) = @__lowerBarCode_0
LIMIT 1" (0723d8ff)
2024-05-22T19:22:24.3585404-03:00 0HN3QLL9MKLJD:00000001 [INF] Executing "NotFoundObjectResult", writing value of type '"System.String"'. (605b4265)
2024-05-22T19:22:24.3587517-03:00 0HN3QLL9MKLJD:00000001 [INF] Executed action "APITrabalhoFinal.Controllers.ProductController.GetByBarCode (APITrabalhoFinal)" in 311.0613ms (afa2e885)
2024-05-22T19:22:24.3587903-03:00 0HN3QLL9MKLJD:00000001 [INF] Executed endpoint '"APITrabalhoFinal.Controllers.ProductController.GetByBarCode (APITrabalhoFinal)"' (99874f2b)
2024-05-22T19:22:24.3588753-03:00 0HN3QLL9MKLJD:00000001 [INF] Request finished "HTTP/1.1" "GET" "http"://"localhost:5034""""/api/Product/barcode/{barcode}""" - 404 null "text/plain; charset=utf-8" 324.3218ms (74253ad3)
2024-05-22T19:46:17.9293425-03:00  [INF] Now listening on: "http://localhost:5034" (d826f4b8)
2024-05-22T19:46:17.9397672-03:00  [INF] Application started. Press Ctrl+C to shut down. (dcaefe54)
2024-05-22T19:46:17.9503740-03:00  [INF] Hosting environment: "Development" (bc5a1a4e)
2024-05-22T19:46:17.9525889-03:00  [INF] Content root path: "C:\Users\João\source\repos\APITrabalhoFinal\APITrabalhoFinal" (cc26f24e)
2024-05-22T19:46:18.6291055-03:00 0HN3QM3V8A3M9:00000001 [INF] Request starting "HTTP/1.1" "GET" "http"://"localhost:5034""""/swagger/index.html""" - null null (d509f86a)
2024-05-22T19:46:18.9462998-03:00 0HN3QM3V8A3M9:00000001 [INF] Request finished "HTTP/1.1" "GET" "http"://"localhost:5034""""/swagger/index.html""" - 200 null "text/html;charset=utf-8" 324.0458ms (74253ad3)
2024-05-22T19:46:18.9500378-03:00 0HN3QM3V8A3M9:00000002 [INF] Request starting "HTTP/1.1" "GET" "http"://"localhost:5034""""/_framework/aspnetcore-browser-refresh.js""" - null null (d509f86a)
2024-05-22T19:46:18.9516335-03:00 0HN3QM3V8A3MA:00000001 [INF] Request starting "HTTP/1.1" "GET" "http"://"localhost:5034""""/_vs/browserLink""" - null null (d509f86a)
2024-05-22T19:46:18.9532308-03:00 0HN3QM3V8A3M9:00000002 [INF] Request finished "HTTP/1.1" "GET" "http"://"localhost:5034""""/_framework/aspnetcore-browser-refresh.js""" - 200 13768 "application/javascript; charset=utf-8" 3.3322ms (74253ad3)
2024-05-22T19:46:18.9809121-03:00 0HN3QM3V8A3MA:00000001 [INF] Request finished "HTTP/1.1" "GET" "http"://"localhost:5034""""/_vs/browserLink""" - 200 null "text/javascript; charset=UTF-8" 29.4154ms (74253ad3)
2024-05-22T19:46:19.0632613-03:00 0HN3QM3V8A3MA:00000002 [INF] Request starting "HTTP/1.1" "GET" "http"://"localhost:5034""""/swagger/v1/swagger.json""" - null null (d509f86a)
2024-05-22T19:46:19.1880205-03:00 0HN3QM3V8A3MA:00000002 [INF] Request finished "HTTP/1.1" "GET" "http"://"localhost:5034""""/swagger/v1/swagger.json""" - 200 null "application/json;charset=utf-8" 124.8472ms (74253ad3)
2024-05-22T20:01:07.2724972-03:00  [INF] Now listening on: "http://localhost:5034" (d826f4b8)
2024-05-22T20:01:07.2809769-03:00  [INF] Application started. Press Ctrl+C to shut down. (dcaefe54)
2024-05-22T20:01:07.2888554-03:00  [INF] Hosting environment: "Development" (bc5a1a4e)
2024-05-22T20:01:07.2911426-03:00  [INF] Content root path: "C:\Users\João\source\repos\APITrabalhoFinal\APITrabalhoFinal" (cc26f24e)
2024-05-22T20:01:08.0449732-03:00 0HN3QMC8AJN3A:00000001 [INF] Request starting "HTTP/1.1" "GET" "http"://"localhost:5034""""/swagger/index.html""" - null null (d509f86a)
2024-05-22T20:01:08.4220963-03:00 0HN3QMC8AJN3A:00000001 [INF] Request finished "HTTP/1.1" "GET" "http"://"localhost:5034""""/swagger/index.html""" - 200 null "text/html;charset=utf-8" 382.5946ms (74253ad3)
2024-05-22T20:01:08.4264308-03:00 0HN3QMC8AJN3A:00000002 [INF] Request starting "HTTP/1.1" "GET" "http"://"localhost:5034""""/_framework/aspnetcore-browser-refresh.js""" - null null (d509f86a)
2024-05-22T20:01:08.4283441-03:00 0HN3QMC8AJN3A:00000002 [INF] Request finished "HTTP/1.1" "GET" "http"://"localhost:5034""""/_framework/aspnetcore-browser-refresh.js""" - 200 13768 "application/javascript; charset=utf-8" 1.9748ms (74253ad3)
2024-05-22T20:01:08.4361727-03:00 0HN3QMC8AJN3A:00000003 [INF] Request starting "HTTP/1.1" "GET" "http"://"localhost:5034""""/_vs/browserLink""" - null null (d509f86a)
2024-05-22T20:01:08.4649626-03:00 0HN3QMC8AJN3A:00000003 [INF] Request finished "HTTP/1.1" "GET" "http"://"localhost:5034""""/_vs/browserLink""" - 200 null "text/javascript; charset=UTF-8" 28.8228ms (74253ad3)
2024-05-22T20:01:08.5486865-03:00 0HN3QMC8AJN3A:00000004 [INF] Request starting "HTTP/1.1" "GET" "http"://"localhost:5034""""/swagger/v1/swagger.json""" - null null (d509f86a)
2024-05-22T20:01:08.7009073-03:00 0HN3QMC8AJN3A:00000004 [INF] Request finished "HTTP/1.1" "GET" "http"://"localhost:5034""""/swagger/v1/swagger.json""" - 200 null "application/json;charset=utf-8" 152.2273ms (74253ad3)
2024-05-22T20:03:06.6888594-03:00  [INF] Now listening on: "http://localhost:5034" (d826f4b8)
2024-05-22T20:03:06.7004803-03:00  [INF] Application started. Press Ctrl+C to shut down. (dcaefe54)
2024-05-22T20:03:06.7109776-03:00  [INF] Hosting environment: "Development" (bc5a1a4e)
2024-05-22T20:03:06.7135423-03:00  [INF] Content root path: "C:\Users\João\source\repos\APITrabalhoFinal\APITrabalhoFinal" (cc26f24e)
2024-05-22T20:03:07.2325523-03:00 0HN3QMDBQ1GKN:00000001 [INF] Request starting "HTTP/1.1" "GET" "http"://"localhost:5034""""/swagger/index.html""" - null null (d509f86a)
2024-05-22T20:03:07.5730791-03:00 0HN3QMDBQ1GKN:00000001 [INF] Request finished "HTTP/1.1" "GET" "http"://"localhost:5034""""/swagger/index.html""" - 200 null "text/html;charset=utf-8" 352.4324ms (74253ad3)
2024-05-22T20:03:07.5749115-03:00 0HN3QMDBQ1GKN:00000002 [INF] Request starting "HTTP/1.1" "GET" "http"://"localhost:5034""""/_framework/aspnetcore-browser-refresh.js""" - null null (d509f86a)
2024-05-22T20:03:07.5751841-03:00 0HN3QMDBQ1GKO:00000001 [INF] Request starting "HTTP/1.1" "GET" "http"://"localhost:5034""""/_vs/browserLink""" - null null (d509f86a)
2024-05-22T20:03:07.5788122-03:00 0HN3QMDBQ1GKN:00000002 [INF] Request finished "HTTP/1.1" "GET" "http"://"localhost:5034""""/_framework/aspnetcore-browser-refresh.js""" - 200 13768 "application/javascript; charset=utf-8" 3.9916ms (74253ad3)
2024-05-22T20:03:07.6117227-03:00 0HN3QMDBQ1GKO:00000001 [INF] Request finished "HTTP/1.1" "GET" "http"://"localhost:5034""""/_vs/browserLink""" - 200 null "text/javascript; charset=UTF-8" 36.5651ms (74253ad3)
2024-05-22T20:03:07.7046495-03:00 0HN3QMDBQ1GKO:00000002 [INF] Request starting "HTTP/1.1" "GET" "http"://"localhost:5034""""/swagger/v1/swagger.json""" - null null (d509f86a)
2024-05-22T20:03:07.8180918-03:00 0HN3QMDBQ1GKO:00000002 [INF] Request finished "HTTP/1.1" "GET" "http"://"localhost:5034""""/swagger/v1/swagger.json""" - 200 null "application/json;charset=utf-8" 113.473ms (74253ad3)
2024-05-22T20:05:13.6156592-03:00  [INF] Now listening on: "http://localhost:5034" (d826f4b8)
2024-05-22T20:05:13.6225780-03:00  [INF] Application started. Press Ctrl+C to shut down. (dcaefe54)
2024-05-22T20:05:13.6307824-03:00  [INF] Hosting environment: "Development" (bc5a1a4e)
2024-05-22T20:05:13.6325811-03:00  [INF] Content root path: "C:\Users\João\source\repos\APITrabalhoFinal\APITrabalhoFinal" (cc26f24e)
2024-05-22T20:05:14.4604669-03:00 0HN3QMEHO1CP3:00000001 [INF] Request starting "HTTP/1.1" "GET" "http"://"localhost:5034""""/swagger/index.html""" - null null (d509f86a)
2024-05-22T20:05:14.7513852-03:00 0HN3QMEHO1CP3:00000001 [INF] Request finished "HTTP/1.1" "GET" "http"://"localhost:5034""""/swagger/index.html""" - 200 null "text/html;charset=utf-8" 297.4651ms (74253ad3)
2024-05-22T20:05:14.7560155-03:00 0HN3QMEHO1CP4:00000001 [INF] Request starting "HTTP/1.1" "GET" "http"://"localhost:5034""""/_vs/browserLink""" - null null (d509f86a)
2024-05-22T20:05:14.7560154-03:00 0HN3QMEHO1CP3:00000002 [INF] Request starting "HTTP/1.1" "GET" "http"://"localhost:5034""""/_framework/aspnetcore-browser-refresh.js""" - null null (d509f86a)
2024-05-22T20:05:14.7595492-03:00 0HN3QMEHO1CP3:00000002 [INF] Request finished "HTTP/1.1" "GET" "http"://"localhost:5034""""/_framework/aspnetcore-browser-refresh.js""" - 200 13768 "application/javascript; charset=utf-8" 3.6189ms (74253ad3)
2024-05-22T20:05:14.8075797-03:00 0HN3QMEHO1CP4:00000001 [INF] Request finished "HTTP/1.1" "GET" "http"://"localhost:5034""""/_vs/browserLink""" - 200 null "text/javascript; charset=UTF-8" 51.814ms (74253ad3)
2024-05-22T20:05:14.8927201-03:00 0HN3QMEHO1CP4:00000002 [INF] Request starting "HTTP/1.1" "GET" "http"://"localhost:5034""""/swagger/v1/swagger.json""" - null null (d509f86a)
2024-05-22T20:05:15.0319917-03:00 0HN3QMEHO1CP4:00000002 [INF] Request finished "HTTP/1.1" "GET" "http"://"localhost:5034""""/swagger/v1/swagger.json""" - 200 null "application/json;charset=utf-8" 140.1518ms (74253ad3)
2024-05-22T21:39:03.8923730-03:00  [INF] Now listening on: "http://localhost:5034" (d826f4b8)
2024-05-22T21:39:03.9096556-03:00  [INF] Application started. Press Ctrl+C to shut down. (dcaefe54)
2024-05-22T21:39:03.9251982-03:00  [INF] Hosting environment: "Development" (bc5a1a4e)
2024-05-22T21:39:03.9286515-03:00  [INF] Content root path: "C:\Users\João\source\repos\APITrabalhoFinal\APITrabalhoFinal" (cc26f24e)
2024-05-22T21:39:04.7754133-03:00 0HN3QO2VLCIOQ:00000001 [INF] Request starting "HTTP/1.1" "GET" "http"://"localhost:5034""""/swagger/index.html""" - null null (d509f86a)
2024-05-22T21:39:05.4358833-03:00 0HN3QO2VLCIOQ:00000001 [INF] Request finished "HTTP/1.1" "GET" "http"://"localhost:5034""""/swagger/index.html""" - 200 null "text/html;charset=utf-8" 684.4705ms (74253ad3)
2024-05-22T21:39:05.4503781-03:00 0HN3QO2VLCIOQ:00000002 [INF] Request starting "HTTP/1.1" "GET" "http"://"localhost:5034""""/_framework/aspnetcore-browser-refresh.js""" - null null (d509f86a)
2024-05-22T21:39:05.4578434-03:00 0HN3QO2VLCIOQ:00000002 [INF] Request finished "HTTP/1.1" "GET" "http"://"localhost:5034""""/_framework/aspnetcore-browser-refresh.js""" - 200 13768 "application/javascript; charset=utf-8" 7.8314ms (74253ad3)
2024-05-22T21:39:05.4622956-03:00 0HN3QO2VLCIOQ:00000003 [INF] Request starting "HTTP/1.1" "GET" "http"://"localhost:5034""""/_vs/browserLink""" - null null (d509f86a)
2024-05-22T21:39:05.5240582-03:00 0HN3QO2VLCIOQ:00000003 [INF] Request finished "HTTP/1.1" "GET" "http"://"localhost:5034""""/_vs/browserLink""" - 200 null "text/javascript; charset=UTF-8" 61.9498ms (74253ad3)
2024-05-22T21:39:05.7103925-03:00 0HN3QO2VLCIOQ:00000004 [INF] Request starting "HTTP/1.1" "GET" "http"://"localhost:5034""""/swagger/v1/swagger.json""" - null null (d509f86a)
2024-05-22T21:39:05.9512806-03:00 0HN3QO2VLCIOQ:00000004 [INF] Request finished "HTTP/1.1" "GET" "http"://"localhost:5034""""/swagger/v1/swagger.json""" - 200 null "application/json;charset=utf-8" 240.8969ms (74253ad3)
2024-05-22T21:40:58.2983293-03:00 0HN3QO2VLCIOS:00000001 [INF] Request starting "HTTP/1.1" "GET" "http"://"localhost:5034""""/api/Product""" - null null (d509f86a)
2024-05-22T21:40:58.3163383-03:00 0HN3QO2VLCIOS:00000001 [INF] Executing endpoint '"APITrabalhoFinal.Controllers.ProductController.Get (APITrabalhoFinal)"' (500cc934)
2024-05-22T21:40:58.3614418-03:00 0HN3QO2VLCIOS:00000001 [INF] Route matched with "{action = \"Get\", controller = \"Product\"}". Executing controller action with signature "Microsoft.AspNetCore.Mvc.ActionResult`1[APITrabalhoFinal.DataBase.Models.TbProduct] Get()" on controller "APITrabalhoFinal.Controllers.ProductController" ("APITrabalhoFinal"). (122b2fdf)
2024-05-22T21:41:00.6601303-03:00 0HN3QO2VLCIOS:00000001 [INF] Executed DbCommand ("34"ms) [Parameters=[""], CommandType='Text', CommandTimeout='30']"
""SELECT t.id, t.barcode, t.barcodetype, t.costprice, t.description, t.price, t.stock
FROM tb_products AS t" (0723d8ff)
2024-05-22T21:41:00.8424722-03:00 0HN3QO2VLCIOS:00000001 [INF] Executing "OkObjectResult", writing value of type '"System.Collections.Generic.List`1[[APITrabalhoFinal.DataBase.Models.TbProduct, APITrabalhoFinal, Version=1.0.0.0, Culture=neutral, PublicKeyToken=null]]"'. (605b4265)
2024-05-22T21:41:00.8827344-03:00 0HN3QO2VLCIOS:00000001 [INF] Executed action "APITrabalhoFinal.Controllers.ProductController.Get (APITrabalhoFinal)" in 2515.712ms (afa2e885)
2024-05-22T21:41:00.8829019-03:00 0HN3QO2VLCIOS:00000001 [INF] Executed endpoint '"APITrabalhoFinal.Controllers.ProductController.Get (APITrabalhoFinal)"' (99874f2b)
2024-05-22T21:41:00.8953698-03:00 0HN3QO2VLCIOS:00000001 [INF] Request finished "HTTP/1.1" "GET" "http"://"localhost:5034""""/api/Product""" - 200 null "application/json; charset=utf-8" 2598.8647ms (74253ad3)
2024-05-22T21:41:13.4885632-03:00 0HN3QO2VLCIOT:00000001 [INF] Request starting "HTTP/1.1" "POST" "http"://"localhost:5034""""/api/Promotion""" - "application/json" 153 (d509f86a)
2024-05-22T21:41:13.4918939-03:00 0HN3QO2VLCIOT:00000001 [INF] Executing endpoint '"APITrabalhoFinal.Controllers.PromotionController.Insert (APITrabalhoFinal)"' (500cc934)
2024-05-22T21:41:13.5172474-03:00 0HN3QO2VLCIOT:00000001 [INF] Route matched with "{action = \"Insert\", controller = \"Promotion\"}". Executing controller action with signature "Microsoft.AspNetCore.Mvc.ActionResult`1[APITrabalhoFinal.DataBase.Models.TbPromotion] Insert(APITrabalhoFinal.Services.DTOs.PromotionDTO)" on controller "APITrabalhoFinal.Controllers.PromotionController" ("APITrabalhoFinal"). (122b2fdf)
2024-05-22T21:41:13.5262019-03:00 0HN3QO2VLCIOT:00000001 [INF] Executed action "APITrabalhoFinal.Controllers.PromotionController.Insert (APITrabalhoFinal)" in 8.5945ms (afa2e885)
2024-05-22T21:41:13.5289440-03:00 0HN3QO2VLCIOT:00000001 [INF] Executed endpoint '"APITrabalhoFinal.Controllers.PromotionController.Insert (APITrabalhoFinal)"' (99874f2b)
2024-05-22T21:41:14.3213613-03:00 0HN3QO2VLCIOT:00000001 [ERR] An unhandled exception has occurred while executing the request. (48a46595)
System.InvalidOperationException: Unable to resolve service for type 'APITrabalhoFinal.Services.PromotionService' while attempting to activate 'APITrabalhoFinal.Controllers.PromotionController'.
   at Microsoft.Extensions.DependencyInjection.ActivatorUtilities.ThrowHelperUnableToResolveService(Type type, Type requiredBy)
   at lambda_method75(Closure, IServiceProvider, Object[])
   at Microsoft.AspNetCore.Mvc.Controllers.ControllerFactoryProvider.<>c__DisplayClass6_0.<CreateControllerFactory>g__CreateController|0(ControllerContext controllerContext)
   at Microsoft.AspNetCore.Mvc.Infrastructure.ControllerActionInvoker.Next(State& next, Scope& scope, Object& state, Boolean& isCompleted)
   at Microsoft.AspNetCore.Mvc.Infrastructure.ControllerActionInvoker.InvokeInnerFilterAsync()
--- End of stack trace from previous location ---
   at Microsoft.AspNetCore.Mvc.Infrastructure.ResourceInvoker.<InvokeFilterPipelineAsync>g__Awaited|20_0(ResourceInvoker invoker, Task lastTask, State next, Scope scope, Object state, Boolean isCompleted)
   at Microsoft.AspNetCore.Mvc.Infrastructure.ResourceInvoker.<InvokeAsync>g__Logged|17_1(ResourceInvoker invoker)
   at Microsoft.AspNetCore.Mvc.Infrastructure.ResourceInvoker.<InvokeAsync>g__Logged|17_1(ResourceInvoker invoker)
   at Microsoft.AspNetCore.Routing.EndpointMiddleware.<Invoke>g__AwaitRequestTask|7_0(Endpoint endpoint, Task requestTask, ILogger logger)
   at Microsoft.AspNetCore.Authorization.AuthorizationMiddleware.Invoke(HttpContext context)
   at Swashbuckle.AspNetCore.SwaggerUI.SwaggerUIMiddleware.Invoke(HttpContext httpContext)
   at Swashbuckle.AspNetCore.Swagger.SwaggerMiddleware.Invoke(HttpContext httpContext, ISwaggerProvider swaggerProvider)
   at Microsoft.AspNetCore.Authentication.AuthenticationMiddleware.Invoke(HttpContext context)
   at Microsoft.AspNetCore.Diagnostics.DeveloperExceptionPageMiddlewareImpl.Invoke(HttpContext context)
2024-05-22T21:41:14.3306986-03:00 0HN3QO2VLCIOT:00000001 [INF] Request finished "HTTP/1.1" "POST" "http"://"localhost:5034""""/api/Promotion""" - 500 null "text/plain; charset=utf-8" 842.3007ms (74253ad3)
2024-05-22T21:45:33.2244168-03:00  [INF] Now listening on: "http://localhost:5034" (d826f4b8)
2024-05-22T21:45:33.2387739-03:00  [INF] Application started. Press Ctrl+C to shut down. (dcaefe54)
2024-05-22T21:45:33.2448108-03:00  [INF] Hosting environment: "Development" (bc5a1a4e)
2024-05-22T21:45:33.2568741-03:00  [INF] Content root path: "C:\Users\João\source\repos\APITrabalhoFinal\APITrabalhoFinal" (cc26f24e)
2024-05-22T21:45:33.7635508-03:00 0HN3QO6JJ7553:00000001 [INF] Request starting "HTTP/1.1" "GET" "http"://"localhost:5034""""/swagger/index.html""" - null null (d509f86a)
2024-05-22T21:45:34.3212498-03:00 0HN3QO6JJ7553:00000001 [INF] Request finished "HTTP/1.1" "GET" "http"://"localhost:5034""""/swagger/index.html""" - 200 null "text/html;charset=utf-8" 571.228ms (74253ad3)
2024-05-22T21:45:34.3248265-03:00 0HN3QO6JJ7553:00000002 [INF] Request starting "HTTP/1.1" "GET" "http"://"localhost:5034""""/_framework/aspnetcore-browser-refresh.js""" - null null (d509f86a)
2024-05-22T21:45:34.3248855-03:00 0HN3QO6JJ7554:00000001 [INF] Request starting "HTTP/1.1" "GET" "http"://"localhost:5034""""/_vs/browserLink""" - null null (d509f86a)
2024-05-22T21:45:34.3294912-03:00 0HN3QO6JJ7553:00000002 [INF] Request finished "HTTP/1.1" "GET" "http"://"localhost:5034""""/_framework/aspnetcore-browser-refresh.js""" - 200 13768 "application/javascript; charset=utf-8" 4.8337ms (74253ad3)
2024-05-22T21:45:34.3779387-03:00 0HN3QO6JJ7554:00000001 [INF] Request finished "HTTP/1.1" "GET" "http"://"localhost:5034""""/_vs/browserLink""" - 200 null "text/javascript; charset=UTF-8" 53.3189ms (74253ad3)
2024-05-22T21:45:34.5177357-03:00 0HN3QO6JJ7554:00000002 [INF] Request starting "HTTP/1.1" "GET" "http"://"localhost:5034""""/swagger/v1/swagger.json""" - null null (d509f86a)
2024-05-22T21:45:34.7659271-03:00 0HN3QO6JJ7554:00000002 [INF] Request finished "HTTP/1.1" "GET" "http"://"localhost:5034""""/swagger/v1/swagger.json""" - 200 null "application/json;charset=utf-8" 248.2366ms (74253ad3)
2024-05-22T21:46:02.4500839-03:00 0HN3QO6JJ7555:00000001 [INF] Request starting "HTTP/1.1" "POST" "http"://"localhost:5034""""/api/Promotion""" - "application/json" 153 (d509f86a)
2024-05-22T21:46:02.4670280-03:00 0HN3QO6JJ7555:00000001 [INF] Executing endpoint '"APITrabalhoFinal.Controllers.PromotionController.Insert (APITrabalhoFinal)"' (500cc934)
2024-05-22T21:46:02.5213620-03:00 0HN3QO6JJ7555:00000001 [INF] Route matched with "{action = \"Insert\", controller = \"Promotion\"}". Executing controller action with signature "Microsoft.AspNetCore.Mvc.ActionResult`1[APITrabalhoFinal.DataBase.Models.TbPromotion] Insert(APITrabalhoFinal.Services.DTOs.PromotionDTO)" on controller "APITrabalhoFinal.Controllers.PromotionController" ("APITrabalhoFinal"). (122b2fdf)
2024-05-22T21:46:04.9965292-03:00 0HN3QO6JJ7555:00000001 [ERR] Failed executing DbCommand ("71"ms) [Parameters=["@p0='?' (DbType = Int32), @p1='?' (DbType = DateTime2), @p2='?' (DbType = Int32), @p3='?' (DbType = Int32), @p4='?' (DbType = DateTime2), @p5='?' (DbType = Decimal)"], CommandType='Text', CommandTimeout='30']"
""INSERT INTO tb_promotions (id, enddate, productid, promotiontype, startdate, value)
VALUES (@p0, @p1, @p2, @p3, @p4, @p5);" (627a98df)
2024-05-22T21:47:43.3075723-03:00  [INF] Now listening on: "http://localhost:5034" (d826f4b8)
2024-05-22T21:47:43.3247636-03:00  [INF] Application started. Press Ctrl+C to shut down. (dcaefe54)
2024-05-22T21:47:43.3393968-03:00  [INF] Hosting environment: "Development" (bc5a1a4e)
2024-05-22T21:47:43.3429695-03:00  [INF] Content root path: "C:\Users\João\source\repos\APITrabalhoFinal\APITrabalhoFinal" (cc26f24e)
2024-05-22T21:47:44.0470179-03:00 0HN3QO7QEADU8:00000001 [INF] Request starting "HTTP/1.1" "GET" "http"://"localhost:5034""""/swagger/index.html""" - null null (d509f86a)
2024-05-22T21:47:44.4544728-03:00 0HN3QO7QEADU8:00000001 [INF] Request finished "HTTP/1.1" "GET" "http"://"localhost:5034""""/swagger/index.html""" - 200 null "text/html;charset=utf-8" 419.4992ms (74253ad3)
2024-05-22T21:47:44.4620659-03:00 0HN3QO7QEADU8:00000002 [INF] Request starting "HTTP/1.1" "GET" "http"://"localhost:5034""""/_framework/aspnetcore-browser-refresh.js""" - null null (d509f86a)
2024-05-22T21:47:44.4620659-03:00 0HN3QO7QEADU9:00000001 [INF] Request starting "HTTP/1.1" "GET" "http"://"localhost:5034""""/_vs/browserLink""" - null null (d509f86a)
2024-05-22T21:47:44.4652233-03:00 0HN3QO7QEADU8:00000002 [INF] Request finished "HTTP/1.1" "GET" "http"://"localhost:5034""""/_framework/aspnetcore-browser-refresh.js""" - 200 13768 "application/javascript; charset=utf-8" 3.298ms (74253ad3)
2024-05-22T21:47:44.5124168-03:00 0HN3QO7QEADU9:00000001 [INF] Request finished "HTTP/1.1" "GET" "http"://"localhost:5034""""/_vs/browserLink""" - 200 null "text/javascript; charset=UTF-8" 50.4756ms (74253ad3)
2024-05-22T21:47:44.6609109-03:00 0HN3QO7QEADU9:00000002 [INF] Request starting "HTTP/1.1" "GET" "http"://"localhost:5034""""/swagger/v1/swagger.json""" - null null (d509f86a)
2024-05-22T21:47:44.8819000-03:00 0HN3QO7QEADU9:00000002 [INF] Request finished "HTTP/1.1" "GET" "http"://"localhost:5034""""/swagger/v1/swagger.json""" - 200 null "application/json;charset=utf-8" 221.0446ms (74253ad3)
2024-05-22T21:47:51.8111828-03:00 0HN3QO7QEADUA:00000001 [INF] Request starting "HTTP/1.1" "GET" "http"://"localhost:5034""""/api/Product""" - null null (d509f86a)
2024-05-22T21:47:51.8286022-03:00 0HN3QO7QEADUA:00000001 [INF] Executing endpoint '"APITrabalhoFinal.Controllers.ProductController.Get (APITrabalhoFinal)"' (500cc934)
2024-05-22T21:47:51.8739640-03:00 0HN3QO7QEADUA:00000001 [INF] Route matched with "{action = \"Get\", controller = \"Product\"}". Executing controller action with signature "Microsoft.AspNetCore.Mvc.ActionResult`1[APITrabalhoFinal.DataBase.Models.TbProduct] Get()" on controller "APITrabalhoFinal.Controllers.ProductController" ("APITrabalhoFinal"). (122b2fdf)
2024-05-22T21:47:54.2391852-03:00 0HN3QO7QEADUA:00000001 [INF] Executed DbCommand ("31"ms) [Parameters=[""], CommandType='Text', CommandTimeout='30']"
""SELECT t.id, t.barcode, t.barcodetype, t.costprice, t.description, t.price, t.stock
FROM tb_products AS t" (0723d8ff)
2024-05-22T21:47:54.4288128-03:00 0HN3QO7QEADUA:00000001 [INF] Executing "OkObjectResult", writing value of type '"System.Collections.Generic.List`1[[APITrabalhoFinal.DataBase.Models.TbProduct, APITrabalhoFinal, Version=1.0.0.0, Culture=neutral, PublicKeyToken=null]]"'. (605b4265)
2024-05-22T21:47:54.4731562-03:00 0HN3QO7QEADUA:00000001 [INF] Executed action "APITrabalhoFinal.Controllers.ProductController.Get (APITrabalhoFinal)" in 2591.1229ms (afa2e885)
2024-05-22T21:47:54.4733566-03:00 0HN3QO7QEADUA:00000001 [INF] Executed endpoint '"APITrabalhoFinal.Controllers.ProductController.Get (APITrabalhoFinal)"' (99874f2b)
2024-05-22T21:47:54.4878818-03:00 0HN3QO7QEADUA:00000001 [INF] Request finished "HTTP/1.1" "GET" "http"://"localhost:5034""""/api/Product""" - 200 null "application/json; charset=utf-8" 2676.7895ms (74253ad3)
2024-05-22T21:48:08.1146855-03:00 0HN3QO7QEADUB:00000001 [INF] Request starting "HTTP/1.1" "POST" "http"://"localhost:5034""""/api/Promotion""" - "application/json" 143 (d509f86a)
2024-05-22T21:48:08.1168984-03:00 0HN3QO7QEADUB:00000001 [INF] Executing endpoint '"APITrabalhoFinal.Controllers.PromotionController.Insert (APITrabalhoFinal)"' (500cc934)
2024-05-22T21:48:08.1333333-03:00 0HN3QO7QEADUB:00000001 [INF] Route matched with "{action = \"Insert\", controller = \"Promotion\"}". Executing controller action with signature "Microsoft.AspNetCore.Mvc.ActionResult`1[APITrabalhoFinal.DataBase.Models.TbPromotion] Insert(APITrabalhoFinal.Services.DTOs.PromotionDTO)" on controller "APITrabalhoFinal.Controllers.PromotionController" ("APITrabalhoFinal"). (122b2fdf)
2024-05-22T21:48:08.6498546-03:00 0HN3QO7QEADUB:00000001 [ERR] Failed executing DbCommand ("59"ms) [Parameters=["@p0='?' (DbType = Int32), @p1='?' (DbType = DateTime2), @p2='?' (DbType = Int32), @p3='?' (DbType = Int32), @p4='?' (DbType = DateTime2), @p5='?' (DbType = Decimal)"], CommandType='Text', CommandTimeout='30']"
""INSERT INTO tb_promotions (id, enddate, productid, promotiontype, startdate, value)
VALUES (@p0, @p1, @p2, @p3, @p4, @p5);" (627a98df)
2024-05-22T21:50:59.0276001-03:00  [INF] Now listening on: "http://localhost:5034" (d826f4b8)
2024-05-22T21:50:59.0425758-03:00  [INF] Application started. Press Ctrl+C to shut down. (dcaefe54)
2024-05-22T21:50:59.0474739-03:00  [INF] Hosting environment: "Development" (bc5a1a4e)
2024-05-22T21:50:59.0505667-03:00  [INF] Content root path: "C:\Users\João\source\repos\APITrabalhoFinal\APITrabalhoFinal" (cc26f24e)
2024-05-22T21:50:59.7889142-03:00 0HN3QO9KONRDK:00000001 [INF] Request starting "HTTP/1.1" "GET" "http"://"localhost:5034""""/swagger/index.html""" - null null (d509f86a)
2024-05-22T21:51:00.3337300-03:00 0HN3QO9KONRDK:00000001 [INF] Request finished "HTTP/1.1" "GET" "http"://"localhost:5034""""/swagger/index.html""" - 200 null "text/html;charset=utf-8" 558.3149ms (74253ad3)
2024-05-22T21:51:00.3361079-03:00 0HN3QO9KONRDK:00000002 [INF] Request starting "HTTP/1.1" "GET" "http"://"localhost:5034""""/_framework/aspnetcore-browser-refresh.js""" - null null (d509f86a)
2024-05-22T21:51:00.3363116-03:00 0HN3QO9KONRDL:00000001 [INF] Request starting "HTTP/1.1" "GET" "http"://"localhost:5034""""/_vs/browserLink""" - null null (d509f86a)
2024-05-22T21:51:00.3398693-03:00 0HN3QO9KONRDK:00000002 [INF] Request finished "HTTP/1.1" "GET" "http"://"localhost:5034""""/_framework/aspnetcore-browser-refresh.js""" - 200 13768 "application/javascript; charset=utf-8" 3.9723ms (74253ad3)
2024-05-22T21:51:00.3994293-03:00 0HN3QO9KONRDL:00000001 [INF] Request finished "HTTP/1.1" "GET" "http"://"localhost:5034""""/_vs/browserLink""" - 200 null "text/javascript; charset=UTF-8" 63.6031ms (74253ad3)
2024-05-22T21:51:00.5579199-03:00 0HN3QO9KONRDL:00000002 [INF] Request starting "HTTP/1.1" "GET" "http"://"localhost:5034""""/swagger/v1/swagger.json""" - null null (d509f86a)
2024-05-22T21:51:00.8026340-03:00 0HN3QO9KONRDL:00000002 [INF] Request finished "HTTP/1.1" "GET" "http"://"localhost:5034""""/swagger/v1/swagger.json""" - 200 null "application/json;charset=utf-8" 244.8067ms (74253ad3)
2024-05-22T21:51:16.3052086-03:00 0HN3QO9KONRDM:00000001 [INF] Request starting "HTTP/1.1" "POST" "http"://"localhost:5034""""/api/Promotion""" - "application/json" 132 (d509f86a)
2024-05-22T21:51:16.3253748-03:00 0HN3QO9KONRDM:00000001 [INF] Executing endpoint '"APITrabalhoFinal.Controllers.PromotionController.Insert (APITrabalhoFinal)"' (500cc934)
2024-05-22T21:51:16.3836845-03:00 0HN3QO9KONRDM:00000001 [INF] Route matched with "{action = \"Insert\", controller = \"Promotion\"}". Executing controller action with signature "Microsoft.AspNetCore.Mvc.ActionResult`1[APITrabalhoFinal.DataBase.Models.TbPromotion] Insert(APITrabalhoFinal.Services.DTOs.PromotionDTO)" on controller "APITrabalhoFinal.Controllers.PromotionController" ("APITrabalhoFinal"). (122b2fdf)
2024-05-22T21:51:18.8708988-03:00 0HN3QO9KONRDM:00000001 [INF] Executed DbCommand ("120"ms) [Parameters=["@p0='?' (DbType = DateTime2), @p1='?' (DbType = Int32), @p2='?' (DbType = Int32), @p3='?' (DbType = DateTime2), @p4='?' (DbType = Decimal)"], CommandType='Text', CommandTimeout='30']"
""INSERT INTO tb_promotions (enddate, productid, promotiontype, startdate, value)
VALUES (@p0, @p1, @p2, @p3, @p4)
RETURNING id;" (0723d8ff)
2024-05-22T21:51:18.9432662-03:00 0HN3QO9KONRDM:00000001 [INF] Executing "OkObjectResult", writing value of type '"APITrabalhoFinal.DataBase.Models.TbPromotion"'. (605b4265)
2024-05-22T21:51:18.9687140-03:00 0HN3QO9KONRDM:00000001 [INF] Executed action "APITrabalhoFinal.Controllers.PromotionController.Insert (APITrabalhoFinal)" in 2577.2125ms (afa2e885)
2024-05-22T21:51:18.9689352-03:00 0HN3QO9KONRDM:00000001 [INF] Executed endpoint '"APITrabalhoFinal.Controllers.PromotionController.Insert (APITrabalhoFinal)"' (99874f2b)
2024-05-22T21:51:18.9869309-03:00 0HN3QO9KONRDM:00000001 [INF] Request finished "HTTP/1.1" "POST" "http"://"localhost:5034""""/api/Promotion""" - 200 null "application/json; charset=utf-8" 2681.8035ms (74253ad3)
2024-05-22T21:51:52.9866622-03:00 0HN3QO9KONRDN:00000001 [INF] Request starting "HTTP/1.1" "POST" "http"://"localhost:5034""""/api/Promotion""" - "application/json" 133 (d509f86a)
2024-05-22T21:51:52.9923618-03:00 0HN3QO9KONRDN:00000001 [INF] Executing endpoint '"APITrabalhoFinal.Controllers.PromotionController.Insert (APITrabalhoFinal)"' (500cc934)
2024-05-22T21:51:52.9936263-03:00 0HN3QO9KONRDN:00000001 [INF] Route matched with "{action = \"Insert\", controller = \"Promotion\"}". Executing controller action with signature "Microsoft.AspNetCore.Mvc.ActionResult`1[APITrabalhoFinal.DataBase.Models.TbPromotion] Insert(APITrabalhoFinal.Services.DTOs.PromotionDTO)" on controller "APITrabalhoFinal.Controllers.PromotionController" ("APITrabalhoFinal"). (122b2fdf)
2024-05-22T21:51:53.0704572-03:00 0HN3QO9KONRDN:00000001 [INF] Executing "BadRequestObjectResult", writing value of type '"Microsoft.AspNetCore.Mvc.ValidationProblemDetails"'. (605b4265)
2024-05-22T21:51:53.1032472-03:00 0HN3QO9KONRDN:00000001 [INF] Executed action "APITrabalhoFinal.Controllers.PromotionController.Insert (APITrabalhoFinal)" in 109.2891ms (afa2e885)
2024-05-22T21:51:53.1034211-03:00 0HN3QO9KONRDN:00000001 [INF] Executed endpoint '"APITrabalhoFinal.Controllers.PromotionController.Insert (APITrabalhoFinal)"' (99874f2b)
2024-05-22T21:51:53.1036206-03:00 0HN3QO9KONRDN:00000001 [INF] Request finished "HTTP/1.1" "POST" "http"://"localhost:5034""""/api/Promotion""" - 400 null "application/problem+json; charset=utf-8" 118.3872ms (74253ad3)
2024-05-22T21:52:15.1911091-03:00 0HN3QO9KONRDO:00000001 [INF] Request starting "HTTP/1.1" "POST" "http"://"localhost:5034""""/api/Promotion""" - "application/json" 133 (d509f86a)
2024-05-22T21:52:15.1917035-03:00 0HN3QO9KONRDO:00000001 [INF] Executing endpoint '"APITrabalhoFinal.Controllers.PromotionController.Insert (APITrabalhoFinal)"' (500cc934)
2024-05-22T21:52:15.1918765-03:00 0HN3QO9KONRDO:00000001 [INF] Route matched with "{action = \"Insert\", controller = \"Promotion\"}". Executing controller action with signature "Microsoft.AspNetCore.Mvc.ActionResult`1[APITrabalhoFinal.DataBase.Models.TbPromotion] Insert(APITrabalhoFinal.Services.DTOs.PromotionDTO)" on controller "APITrabalhoFinal.Controllers.PromotionController" ("APITrabalhoFinal"). (122b2fdf)
2024-05-22T21:52:15.3258851-03:00 0HN3QO9KONRDO:00000001 [INF] Executed DbCommand ("31"ms) [Parameters=["@p0='?' (DbType = DateTime2), @p1='?' (DbType = Int32), @p2='?' (DbType = Int32), @p3='?' (DbType = DateTime2), @p4='?' (DbType = Decimal)"], CommandType='Text', CommandTimeout='30']"
""INSERT INTO tb_promotions (enddate, productid, promotiontype, startdate, value)
VALUES (@p0, @p1, @p2, @p3, @p4)
RETURNING id;" (0723d8ff)
2024-05-22T21:52:15.3274635-03:00 0HN3QO9KONRDO:00000001 [INF] Executing "OkObjectResult", writing value of type '"APITrabalhoFinal.DataBase.Models.TbPromotion"'. (605b4265)
2024-05-22T21:52:15.3277730-03:00 0HN3QO9KONRDO:00000001 [INF] Executed action "APITrabalhoFinal.Controllers.PromotionController.Insert (APITrabalhoFinal)" in 135.8221ms (afa2e885)
2024-05-22T21:52:15.3278156-03:00 0HN3QO9KONRDO:00000001 [INF] Executed endpoint '"APITrabalhoFinal.Controllers.PromotionController.Insert (APITrabalhoFinal)"' (99874f2b)
2024-05-22T21:52:15.3280842-03:00 0HN3QO9KONRDO:00000001 [INF] Request finished "HTTP/1.1" "POST" "http"://"localhost:5034""""/api/Promotion""" - 200 null "application/json; charset=utf-8" 137.0685ms (74253ad3)
2024-05-22T21:52:30.2714851-03:00 0HN3QO9KONRDP:00000001 [INF] Request starting "HTTP/1.1" "POST" "http"://"localhost:5034""""/api/Promotion""" - "application/json" 145 (d509f86a)
2024-05-22T21:52:30.2720496-03:00 0HN3QO9KONRDP:00000001 [INF] Executing endpoint '"APITrabalhoFinal.Controllers.PromotionController.Insert (APITrabalhoFinal)"' (500cc934)
2024-05-22T21:52:30.2722918-03:00 0HN3QO9KONRDP:00000001 [INF] Route matched with "{action = \"Insert\", controller = \"Promotion\"}". Executing controller action with signature "Microsoft.AspNetCore.Mvc.ActionResult`1[APITrabalhoFinal.DataBase.Models.TbPromotion] Insert(APITrabalhoFinal.Services.DTOs.PromotionDTO)" on controller "APITrabalhoFinal.Controllers.PromotionController" ("APITrabalhoFinal"). (122b2fdf)
2024-05-22T21:52:30.3229486-03:00 0HN3QO9KONRDP:00000001 [INF] Executed DbCommand ("2"ms) [Parameters=["@p0='?' (DbType = DateTime2), @p1='?' (DbType = Int32), @p2='?' (DbType = Int32), @p3='?' (DbType = DateTime2), @p4='?' (DbType = Decimal)"], CommandType='Text', CommandTimeout='30']"
""INSERT INTO tb_promotions (enddate, productid, promotiontype, startdate, value)
VALUES (@p0, @p1, @p2, @p3, @p4)
RETURNING id;" (0723d8ff)
2024-05-22T21:52:30.3236438-03:00 0HN3QO9KONRDP:00000001 [INF] Executing "OkObjectResult", writing value of type '"APITrabalhoFinal.DataBase.Models.TbPromotion"'. (605b4265)
2024-05-22T21:52:30.3239208-03:00 0HN3QO9KONRDP:00000001 [INF] Executed action "APITrabalhoFinal.Controllers.PromotionController.Insert (APITrabalhoFinal)" in 51.448ms (afa2e885)
2024-05-22T21:52:30.3239768-03:00 0HN3QO9KONRDP:00000001 [INF] Executed endpoint '"APITrabalhoFinal.Controllers.PromotionController.Insert (APITrabalhoFinal)"' (99874f2b)
2024-05-22T21:52:30.3241709-03:00 0HN3QO9KONRDP:00000001 [INF] Request finished "HTTP/1.1" "POST" "http"://"localhost:5034""""/api/Promotion""" - 200 null "application/json; charset=utf-8" 52.8336ms (74253ad3)
