2024-05-20T20:21:03.1393233-03:00  [INF] Now listening on: "http://localhost:5034" (d826f4b8)
2024-05-20T20:21:03.1465466-03:00  [INF] Application started. Press Ctrl+C to shut down. (dcaefe54)
2024-05-20T20:21:03.1496188-03:00  [INF] Hosting environment: "Development" (bc5a1a4e)
2024-05-20T20:21:03.1517481-03:00  [INF] Content root path: "C:\Users\João\source\repos\APITrabalhoFinal\APITrabalhoFinal" (cc26f24e)
2024-05-20T20:21:04.2902705-03:00 0HN3P4E29L7NO:00000001 [INF] Request starting "HTTP/1.1" "GET" "http"://"localhost:5034""""/swagger/index.html""" - null null (d509f86a)
2024-05-20T20:21:04.9008184-03:00 0HN3P4E29L7NO:00000001 [INF] Request finished "HTTP/1.1" "GET" "http"://"localhost:5034""""/swagger/index.html""" - 200 null "text/html;charset=utf-8" 624.3658ms (74253ad3)
2024-05-20T20:21:04.9119074-03:00 0HN3P4E29L7NO:00000002 [INF] Request starting "HTTP/1.1" "GET" "http"://"localhost:5034""""/_framework/aspnetcore-browser-refresh.js""" - null null (d509f86a)
2024-05-20T20:21:04.9132258-03:00 0HN3P4E29L7NP:00000001 [INF] Request starting "HTTP/1.1" "GET" "http"://"localhost:5034""""/_vs/browserLink""" - null null (d509f86a)
2024-05-20T20:21:04.9140114-03:00 0HN3P4E29L7NO:00000002 [INF] Request finished "HTTP/1.1" "GET" "http"://"localhost:5034""""/_framework/aspnetcore-browser-refresh.js""" - 200 13768 "application/javascript; charset=utf-8" 2.1699ms (74253ad3)
2024-05-20T20:21:05.0870457-03:00 0HN3P4E29L7NP:00000001 [INF] Request finished "HTTP/1.1" "GET" "http"://"localhost:5034""""/_vs/browserLink""" - 200 null "text/javascript; charset=UTF-8" 173.8595ms (74253ad3)
2024-05-20T20:21:05.1696712-03:00 0HN3P4E29L7NP:00000002 [INF] Request starting "HTTP/1.1" "GET" "http"://"localhost:5034""""/swagger/v1/swagger.json""" - null null (d509f86a)
2024-05-20T20:21:05.3111857-03:00 0HN3P4E29L7NP:00000002 [INF] Request finished "HTTP/1.1" "GET" "http"://"localhost:5034""""/swagger/v1/swagger.json""" - 200 null "application/json;charset=utf-8" 141.566ms (74253ad3)
2024-05-20T20:27:06.6972494-03:00  [INF] Now listening on: "http://localhost:5034" (d826f4b8)
2024-05-20T20:27:06.7047416-03:00  [INF] Application started. Press Ctrl+C to shut down. (dcaefe54)
2024-05-20T20:27:06.7076664-03:00  [INF] Hosting environment: "Development" (bc5a1a4e)
2024-05-20T20:27:06.7097784-03:00  [INF] Content root path: "C:\Users\João\source\repos\APITrabalhoFinal\APITrabalhoFinal" (cc26f24e)
2024-05-20T20:27:07.3120215-03:00 0HN3P4HEJHD14:00000001 [INF] Request starting "HTTP/1.1" "GET" "http"://"localhost:5034""""/swagger/index.html""" - null null (d509f86a)
2024-05-20T20:27:07.6625968-03:00 0HN3P4HEJHD14:00000001 [INF] Request finished "HTTP/1.1" "GET" "http"://"localhost:5034""""/swagger/index.html""" - 200 null "text/html;charset=utf-8" 357.7999ms (74253ad3)
2024-05-20T20:27:07.6735242-03:00 0HN3P4HEJHD14:00000002 [INF] Request starting "HTTP/1.1" "GET" "http"://"localhost:5034""""/_framework/aspnetcore-browser-refresh.js""" - null null (d509f86a)
2024-05-20T20:27:07.6753839-03:00 0HN3P4HEJHD14:00000002 [INF] Request finished "HTTP/1.1" "GET" "http"://"localhost:5034""""/_framework/aspnetcore-browser-refresh.js""" - 200 13768 "application/javascript; charset=utf-8" 1.9344ms (74253ad3)
2024-05-20T20:27:07.6814409-03:00 0HN3P4HEJHD14:00000003 [INF] Request starting "HTTP/1.1" "GET" "http"://"localhost:5034""""/_vs/browserLink""" - null null (d509f86a)
2024-05-20T20:27:07.7479933-03:00 0HN3P4HEJHD14:00000003 [INF] Request finished "HTTP/1.1" "GET" "http"://"localhost:5034""""/_vs/browserLink""" - 200 null "text/javascript; charset=UTF-8" 66.5706ms (74253ad3)
2024-05-20T20:27:07.8307386-03:00 0HN3P4HEJHD14:00000004 [INF] Request starting "HTTP/1.1" "GET" "http"://"localhost:5034""""/swagger/v1/swagger.json""" - null null (d509f86a)
2024-05-20T20:27:08.4037907-03:00 0HN3P4HEJHD14:00000004 [ERR] An unhandled exception has occurred while executing the request. (48a46595)
Swashbuckle.AspNetCore.SwaggerGen.SwaggerGeneratorException: Conflicting method/path combination "GET api/Product/{id}" for actions - APITrabalhoFinal.Controllers.ProductController.GetById (APITrabalhoFinal),APITrabalhoFinal.Controllers.ProductController.GetByBarCode (APITrabalhoFinal). Actions require a unique method/path combination for Swagger/OpenAPI 3.0. Use ConflictingActionsResolver as a workaround
   at Swashbuckle.AspNetCore.SwaggerGen.SwaggerGenerator.GenerateOperations(IEnumerable`1 apiDescriptions, SchemaRepository schemaRepository)
   at Swashbuckle.AspNetCore.SwaggerGen.SwaggerGenerator.GeneratePaths(IEnumerable`1 apiDescriptions, SchemaRepository schemaRepository)
   at Swashbuckle.AspNetCore.SwaggerGen.SwaggerGenerator.GetSwaggerDocumentWithoutFilters(String documentName, String host, String basePath)
   at Swashbuckle.AspNetCore.SwaggerGen.SwaggerGenerator.GetSwaggerAsync(String documentName, String host, String basePath)
   at Swashbuckle.AspNetCore.Swagger.SwaggerMiddleware.Invoke(HttpContext httpContext, ISwaggerProvider swaggerProvider)
   at Microsoft.AspNetCore.Authentication.AuthenticationMiddleware.Invoke(HttpContext context)
   at Microsoft.AspNetCore.Diagnostics.DeveloperExceptionPageMiddlewareImpl.Invoke(HttpContext context)
2024-05-20T20:27:08.4081078-03:00 0HN3P4HEJHD14:00000004 [INF] Request finished "HTTP/1.1" "GET" "http"://"localhost:5034""""/swagger/v1/swagger.json""" - 500 null "text/plain; charset=utf-8" 577.4731ms (74253ad3)
2024-05-20T20:28:59.3592407-03:00  [INF] Now listening on: "http://localhost:5034" (d826f4b8)
2024-05-20T20:28:59.3673342-03:00  [INF] Application started. Press Ctrl+C to shut down. (dcaefe54)
2024-05-20T20:28:59.3787880-03:00  [INF] Hosting environment: "Development" (bc5a1a4e)
2024-05-20T20:28:59.3809027-03:00  [INF] Content root path: "C:\Users\João\source\repos\APITrabalhoFinal\APITrabalhoFinal" (cc26f24e)
2024-05-20T20:29:00.0453099-03:00 0HN3P4IG4O0RQ:00000001 [INF] Request starting "HTTP/1.1" "GET" "http"://"localhost:5034""""/swagger/index.html""" - null null (d509f86a)
2024-05-20T20:29:00.4232085-03:00 0HN3P4IG4O0RQ:00000001 [INF] Request finished "HTTP/1.1" "GET" "http"://"localhost:5034""""/swagger/index.html""" - 200 null "text/html;charset=utf-8" 384.7104ms (74253ad3)
2024-05-20T20:29:00.4271558-03:00 0HN3P4IG4O0RQ:00000002 [INF] Request starting "HTTP/1.1" "GET" "http"://"localhost:5034""""/_vs/browserLink""" - null null (d509f86a)
2024-05-20T20:29:00.4271538-03:00 0HN3P4IG4O0RR:00000001 [INF] Request starting "HTTP/1.1" "GET" "http"://"localhost:5034""""/_framework/aspnetcore-browser-refresh.js""" - null null (d509f86a)
2024-05-20T20:29:00.4593372-03:00 0HN3P4IG4O0RR:00000001 [INF] Request finished "HTTP/1.1" "GET" "http"://"localhost:5034""""/_framework/aspnetcore-browser-refresh.js""" - 200 13768 "application/javascript; charset=utf-8" 32.2277ms (74253ad3)
2024-05-20T20:29:00.4867395-03:00 0HN3P4IG4O0RQ:00000002 [INF] Request finished "HTTP/1.1" "GET" "http"://"localhost:5034""""/_vs/browserLink""" - 200 null "text/javascript; charset=UTF-8" 59.5038ms (74253ad3)
2024-05-20T20:29:00.5477796-03:00 0HN3P4IG4O0RQ:00000003 [INF] Request starting "HTTP/1.1" "GET" "http"://"localhost:5034""""/swagger/v1/swagger.json""" - null null (d509f86a)
2024-05-20T20:29:00.7334213-03:00 0HN3P4IG4O0RQ:00000003 [ERR] An unhandled exception has occurred while executing the request. (48a46595)
Swashbuckle.AspNetCore.SwaggerGen.SwaggerGeneratorException: Conflicting method/path combination "GET api/Product/{id}" for actions - APITrabalhoFinal.Controllers.ProductController.GetById (APITrabalhoFinal),APITrabalhoFinal.Controllers.ProductController.GetByBarCode (APITrabalhoFinal). Actions require a unique method/path combination for Swagger/OpenAPI 3.0. Use ConflictingActionsResolver as a workaround
   at Swashbuckle.AspNetCore.SwaggerGen.SwaggerGenerator.GenerateOperations(IEnumerable`1 apiDescriptions, SchemaRepository schemaRepository)
   at Swashbuckle.AspNetCore.SwaggerGen.SwaggerGenerator.GeneratePaths(IEnumerable`1 apiDescriptions, SchemaRepository schemaRepository)
   at Swashbuckle.AspNetCore.SwaggerGen.SwaggerGenerator.GetSwaggerDocumentWithoutFilters(String documentName, String host, String basePath)
   at Swashbuckle.AspNetCore.SwaggerGen.SwaggerGenerator.GetSwaggerAsync(String documentName, String host, String basePath)
   at Swashbuckle.AspNetCore.Swagger.SwaggerMiddleware.Invoke(HttpContext httpContext, ISwaggerProvider swaggerProvider)
   at Microsoft.AspNetCore.Authentication.AuthenticationMiddleware.Invoke(HttpContext context)
   at Microsoft.AspNetCore.Diagnostics.DeveloperExceptionPageMiddlewareImpl.Invoke(HttpContext context)
2024-05-20T20:29:00.7366692-03:00 0HN3P4IG4O0RQ:00000003 [INF] Request finished "HTTP/1.1" "GET" "http"://"localhost:5034""""/swagger/v1/swagger.json""" - 500 null "text/plain; charset=utf-8" 188.9259ms (74253ad3)
2024-05-20T20:29:15.6971330-03:00  [INF] Now listening on: "http://localhost:5034" (d826f4b8)
2024-05-20T20:29:15.7044410-03:00  [INF] Application started. Press Ctrl+C to shut down. (dcaefe54)
2024-05-20T20:29:15.7073508-03:00  [INF] Hosting environment: "Development" (bc5a1a4e)
2024-05-20T20:29:15.7141192-03:00  [INF] Content root path: "C:\Users\João\source\repos\APITrabalhoFinal\APITrabalhoFinal" (cc26f24e)
2024-05-20T20:29:16.3422724-03:00 0HN3P4IL1NGV1:00000001 [INF] Request starting "HTTP/1.1" "GET" "http"://"localhost:5034""""/swagger/index.html""" - null null (d509f86a)
2024-05-20T20:29:16.5587809-03:00 0HN3P4IL1NGV1:00000001 [INF] Request finished "HTTP/1.1" "GET" "http"://"localhost:5034""""/swagger/index.html""" - 200 null "text/html;charset=utf-8" 223.4442ms (74253ad3)
2024-05-20T20:29:16.5620391-03:00 0HN3P4IL1NGV1:00000002 [INF] Request starting "HTTP/1.1" "GET" "http"://"localhost:5034""""/_framework/aspnetcore-browser-refresh.js""" - null null (d509f86a)
2024-05-20T20:29:16.5629893-03:00 0HN3P4IL1NGV3:00000001 [INF] Request starting "HTTP/1.1" "GET" "http"://"localhost:5034""""/_vs/browserLink""" - null null (d509f86a)
2024-05-20T20:29:16.5649298-03:00 0HN3P4IL1NGV1:00000002 [INF] Request finished "HTTP/1.1" "GET" "http"://"localhost:5034""""/_framework/aspnetcore-browser-refresh.js""" - 200 13768 "application/javascript; charset=utf-8" 3.0249ms (74253ad3)
2024-05-20T20:29:16.5971984-03:00 0HN3P4IL1NGV3:00000001 [INF] Request finished "HTTP/1.1" "GET" "http"://"localhost:5034""""/_vs/browserLink""" - 200 null "text/javascript; charset=UTF-8" 34.2522ms (74253ad3)
2024-05-20T20:29:16.6606676-03:00 0HN3P4IL1NGV3:00000002 [INF] Request starting "HTTP/1.1" "GET" "http"://"localhost:5034""""/swagger/v1/swagger.json""" - null null (d509f86a)
2024-05-20T20:29:16.8008447-03:00 0HN3P4IL1NGV3:00000002 [ERR] An unhandled exception has occurred while executing the request. (48a46595)
Swashbuckle.AspNetCore.SwaggerGen.SwaggerGeneratorException: Conflicting method/path combination "GET api/Product/{id}" for actions - APITrabalhoFinal.Controllers.ProductController.GetById (APITrabalhoFinal),APITrabalhoFinal.Controllers.ProductController.GetByBarCode (APITrabalhoFinal). Actions require a unique method/path combination for Swagger/OpenAPI 3.0. Use ConflictingActionsResolver as a workaround
   at Swashbuckle.AspNetCore.SwaggerGen.SwaggerGenerator.GenerateOperations(IEnumerable`1 apiDescriptions, SchemaRepository schemaRepository)
   at Swashbuckle.AspNetCore.SwaggerGen.SwaggerGenerator.GeneratePaths(IEnumerable`1 apiDescriptions, SchemaRepository schemaRepository)
   at Swashbuckle.AspNetCore.SwaggerGen.SwaggerGenerator.GetSwaggerDocumentWithoutFilters(String documentName, String host, String basePath)
   at Swashbuckle.AspNetCore.SwaggerGen.SwaggerGenerator.GetSwaggerAsync(String documentName, String host, String basePath)
   at Swashbuckle.AspNetCore.Swagger.SwaggerMiddleware.Invoke(HttpContext httpContext, ISwaggerProvider swaggerProvider)
   at Microsoft.AspNetCore.Authentication.AuthenticationMiddleware.Invoke(HttpContext context)
   at Microsoft.AspNetCore.Diagnostics.DeveloperExceptionPageMiddlewareImpl.Invoke(HttpContext context)
2024-05-20T20:29:16.8039530-03:00 0HN3P4IL1NGV3:00000002 [INF] Request finished "HTTP/1.1" "GET" "http"://"localhost:5034""""/swagger/v1/swagger.json""" - 500 null "text/plain; charset=utf-8" 143.2804ms (74253ad3)
2024-05-20T20:32:53.1122862-03:00  [INF] Now listening on: "http://localhost:5034" (d826f4b8)
2024-05-20T20:32:53.1219957-03:00  [INF] Application started. Press Ctrl+C to shut down. (dcaefe54)
2024-05-20T20:32:53.1262992-03:00  [INF] Hosting environment: "Development" (bc5a1a4e)
2024-05-20T20:32:53.1354434-03:00  [INF] Content root path: "C:\Users\João\source\repos\APITrabalhoFinal\APITrabalhoFinal" (cc26f24e)
2024-05-20T20:32:53.6704099-03:00 0HN3P4KLS40MR:00000001 [INF] Request starting "HTTP/1.1" "GET" "http"://"localhost:5034""""/swagger/index.html""" - null null (d509f86a)
2024-05-20T20:32:53.9326979-03:00 0HN3P4KLS40MR:00000001 [INF] Request finished "HTTP/1.1" "GET" "http"://"localhost:5034""""/swagger/index.html""" - 200 null "text/html;charset=utf-8" 271.5967ms (74253ad3)
2024-05-20T20:32:53.9358547-03:00 0HN3P4KLS40MR:00000002 [INF] Request starting "HTTP/1.1" "GET" "http"://"localhost:5034""""/_framework/aspnetcore-browser-refresh.js""" - null null (d509f86a)
2024-05-20T20:32:53.9385588-03:00 0HN3P4KLS40MS:00000001 [INF] Request starting "HTTP/1.1" "GET" "http"://"localhost:5034""""/_vs/browserLink""" - null null (d509f86a)
2024-05-20T20:32:53.9389844-03:00 0HN3P4KLS40MR:00000002 [INF] Request finished "HTTP/1.1" "GET" "http"://"localhost:5034""""/_framework/aspnetcore-browser-refresh.js""" - 200 13768 "application/javascript; charset=utf-8" 3.2791ms (74253ad3)
2024-05-20T20:32:53.9905811-03:00 0HN3P4KLS40MS:00000001 [INF] Request finished "HTTP/1.1" "GET" "http"://"localhost:5034""""/_vs/browserLink""" - 200 null "text/javascript; charset=UTF-8" 52.1475ms (74253ad3)
2024-05-20T20:32:54.1050316-03:00 0HN3P4KLS40MS:00000002 [INF] Request starting "HTTP/1.1" "GET" "http"://"localhost:5034""""/swagger/v1/swagger.json""" - null null (d509f86a)
2024-05-20T20:32:54.2555880-03:00 0HN3P4KLS40MS:00000002 [INF] Request finished "HTTP/1.1" "GET" "http"://"localhost:5034""""/swagger/v1/swagger.json""" - 200 null "application/json;charset=utf-8" 150.6071ms (74253ad3)
2024-05-20T20:33:57.8722710-03:00 0HN3P4KLS40MT:00000001 [INF] Request starting "HTTP/1.1" "POST" "http"://"localhost:5034""""/api/Product""" - "application/json" 178 (d509f86a)
2024-05-20T20:33:57.8811633-03:00 0HN3P4KLS40MT:00000001 [INF] Executing endpoint '"APITrabalhoFinal.Controllers.ProductController.Insert (APITrabalhoFinal)"' (500cc934)
2024-05-20T20:33:57.9072043-03:00 0HN3P4KLS40MT:00000001 [INF] Route matched with "{action = \"Insert\", controller = \"Product\"}". Executing controller action with signature "Microsoft.AspNetCore.Mvc.ActionResult`1[APITrabalhoFinal.DataBase.Models.TbProduct] Insert(APITrabalhoFinal.Services.DTOs.ProductDTO)" on controller "APITrabalhoFinal.Controllers.ProductController" ("APITrabalhoFinal"). (122b2fdf)
2024-05-20T20:33:59.7825909-03:00 0HN3P4KLS40MT:00000001 [INF] Executed DbCommand ("60"ms) [Parameters=["@p0='?', @p1='?', @p2='?' (DbType = Decimal), @p3='?', @p4='?' (DbType = Decimal), @p5='?' (DbType = Int32)"], CommandType='Text', CommandTimeout='30']"
""INSERT INTO tb_products (barcode, barcodetype, costprice, description, price, stock)
VALUES (@p0, @p1, @p2, @p3, @p4, @p5)
RETURNING id;" (0723d8ff)
2024-05-20T20:33:59.8175755-03:00 0HN3P4KLS40MT:00000001 [INF] Executing "OkObjectResult", writing value of type '"APITrabalhoFinal.DataBase.Models.TbProduct"'. (605b4265)
2024-05-20T20:33:59.8320290-03:00 0HN3P4KLS40MT:00000001 [INF] Executed action "APITrabalhoFinal.Controllers.ProductController.Insert (APITrabalhoFinal)" in 1921.7242ms (afa2e885)
2024-05-20T20:33:59.8321429-03:00 0HN3P4KLS40MT:00000001 [INF] Executed endpoint '"APITrabalhoFinal.Controllers.ProductController.Insert (APITrabalhoFinal)"' (99874f2b)
2024-05-20T20:33:59.8380494-03:00 0HN3P4KLS40MT:00000001 [INF] Request finished "HTTP/1.1" "POST" "http"://"localhost:5034""""/api/Product""" - 200 null "application/json; charset=utf-8" 1965.8271ms (74253ad3)
2024-05-20T20:34:11.0311158-03:00 0HN3P4KLS40MU:00000001 [INF] Request starting "HTTP/1.1" "POST" "http"://"localhost:5034""""/api/Product""" - "application/json" 177 (d509f86a)
2024-05-20T20:34:11.0321050-03:00 0HN3P4KLS40MU:00000001 [INF] Executing endpoint '"APITrabalhoFinal.Controllers.ProductController.Insert (APITrabalhoFinal)"' (500cc934)
2024-05-20T20:34:11.0323479-03:00 0HN3P4KLS40MU:00000001 [INF] Route matched with "{action = \"Insert\", controller = \"Product\"}". Executing controller action with signature "Microsoft.AspNetCore.Mvc.ActionResult`1[APITrabalhoFinal.DataBase.Models.TbProduct] Insert(APITrabalhoFinal.Services.DTOs.ProductDTO)" on controller "APITrabalhoFinal.Controllers.ProductController" ("APITrabalhoFinal"). (122b2fdf)
2024-05-20T20:34:11.0864660-03:00 0HN3P4KLS40MU:00000001 [INF] Executed DbCommand ("2"ms) [Parameters=["@p0='?', @p1='?', @p2='?' (DbType = Decimal), @p3='?', @p4='?' (DbType = Decimal), @p5='?' (DbType = Int32)"], CommandType='Text', CommandTimeout='30']"
""INSERT INTO tb_products (barcode, barcodetype, costprice, description, price, stock)
VALUES (@p0, @p1, @p2, @p3, @p4, @p5)
RETURNING id;" (0723d8ff)
2024-05-20T20:34:11.0873054-03:00 0HN3P4KLS40MU:00000001 [INF] Executing "OkObjectResult", writing value of type '"APITrabalhoFinal.DataBase.Models.TbProduct"'. (605b4265)
2024-05-20T20:34:11.0875526-03:00 0HN3P4KLS40MU:00000001 [INF] Executed action "APITrabalhoFinal.Controllers.ProductController.Insert (APITrabalhoFinal)" in 55.1627ms (afa2e885)
2024-05-20T20:34:11.0875851-03:00 0HN3P4KLS40MU:00000001 [INF] Executed endpoint '"APITrabalhoFinal.Controllers.ProductController.Insert (APITrabalhoFinal)"' (99874f2b)
2024-05-20T20:34:11.0876898-03:00 0HN3P4KLS40MU:00000001 [INF] Request finished "HTTP/1.1" "POST" "http"://"localhost:5034""""/api/Product""" - 200 null "application/json; charset=utf-8" 56.6838ms (74253ad3)
2024-05-20T20:34:18.0733831-03:00 0HN3P4KLS40MV:00000001 [INF] Request starting "HTTP/1.1" "POST" "http"://"localhost:5034""""/api/Product""" - "application/json" 186 (d509f86a)
2024-05-20T20:34:18.0736344-03:00 0HN3P4KLS40MV:00000001 [INF] Executing endpoint '"APITrabalhoFinal.Controllers.ProductController.Insert (APITrabalhoFinal)"' (500cc934)
2024-05-20T20:34:18.0737314-03:00 0HN3P4KLS40MV:00000001 [INF] Route matched with "{action = \"Insert\", controller = \"Product\"}". Executing controller action with signature "Microsoft.AspNetCore.Mvc.ActionResult`1[APITrabalhoFinal.DataBase.Models.TbProduct] Insert(APITrabalhoFinal.Services.DTOs.ProductDTO)" on controller "APITrabalhoFinal.Controllers.ProductController" ("APITrabalhoFinal"). (122b2fdf)
2024-05-20T20:34:18.0960172-03:00 0HN3P4KLS40MV:00000001 [INF] Executed DbCommand ("4"ms) [Parameters=["@p0='?', @p1='?', @p2='?' (DbType = Decimal), @p3='?', @p4='?' (DbType = Decimal), @p5='?' (DbType = Int32)"], CommandType='Text', CommandTimeout='30']"
""INSERT INTO tb_products (barcode, barcodetype, costprice, description, price, stock)
VALUES (@p0, @p1, @p2, @p3, @p4, @p5)
RETURNING id;" (0723d8ff)
2024-05-20T20:34:18.0964778-03:00 0HN3P4KLS40MV:00000001 [INF] Executing "OkObjectResult", writing value of type '"APITrabalhoFinal.DataBase.Models.TbProduct"'. (605b4265)
2024-05-20T20:34:18.0966286-03:00 0HN3P4KLS40MV:00000001 [INF] Executed action "APITrabalhoFinal.Controllers.ProductController.Insert (APITrabalhoFinal)" in 22.8655ms (afa2e885)
2024-05-20T20:34:18.0966605-03:00 0HN3P4KLS40MV:00000001 [INF] Executed endpoint '"APITrabalhoFinal.Controllers.ProductController.Insert (APITrabalhoFinal)"' (99874f2b)
2024-05-20T20:34:18.0967409-03:00 0HN3P4KLS40MV:00000001 [INF] Request finished "HTTP/1.1" "POST" "http"://"localhost:5034""""/api/Product""" - 200 null "application/json; charset=utf-8" 23.4252ms (74253ad3)
2024-05-20T20:34:39.0312756-03:00 0HN3P4KLS40N0:00000001 [INF] Request starting "HTTP/1.1" "GET" "http"://"localhost:5034""""/api/Product""" - null null (d509f86a)
2024-05-20T20:34:39.0315611-03:00 0HN3P4KLS40N0:00000001 [INF] Executing endpoint '"APITrabalhoFinal.Controllers.ProductController.Get (APITrabalhoFinal)"' (500cc934)
2024-05-20T20:34:39.0331234-03:00 0HN3P4KLS40N0:00000001 [INF] Route matched with "{action = \"Get\", controller = \"Product\"}". Executing controller action with signature "Microsoft.AspNetCore.Mvc.ActionResult`1[APITrabalhoFinal.DataBase.Models.TbProduct] Get()" on controller "APITrabalhoFinal.Controllers.ProductController" ("APITrabalhoFinal"). (122b2fdf)
2024-05-20T20:34:39.2157664-03:00 0HN3P4KLS40N0:00000001 [INF] Executed DbCommand ("1"ms) [Parameters=[""], CommandType='Text', CommandTimeout='30']"
""SELECT t.id, t.barcode, t.barcodetype, t.costprice, t.description, t.price, t.stock
FROM tb_products AS t" (0723d8ff)
2024-05-20T20:34:39.2232317-03:00 0HN3P4KLS40N0:00000001 [INF] Executing "OkObjectResult", writing value of type '"System.Collections.Generic.List`1[[APITrabalhoFinal.DataBase.Models.TbProduct, APITrabalhoFinal, Version=1.0.0.0, Culture=neutral, PublicKeyToken=null]]"'. (605b4265)
2024-05-20T20:34:39.2239009-03:00 0HN3P4KLS40N0:00000001 [INF] Executed action "APITrabalhoFinal.Controllers.ProductController.Get (APITrabalhoFinal)" in 190.7345ms (afa2e885)
2024-05-20T20:34:39.2239316-03:00 0HN3P4KLS40N0:00000001 [INF] Executed endpoint '"APITrabalhoFinal.Controllers.ProductController.Get (APITrabalhoFinal)"' (99874f2b)
2024-05-20T20:34:39.2240173-03:00 0HN3P4KLS40N0:00000001 [INF] Request finished "HTTP/1.1" "GET" "http"://"localhost:5034""""/api/Product""" - 200 null "application/json; charset=utf-8" 192.787ms (74253ad3)
2024-05-20T20:35:14.5979763-03:00 0HN3P4KLS40N1:00000001 [INF] Request starting "HTTP/1.1" "GET" "http"://"localhost:5034""""/api/Product/5""" - null null (d509f86a)
2024-05-20T20:35:14.5982762-03:00 0HN3P4KLS40N1:00000001 [INF] Executing endpoint '"APITrabalhoFinal.Controllers.ProductController.GetById (APITrabalhoFinal)"' (500cc934)
2024-05-20T20:35:14.6012335-03:00 0HN3P4KLS40N1:00000001 [INF] Route matched with "{action = \"GetById\", controller = \"Product\"}". Executing controller action with signature "Microsoft.AspNetCore.Mvc.ActionResult`1[APITrabalhoFinal.DataBase.Models.TbProduct] GetById(Int32)" on controller "APITrabalhoFinal.Controllers.ProductController" ("APITrabalhoFinal"). (122b2fdf)
2024-05-20T20:35:14.6969833-03:00 0HN3P4KLS40N1:00000001 [INF] Executed DbCommand ("1"ms) [Parameters=["@__id_0='?' (DbType = Int32)"], CommandType='Text', CommandTimeout='30']"
""SELECT t.id, t.barcode, t.barcodetype, t.costprice, t.description, t.price, t.stock
FROM tb_products AS t
WHERE t.id = @__id_0
LIMIT 1" (0723d8ff)
2024-05-20T20:35:14.6974494-03:00 0HN3P4KLS40N1:00000001 [INF] Executing "OkObjectResult", writing value of type '"APITrabalhoFinal.DataBase.Models.TbProduct"'. (605b4265)
2024-05-20T20:35:14.6975974-03:00 0HN3P4KLS40N1:00000001 [INF] Executed action "APITrabalhoFinal.Controllers.ProductController.GetById (APITrabalhoFinal)" in 96.3216ms (afa2e885)
2024-05-20T20:35:14.6976190-03:00 0HN3P4KLS40N1:00000001 [INF] Executed endpoint '"APITrabalhoFinal.Controllers.ProductController.GetById (APITrabalhoFinal)"' (99874f2b)
2024-05-20T20:35:14.6976900-03:00 0HN3P4KLS40N1:00000001 [INF] Request finished "HTTP/1.1" "GET" "http"://"localhost:5034""""/api/Product/5""" - 200 null "application/json; charset=utf-8" 99.7535ms (74253ad3)
2024-05-20T20:35:32.1911852-03:00 0HN3P4KLS40N2:00000001 [INF] Request starting "HTTP/1.1" "GET" "http"://"localhost:5034""""/api/Product/barcode/{barcode}""" - null null (d509f86a)
2024-05-20T20:35:32.1915275-03:00 0HN3P4KLS40N2:00000001 [INF] Executing endpoint '"APITrabalhoFinal.Controllers.ProductController.GetByBarCode (APITrabalhoFinal)"' (500cc934)
2024-05-20T20:35:32.2102396-03:00 0HN3P4KLS40N2:00000001 [INF] Route matched with "{action = \"GetByBarCode\", controller = \"Product\"}". Executing controller action with signature "Microsoft.AspNetCore.Mvc.ActionResult`1[APITrabalhoFinal.DataBase.Models.TbProduct] GetByBarCode(Int32)" on controller "APITrabalhoFinal.Controllers.ProductController" ("APITrabalhoFinal"). (122b2fdf)
2024-05-20T20:35:32.2202934-03:00 0HN3P4KLS40N2:00000001 [INF] Executing "BadRequestObjectResult", writing value of type '"Microsoft.AspNetCore.Mvc.ValidationProblemDetails"'. (605b4265)
2024-05-20T20:35:32.2344830-03:00 0HN3P4KLS40N2:00000001 [INF] Executed action "APITrabalhoFinal.Controllers.ProductController.GetByBarCode (APITrabalhoFinal)" in 24.0628ms (afa2e885)
2024-05-20T20:35:32.2345360-03:00 0HN3P4KLS40N2:00000001 [INF] Executed endpoint '"APITrabalhoFinal.Controllers.ProductController.GetByBarCode (APITrabalhoFinal)"' (99874f2b)
2024-05-20T20:35:32.2346700-03:00 0HN3P4KLS40N2:00000001 [INF] Request finished "HTTP/1.1" "GET" "http"://"localhost:5034""""/api/Product/barcode/{barcode}""" - 400 null "application/problem+json; charset=utf-8" 43.9043ms (74253ad3)
2024-05-20T20:35:47.5115798-03:00 0HN3P4KLS40N3:00000001 [INF] Request starting "HTTP/1.1" "GET" "http"://"localhost:5034""""/api/Product""" - null null (d509f86a)
2024-05-20T20:35:47.5117645-03:00 0HN3P4KLS40N3:00000001 [INF] Executing endpoint '"APITrabalhoFinal.Controllers.ProductController.Get (APITrabalhoFinal)"' (500cc934)
2024-05-20T20:35:47.5118438-03:00 0HN3P4KLS40N3:00000001 [INF] Route matched with "{action = \"Get\", controller = \"Product\"}". Executing controller action with signature "Microsoft.AspNetCore.Mvc.ActionResult`1[APITrabalhoFinal.DataBase.Models.TbProduct] Get()" on controller "APITrabalhoFinal.Controllers.ProductController" ("APITrabalhoFinal"). (122b2fdf)
2024-05-20T20:35:47.5154161-03:00 0HN3P4KLS40N3:00000001 [INF] Executed DbCommand ("0"ms) [Parameters=[""], CommandType='Text', CommandTimeout='30']"
""SELECT t.id, t.barcode, t.barcodetype, t.costprice, t.description, t.price, t.stock
FROM tb_products AS t" (0723d8ff)
2024-05-20T20:35:47.5159079-03:00 0HN3P4KLS40N3:00000001 [INF] Executing "OkObjectResult", writing value of type '"System.Collections.Generic.List`1[[APITrabalhoFinal.DataBase.Models.TbProduct, APITrabalhoFinal, Version=1.0.0.0, Culture=neutral, PublicKeyToken=null]]"'. (605b4265)
2024-05-20T20:35:47.5160891-03:00 0HN3P4KLS40N3:00000001 [INF] Executed action "APITrabalhoFinal.Controllers.ProductController.Get (APITrabalhoFinal)" in 4.1606ms (afa2e885)
2024-05-20T20:35:47.5161187-03:00 0HN3P4KLS40N3:00000001 [INF] Executed endpoint '"APITrabalhoFinal.Controllers.ProductController.Get (APITrabalhoFinal)"' (99874f2b)
2024-05-20T20:35:47.5163004-03:00 0HN3P4KLS40N3:00000001 [INF] Request finished "HTTP/1.1" "GET" "http"://"localhost:5034""""/api/Product""" - 200 null "application/json; charset=utf-8" 4.7175ms (74253ad3)
2024-05-20T20:35:59.8872579-03:00 0HN3P4KLS40N4:00000001 [INF] Request starting "HTTP/1.1" "GET" "http"://"localhost:5034""""/api/Product/barcode/{barcode}""" - null null (d509f86a)
2024-05-20T20:35:59.8874244-03:00 0HN3P4KLS40N4:00000001 [INF] Executing endpoint '"APITrabalhoFinal.Controllers.ProductController.GetByBarCode (APITrabalhoFinal)"' (500cc934)
2024-05-20T20:35:59.8874863-03:00 0HN3P4KLS40N4:00000001 [INF] Route matched with "{action = \"GetByBarCode\", controller = \"Product\"}". Executing controller action with signature "Microsoft.AspNetCore.Mvc.ActionResult`1[APITrabalhoFinal.DataBase.Models.TbProduct] GetByBarCode(Int32)" on controller "APITrabalhoFinal.Controllers.ProductController" ("APITrabalhoFinal"). (122b2fdf)
2024-05-20T20:35:59.8883614-03:00 0HN3P4KLS40N4:00000001 [INF] Executing "BadRequestObjectResult", writing value of type '"Microsoft.AspNetCore.Mvc.ValidationProblemDetails"'. (605b4265)
2024-05-20T20:35:59.8885634-03:00 0HN3P4KLS40N4:00000001 [INF] Executed action "APITrabalhoFinal.Controllers.ProductController.GetByBarCode (APITrabalhoFinal)" in 1.056ms (afa2e885)
2024-05-20T20:35:59.8885924-03:00 0HN3P4KLS40N4:00000001 [INF] Executed endpoint '"APITrabalhoFinal.Controllers.ProductController.GetByBarCode (APITrabalhoFinal)"' (99874f2b)
2024-05-20T20:35:59.8886553-03:00 0HN3P4KLS40N4:00000001 [INF] Request finished "HTTP/1.1" "GET" "http"://"localhost:5034""""/api/Product/barcode/{barcode}""" - 400 null "application/problem+json; charset=utf-8" 1.4616ms (74253ad3)
2024-05-20T20:36:05.6023071-03:00 0HN3P4KLS40N4:00000002 [INF] Request starting "HTTP/1.1" "GET" "http"://"localhost:5034""""/api/Product/barcode/{barcode}""" - null null (d509f86a)
2024-05-20T20:36:05.6024999-03:00 0HN3P4KLS40N4:00000002 [INF] Executing endpoint '"APITrabalhoFinal.Controllers.ProductController.GetByBarCode (APITrabalhoFinal)"' (500cc934)
2024-05-20T20:36:05.6025707-03:00 0HN3P4KLS40N4:00000002 [INF] Route matched with "{action = \"GetByBarCode\", controller = \"Product\"}". Executing controller action with signature "Microsoft.AspNetCore.Mvc.ActionResult`1[APITrabalhoFinal.DataBase.Models.TbProduct] GetByBarCode(Int32)" on controller "APITrabalhoFinal.Controllers.ProductController" ("APITrabalhoFinal"). (122b2fdf)
2024-05-20T20:36:05.6033997-03:00 0HN3P4KLS40N4:00000002 [INF] Executing "BadRequestObjectResult", writing value of type '"Microsoft.AspNetCore.Mvc.ValidationProblemDetails"'. (605b4265)
2024-05-20T20:36:05.6035437-03:00 0HN3P4KLS40N4:00000002 [INF] Executed action "APITrabalhoFinal.Controllers.ProductController.GetByBarCode (APITrabalhoFinal)" in 0.9559ms (afa2e885)
2024-05-20T20:36:05.6035688-03:00 0HN3P4KLS40N4:00000002 [INF] Executed endpoint '"APITrabalhoFinal.Controllers.ProductController.GetByBarCode (APITrabalhoFinal)"' (99874f2b)
2024-05-20T20:36:05.6036205-03:00 0HN3P4KLS40N4:00000002 [INF] Request finished "HTTP/1.1" "GET" "http"://"localhost:5034""""/api/Product/barcode/{barcode}""" - 400 null "application/problem+json; charset=utf-8" 1.4204ms (74253ad3)
2024-05-20T20:41:09.6478725-03:00  [INF] Now listening on: "http://localhost:5034" (d826f4b8)
2024-05-20T20:41:09.6580164-03:00  [INF] Application started. Press Ctrl+C to shut down. (dcaefe54)
2024-05-20T20:41:09.6668536-03:00  [INF] Hosting environment: "Development" (bc5a1a4e)
2024-05-20T20:41:09.6684821-03:00  [INF] Content root path: "C:\Users\João\source\repos\APITrabalhoFinal\APITrabalhoFinal" (cc26f24e)
2024-05-20T20:41:10.0400794-03:00 0HN3P4P9OU97A:00000001 [INF] Request starting "HTTP/1.1" "GET" "http"://"localhost:5034""""/swagger/index.html""" - null null (d509f86a)
2024-05-20T20:41:10.2796780-03:00 0HN3P4P9OU97A:00000001 [INF] Request finished "HTTP/1.1" "GET" "http"://"localhost:5034""""/swagger/index.html""" - 200 null "text/html;charset=utf-8" 246.7527ms (74253ad3)
2024-05-20T20:41:10.2844427-03:00 0HN3P4P9OU97B:00000001 [INF] Request starting "HTTP/1.1" "GET" "http"://"localhost:5034""""/_vs/browserLink""" - null null (d509f86a)
2024-05-20T20:41:10.2844407-03:00 0HN3P4P9OU97A:00000002 [INF] Request starting "HTTP/1.1" "GET" "http"://"localhost:5034""""/_framework/aspnetcore-browser-refresh.js""" - null null (d509f86a)
2024-05-20T20:41:10.2879976-03:00 0HN3P4P9OU97A:00000002 [INF] Request finished "HTTP/1.1" "GET" "http"://"localhost:5034""""/_framework/aspnetcore-browser-refresh.js""" - 200 13768 "application/javascript; charset=utf-8" 3.9677ms (74253ad3)
2024-05-20T20:41:10.3170753-03:00 0HN3P4P9OU97B:00000001 [INF] Request finished "HTTP/1.1" "GET" "http"://"localhost:5034""""/_vs/browserLink""" - 200 null "text/javascript; charset=UTF-8" 32.8106ms (74253ad3)
2024-05-20T20:41:10.3902317-03:00 0HN3P4P9OU97B:00000002 [INF] Request starting "HTTP/1.1" "GET" "http"://"localhost:5034""""/swagger/v1/swagger.json""" - null null (d509f86a)
2024-05-20T20:41:10.4952657-03:00 0HN3P4P9OU97B:00000002 [INF] Request finished "HTTP/1.1" "GET" "http"://"localhost:5034""""/swagger/v1/swagger.json""" - 200 null "application/json;charset=utf-8" 105.0824ms (74253ad3)
2024-05-20T20:41:16.4267594-03:00 0HN3P4P9OU97C:00000001 [INF] Request starting "HTTP/1.1" "GET" "http"://"localhost:5034""""/api/Product""" - null null (d509f86a)
2024-05-20T20:41:16.4342127-03:00 0HN3P4P9OU97C:00000001 [INF] Executing endpoint '"APITrabalhoFinal.Controllers.ProductController.Get (APITrabalhoFinal)"' (500cc934)
2024-05-20T20:41:16.4497070-03:00 0HN3P4P9OU97C:00000001 [INF] Route matched with "{action = \"Get\", controller = \"Product\"}". Executing controller action with signature "Microsoft.AspNetCore.Mvc.ActionResult`1[APITrabalhoFinal.DataBase.Models.TbProduct] Get()" on controller "APITrabalhoFinal.Controllers.ProductController" ("APITrabalhoFinal"). (122b2fdf)
2024-05-20T20:41:17.4002444-03:00 0HN3P4P9OU97C:00000001 [INF] Executed DbCommand ("15"ms) [Parameters=[""], CommandType='Text', CommandTimeout='30']"
""SELECT t.id, t.barcode, t.barcodetype, t.costprice, t.description, t.price, t.stock
FROM tb_products AS t" (0723d8ff)
2024-05-20T20:41:17.4875329-03:00 0HN3P4P9OU97C:00000001 [INF] Executing "OkObjectResult", writing value of type '"System.Collections.Generic.List`1[[APITrabalhoFinal.DataBase.Models.TbProduct, APITrabalhoFinal, Version=1.0.0.0, Culture=neutral, PublicKeyToken=null]]"'. (605b4265)
2024-05-20T20:41:17.5047629-03:00 0HN3P4P9OU97C:00000001 [INF] Executed action "APITrabalhoFinal.Controllers.ProductController.Get (APITrabalhoFinal)" in 1052.4391ms (afa2e885)
2024-05-20T20:41:17.5048769-03:00 0HN3P4P9OU97C:00000001 [INF] Executed endpoint '"APITrabalhoFinal.Controllers.ProductController.Get (APITrabalhoFinal)"' (99874f2b)
2024-05-20T20:41:17.5107760-03:00 0HN3P4P9OU97C:00000001 [INF] Request finished "HTTP/1.1" "GET" "http"://"localhost:5034""""/api/Product""" - 200 null "application/json; charset=utf-8" 1084.0778ms (74253ad3)
2024-05-20T20:41:32.7195721-03:00 0HN3P4P9OU97D:00000001 [INF] Request starting "HTTP/1.1" "GET" "http"://"localhost:5034""""/api/Product/barcode/{barcode}""" - null null (d509f86a)
2024-05-20T20:41:32.7207396-03:00 0HN3P4P9OU97D:00000001 [INF] Executing endpoint '"APITrabalhoFinal.Controllers.ProductController.GetByBarCode (APITrabalhoFinal)"' (500cc934)
2024-05-20T20:41:32.7301962-03:00 0HN3P4P9OU97D:00000001 [INF] Route matched with "{action = \"GetByBarCode\", controller = \"Product\"}". Executing controller action with signature "Microsoft.AspNetCore.Mvc.ActionResult`1[APITrabalhoFinal.DataBase.Models.TbProduct] GetByBarCode(System.String)" on controller "APITrabalhoFinal.Controllers.ProductController" ("APITrabalhoFinal"). (122b2fdf)
2024-05-20T20:41:32.8516676-03:00 0HN3P4P9OU97D:00000001 [INF] Executed DbCommand ("7"ms) [Parameters=["@__barCode_0='?'"], CommandType='Text', CommandTimeout='30']"
""SELECT t.id, t.barcode, t.barcodetype, t.costprice, t.description, t.price, t.stock
FROM tb_products AS t
WHERE t.barcode = @__barCode_0
LIMIT 1" (0723d8ff)
2024-05-20T20:41:32.9272806-03:00 0HN3P4P9OU97D:00000001 [INF] Executing "NotFoundObjectResult", writing value of type '"System.String"'. (605b4265)
2024-05-20T20:41:32.9277798-03:00 0HN3P4P9OU97D:00000001 [INF] Executed action "APITrabalhoFinal.Controllers.ProductController.GetByBarCode (APITrabalhoFinal)" in 197.4856ms (afa2e885)
2024-05-20T20:41:32.9278152-03:00 0HN3P4P9OU97D:00000001 [INF] Executed endpoint '"APITrabalhoFinal.Controllers.ProductController.GetByBarCode (APITrabalhoFinal)"' (99874f2b)
2024-05-20T20:41:32.9279677-03:00 0HN3P4P9OU97D:00000001 [INF] Request finished "HTTP/1.1" "GET" "http"://"localhost:5034""""/api/Product/barcode/{barcode}""" - 404 null "text/plain; charset=utf-8" 208.8517ms (74253ad3)
2024-05-20T20:41:58.9844259-03:00 0HN3P4P9OU97E:00000001 [INF] Request starting "HTTP/1.1" "GET" "http"://"localhost:5034""""/api/Product""" - null null (d509f86a)
2024-05-20T20:41:58.9848838-03:00 0HN3P4P9OU97E:00000001 [INF] Executing endpoint '"APITrabalhoFinal.Controllers.ProductController.Get (APITrabalhoFinal)"' (500cc934)
2024-05-20T20:41:58.9850613-03:00 0HN3P4P9OU97E:00000001 [INF] Route matched with "{action = \"Get\", controller = \"Product\"}". Executing controller action with signature "Microsoft.AspNetCore.Mvc.ActionResult`1[APITrabalhoFinal.DataBase.Models.TbProduct] Get()" on controller "APITrabalhoFinal.Controllers.ProductController" ("APITrabalhoFinal"). (122b2fdf)
2024-05-20T20:41:59.0279339-03:00 0HN3P4P9OU97E:00000001 [INF] Executed DbCommand ("1"ms) [Parameters=[""], CommandType='Text', CommandTimeout='30']"
""SELECT t.id, t.barcode, t.barcodetype, t.costprice, t.description, t.price, t.stock
FROM tb_products AS t" (0723d8ff)
2024-05-20T20:41:59.0288197-03:00 0HN3P4P9OU97E:00000001 [INF] Executing "OkObjectResult", writing value of type '"System.Collections.Generic.List`1[[APITrabalhoFinal.DataBase.Models.TbProduct, APITrabalhoFinal, Version=1.0.0.0, Culture=neutral, PublicKeyToken=null]]"'. (605b4265)
2024-05-20T20:41:59.0290639-03:00 0HN3P4P9OU97E:00000001 [INF] Executed action "APITrabalhoFinal.Controllers.ProductController.Get (APITrabalhoFinal)" in 43.9788ms (afa2e885)
2024-05-20T20:41:59.0290937-03:00 0HN3P4P9OU97E:00000001 [INF] Executed endpoint '"APITrabalhoFinal.Controllers.ProductController.Get (APITrabalhoFinal)"' (99874f2b)
2024-05-20T20:41:59.0291736-03:00 0HN3P4P9OU97E:00000001 [INF] Request finished "HTTP/1.1" "GET" "http"://"localhost:5034""""/api/Product""" - 200 null "application/json; charset=utf-8" 44.9036ms (74253ad3)
2024-05-20T20:42:20.3305276-03:00 0HN3P4P9OU97F:00000001 [INF] Request starting "HTTP/1.1" "GET" "http"://"localhost:5034""""/api/Product/barcode/{barcode}""" - null null (d509f86a)
2024-05-20T20:42:20.3307478-03:00 0HN3P4P9OU97F:00000001 [INF] Executing endpoint '"APITrabalhoFinal.Controllers.ProductController.GetByBarCode (APITrabalhoFinal)"' (500cc934)
2024-05-20T20:42:20.3308381-03:00 0HN3P4P9OU97F:00000001 [INF] Route matched with "{action = \"GetByBarCode\", controller = \"Product\"}". Executing controller action with signature "Microsoft.AspNetCore.Mvc.ActionResult`1[APITrabalhoFinal.DataBase.Models.TbProduct] GetByBarCode(System.String)" on controller "APITrabalhoFinal.Controllers.ProductController" ("APITrabalhoFinal"). (122b2fdf)
2024-05-20T20:42:20.3428571-03:00 0HN3P4P9OU97F:00000001 [INF] Executed DbCommand ("1"ms) [Parameters=["@__barCode_0='?'"], CommandType='Text', CommandTimeout='30']"
""SELECT t.id, t.barcode, t.barcodetype, t.costprice, t.description, t.price, t.stock
FROM tb_products AS t
WHERE t.barcode = @__barCode_0
LIMIT 1" (0723d8ff)
2024-05-20T20:42:20.3634130-03:00 0HN3P4P9OU97F:00000001 [INF] Executing "NotFoundObjectResult", writing value of type '"System.String"'. (605b4265)
2024-05-20T20:42:20.3636247-03:00 0HN3P4P9OU97F:00000001 [INF] Executed action "APITrabalhoFinal.Controllers.ProductController.GetByBarCode (APITrabalhoFinal)" in 32.7468ms (afa2e885)
2024-05-20T20:42:20.3636818-03:00 0HN3P4P9OU97F:00000001 [INF] Executed endpoint '"APITrabalhoFinal.Controllers.ProductController.GetByBarCode (APITrabalhoFinal)"' (99874f2b)
2024-05-20T20:42:20.3638087-03:00 0HN3P4P9OU97F:00000001 [INF] Request finished "HTTP/1.1" "GET" "http"://"localhost:5034""""/api/Product/barcode/{barcode}""" - 404 null "text/plain; charset=utf-8" 33.3494ms (74253ad3)
2024-05-20T20:45:57.0698368-03:00  [INF] Now listening on: "http://localhost:5034" (d826f4b8)
2024-05-20T20:45:57.0765733-03:00  [INF] Application started. Press Ctrl+C to shut down. (dcaefe54)
2024-05-20T20:45:57.0790059-03:00  [INF] Hosting environment: "Development" (bc5a1a4e)
2024-05-20T20:45:57.0866008-03:00  [INF] Content root path: "C:\Users\João\source\repos\APITrabalhoFinal\APITrabalhoFinal" (cc26f24e)
2024-05-20T20:45:57.7068162-03:00 0HN3P4RVFA9NT:00000001 [INF] Request starting "HTTP/1.1" "GET" "http"://"localhost:5034""""/swagger/index.html""" - null null (d509f86a)
2024-05-20T20:45:57.9856520-03:00 0HN3P4RVFA9NT:00000001 [INF] Request finished "HTTP/1.1" "GET" "http"://"localhost:5034""""/swagger/index.html""" - 200 null "text/html;charset=utf-8" 289.7627ms (74253ad3)
2024-05-20T20:45:57.9894253-03:00 0HN3P4RVFA9NT:00000002 [INF] Request starting "HTTP/1.1" "GET" "http"://"localhost:5034""""/_framework/aspnetcore-browser-refresh.js""" - null null (d509f86a)
2024-05-20T20:45:57.9895188-03:00 0HN3P4RVFA9NV:00000001 [INF] Request starting "HTTP/1.1" "GET" "http"://"localhost:5034""""/_vs/browserLink""" - null null (d509f86a)
2024-05-20T20:45:57.9925556-03:00 0HN3P4RVFA9NT:00000002 [INF] Request finished "HTTP/1.1" "GET" "http"://"localhost:5034""""/_framework/aspnetcore-browser-refresh.js""" - 200 13768 "application/javascript; charset=utf-8" 3.5524ms (74253ad3)
2024-05-20T20:45:58.0209237-03:00 0HN3P4RVFA9NV:00000001 [INF] Request finished "HTTP/1.1" "GET" "http"://"localhost:5034""""/_vs/browserLink""" - 200 null "text/javascript; charset=UTF-8" 31.3769ms (74253ad3)
2024-05-20T20:45:58.0919176-03:00 0HN3P4RVFA9NV:00000002 [INF] Request starting "HTTP/1.1" "GET" "http"://"localhost:5034""""/swagger/v1/swagger.json""" - null null (d509f86a)
2024-05-20T20:45:58.2188098-03:00 0HN3P4RVFA9NV:00000002 [INF] Request finished "HTTP/1.1" "GET" "http"://"localhost:5034""""/swagger/v1/swagger.json""" - 200 null "application/json;charset=utf-8" 126.9248ms (74253ad3)
2024-05-20T20:46:46.1677998-03:00  [INF] Now listening on: "http://localhost:5034" (d826f4b8)
2024-05-20T20:46:46.1752493-03:00  [INF] Application started. Press Ctrl+C to shut down. (dcaefe54)
2024-05-20T20:46:46.1840761-03:00  [INF] Hosting environment: "Development" (bc5a1a4e)
2024-05-20T20:46:46.1858509-03:00  [INF] Content root path: "C:\Users\João\source\repos\APITrabalhoFinal\APITrabalhoFinal" (cc26f24e)
2024-05-20T20:46:47.1207203-03:00 0HN3P4SE4BENH:00000001 [INF] Request starting "HTTP/1.1" "GET" "http"://"localhost:5034""""/swagger/index.html""" - null null (d509f86a)
2024-05-20T20:46:47.3616613-03:00 0HN3P4SE4BENH:00000001 [INF] Request finished "HTTP/1.1" "GET" "http"://"localhost:5034""""/swagger/index.html""" - 200 null "text/html;charset=utf-8" 247.1918ms (74253ad3)
2024-05-20T20:46:47.3663762-03:00 0HN3P4SE4BENI:00000001 [INF] Request starting "HTTP/1.1" "GET" "http"://"localhost:5034""""/_framework/aspnetcore-browser-refresh.js""" - null null (d509f86a)
2024-05-20T20:46:47.3663762-03:00 0HN3P4SE4BENH:00000002 [INF] Request starting "HTTP/1.1" "GET" "http"://"localhost:5034""""/_vs/browserLink""" - null null (d509f86a)
2024-05-20T20:46:47.3684696-03:00 0HN3P4SE4BENI:00000001 [INF] Request finished "HTTP/1.1" "GET" "http"://"localhost:5034""""/_framework/aspnetcore-browser-refresh.js""" - 200 13768 "application/javascript; charset=utf-8" 2.211ms (74253ad3)
2024-05-20T20:46:47.3988673-03:00 0HN3P4SE4BENH:00000002 [INF] Request finished "HTTP/1.1" "GET" "http"://"localhost:5034""""/_vs/browserLink""" - 200 null "text/javascript; charset=UTF-8" 32.6725ms (74253ad3)
2024-05-20T20:46:47.4780499-03:00 0HN3P4SE4BENH:00000003 [INF] Request starting "HTTP/1.1" "GET" "http"://"localhost:5034""""/swagger/v1/swagger.json""" - null null (d509f86a)
2024-05-20T20:46:47.5898812-03:00 0HN3P4SE4BENH:00000003 [INF] Request finished "HTTP/1.1" "GET" "http"://"localhost:5034""""/swagger/v1/swagger.json""" - 200 null "application/json;charset=utf-8" 111.8635ms (74253ad3)
2024-05-20T20:46:54.2846278-03:00 0HN3P4SE4BENJ:00000001 [INF] Request starting "HTTP/1.1" "GET" "http"://"localhost:5034""""/api/Product""" - null null (d509f86a)
2024-05-20T20:46:54.2925719-03:00 0HN3P4SE4BENJ:00000001 [INF] Executing endpoint '"APITrabalhoFinal.Controllers.ProductController.Get (APITrabalhoFinal)"' (500cc934)
2024-05-20T20:46:54.3086014-03:00 0HN3P4SE4BENJ:00000001 [INF] Route matched with "{action = \"Get\", controller = \"Product\"}". Executing controller action with signature "Microsoft.AspNetCore.Mvc.ActionResult`1[APITrabalhoFinal.DataBase.Models.TbProduct] Get()" on controller "APITrabalhoFinal.Controllers.ProductController" ("APITrabalhoFinal"). (122b2fdf)
2024-05-20T20:46:55.2738263-03:00 0HN3P4SE4BENJ:00000001 [INF] Executed DbCommand ("15"ms) [Parameters=[""], CommandType='Text', CommandTimeout='30']"
""SELECT t.id, t.barcode, t.barcodetype, t.costprice, t.description, t.price, t.stock
FROM tb_products AS t" (0723d8ff)
2024-05-20T20:46:55.3627995-03:00 0HN3P4SE4BENJ:00000001 [INF] Executing "OkObjectResult", writing value of type '"System.Collections.Generic.List`1[[APITrabalhoFinal.DataBase.Models.TbProduct, APITrabalhoFinal, Version=1.0.0.0, Culture=neutral, PublicKeyToken=null]]"'. (605b4265)
2024-05-20T20:46:55.3815447-03:00 0HN3P4SE4BENJ:00000001 [INF] Executed action "APITrabalhoFinal.Controllers.ProductController.Get (APITrabalhoFinal)" in 1070.2407ms (afa2e885)
2024-05-20T20:46:55.3816581-03:00 0HN3P4SE4BENJ:00000001 [INF] Executed endpoint '"APITrabalhoFinal.Controllers.ProductController.Get (APITrabalhoFinal)"' (99874f2b)
2024-05-20T20:46:55.3881338-03:00 0HN3P4SE4BENJ:00000001 [INF] Request finished "HTTP/1.1" "GET" "http"://"localhost:5034""""/api/Product""" - 200 null "application/json; charset=utf-8" 1103.462ms (74253ad3)
2024-05-20T20:47:08.7192414-03:00 0HN3P4SE4BENK:00000001 [INF] Request starting "HTTP/1.1" "GET" "http"://"localhost:5034""""/api/Product/barcode/{barcode}""" - null null (d509f86a)
2024-05-20T20:47:08.7203721-03:00 0HN3P4SE4BENK:00000001 [INF] Executing endpoint '"APITrabalhoFinal.Controllers.ProductController.GetByBarCode (APITrabalhoFinal)"' (500cc934)
2024-05-20T20:47:08.7277009-03:00 0HN3P4SE4BENK:00000001 [INF] Route matched with "{action = \"GetByBarCode\", controller = \"Product\"}". Executing controller action with signature "Microsoft.AspNetCore.Mvc.ActionResult`1[APITrabalhoFinal.DataBase.Models.TbProduct] GetByBarCode(System.String)" on controller "APITrabalhoFinal.Controllers.ProductController" ("APITrabalhoFinal"). (122b2fdf)
2024-05-20T20:48:17.4133660-03:00 0HN3P4SE4BENK:00000001 [INF] Executed DbCommand ("7"ms) [Parameters=["@__barCode_0='?'"], CommandType='Text', CommandTimeout='30']"
""SELECT t.id, t.barcode, t.barcodetype, t.costprice, t.description, t.price, t.stock
FROM tb_products AS t
WHERE t.barcode = @__barCode_0
LIMIT 1" (0723d8ff)
2024-05-20T20:48:17.4351536-03:00 0HN3P4SE4BENK:00000001 [INF] Executing "NotFoundObjectResult", writing value of type '"System.String"'. (605b4265)
2024-05-20T20:48:17.4354804-03:00 0HN3P4SE4BENK:00000001 [INF] Executed action "APITrabalhoFinal.Controllers.ProductController.GetByBarCode (APITrabalhoFinal)" in 68707.6935ms (afa2e885)
2024-05-20T20:48:17.4355118-03:00 0HN3P4SE4BENK:00000001 [INF] Executed endpoint '"APITrabalhoFinal.Controllers.ProductController.GetByBarCode (APITrabalhoFinal)"' (99874f2b)
2024-05-20T20:48:17.4356644-03:00 0HN3P4SE4BENK:00000001 [INF] Request finished "HTTP/1.1" "GET" "http"://"localhost:5034""""/api/Product/barcode/{barcode}""" - 404 null "text/plain; charset=utf-8" 68716.939ms (74253ad3)
2024-05-20T20:48:27.3116220-03:00 0HN3P4SE4BENL:00000001 [INF] Request starting "HTTP/1.1" "GET" "http"://"localhost:5034""""/api/Product/barcode/{barcode}""" - null null (d509f86a)
2024-05-20T20:48:27.3120090-03:00 0HN3P4SE4BENL:00000001 [INF] Executing endpoint '"APITrabalhoFinal.Controllers.ProductController.GetByBarCode (APITrabalhoFinal)"' (500cc934)
2024-05-20T20:48:27.3121648-03:00 0HN3P4SE4BENL:00000001 [INF] Route matched with "{action = \"GetByBarCode\", controller = \"Product\"}". Executing controller action with signature "Microsoft.AspNetCore.Mvc.ActionResult`1[APITrabalhoFinal.DataBase.Models.TbProduct] GetByBarCode(System.String)" on controller "APITrabalhoFinal.Controllers.ProductController" ("APITrabalhoFinal"). (122b2fdf)
2024-05-20T20:48:46.1888672-03:00 0HN3P4SE4BENL:00000001 [INF] Executed DbCommand ("1"ms) [Parameters=["@__barCode_0='?'"], CommandType='Text', CommandTimeout='30']"
""SELECT t.id, t.barcode, t.barcodetype, t.costprice, t.description, t.price, t.stock
FROM tb_products AS t
WHERE t.barcode = @__barCode_0
LIMIT 1" (0723d8ff)
2024-05-20T20:51:21.4584862-03:00  [INF] Now listening on: "http://localhost:5034" (d826f4b8)
2024-05-20T20:51:21.4709298-03:00  [INF] Application started. Press Ctrl+C to shut down. (dcaefe54)
2024-05-20T20:51:21.4731982-03:00  [INF] Hosting environment: "Development" (bc5a1a4e)
2024-05-20T20:51:21.4755952-03:00  [INF] Content root path: "C:\Users\João\source\repos\APITrabalhoFinal\APITrabalhoFinal" (cc26f24e)
2024-05-20T20:51:22.0009322-03:00 0HN3P4V05LUC4:00000001 [INF] Request starting "HTTP/1.1" "GET" "http"://"localhost:5034""""/swagger/index.html""" - null null (d509f86a)
2024-05-20T20:51:22.2029842-03:00 0HN3P4V05LUC4:00000001 [INF] Request finished "HTTP/1.1" "GET" "http"://"localhost:5034""""/swagger/index.html""" - 200 null "text/html;charset=utf-8" 206.2809ms (74253ad3)
2024-05-20T20:51:22.2057464-03:00 0HN3P4V05LUC5:00000001 [INF] Request starting "HTTP/1.1" "GET" "http"://"localhost:5034""""/_vs/browserLink""" - null null (d509f86a)
2024-05-20T20:51:22.2057468-03:00 0HN3P4V05LUC4:00000002 [INF] Request starting "HTTP/1.1" "GET" "http"://"localhost:5034""""/_framework/aspnetcore-browser-refresh.js""" - null null (d509f86a)
2024-05-20T20:51:22.2080394-03:00 0HN3P4V05LUC4:00000002 [INF] Request finished "HTTP/1.1" "GET" "http"://"localhost:5034""""/_framework/aspnetcore-browser-refresh.js""" - 200 13768 "application/javascript; charset=utf-8" 2.1352ms (74253ad3)
2024-05-20T20:51:22.2393025-03:00 0HN3P4V05LUC5:00000001 [INF] Request finished "HTTP/1.1" "GET" "http"://"localhost:5034""""/_vs/browserLink""" - 200 null "text/javascript; charset=UTF-8" 33.6809ms (74253ad3)
2024-05-20T20:51:22.3054317-03:00 0HN3P4V05LUC5:00000002 [INF] Request starting "HTTP/1.1" "GET" "http"://"localhost:5034""""/swagger/v1/swagger.json""" - null null (d509f86a)
2024-05-20T20:51:22.4175053-03:00 0HN3P4V05LUC5:00000002 [INF] Request finished "HTTP/1.1" "GET" "http"://"localhost:5034""""/swagger/v1/swagger.json""" - 200 null "application/json;charset=utf-8" 112.1495ms (74253ad3)
2024-05-20T20:51:37.8677922-03:00 0HN3P4V05LUC6:00000001 [INF] Request starting "HTTP/1.1" "GET" "http"://"localhost:5034""""/api/Product/1""" - null null (d509f86a)
2024-05-20T20:51:37.8793732-03:00 0HN3P4V05LUC6:00000001 [INF] Executing endpoint '"APITrabalhoFinal.Controllers.ProductController.GetById (APITrabalhoFinal)"' (500cc934)
2024-05-20T20:51:37.8991899-03:00 0HN3P4V05LUC6:00000001 [INF] Route matched with "{action = \"GetById\", controller = \"Product\"}". Executing controller action with signature "Microsoft.AspNetCore.Mvc.ActionResult`1[APITrabalhoFinal.DataBase.Models.TbProduct] GetById(Int32)" on controller "APITrabalhoFinal.Controllers.ProductController" ("APITrabalhoFinal"). (122b2fdf)
2024-05-20T20:51:38.9341532-03:00 0HN3P4V05LUC6:00000001 [INF] Executed DbCommand ("39"ms) [Parameters=["@__id_0='?' (DbType = Int32)"], CommandType='Text', CommandTimeout='30']"
""SELECT t.id, t.barcode, t.barcodetype, t.costprice, t.description, t.price, t.stock
FROM tb_products AS t
WHERE t.id = @__id_0
LIMIT 1" (0723d8ff)
2024-05-20T20:51:39.0016539-03:00 0HN3P4V05LUC6:00000001 [INF] Executing "OkObjectResult", writing value of type '"APITrabalhoFinal.DataBase.Models.TbProduct"'. (605b4265)
2024-05-20T20:51:39.0187474-03:00 0HN3P4V05LUC6:00000001 [INF] Executed action "APITrabalhoFinal.Controllers.ProductController.GetById (APITrabalhoFinal)" in 1116.9226ms (afa2e885)
2024-05-20T20:51:39.0188572-03:00 0HN3P4V05LUC6:00000001 [INF] Executed endpoint '"APITrabalhoFinal.Controllers.ProductController.GetById (APITrabalhoFinal)"' (99874f2b)
2024-05-20T20:51:39.0262090-03:00 0HN3P4V05LUC6:00000001 [INF] Request finished "HTTP/1.1" "GET" "http"://"localhost:5034""""/api/Product/1""" - 200 null "application/json; charset=utf-8" 1158.3659ms (74253ad3)
2024-05-20T20:59:11.9002408-03:00  [INF] Now listening on: "http://localhost:5034" (d826f4b8)
2024-05-20T20:59:11.9091109-03:00  [INF] Application started. Press Ctrl+C to shut down. (dcaefe54)
2024-05-20T20:59:11.9122177-03:00  [INF] Hosting environment: "Development" (bc5a1a4e)
2024-05-20T20:59:11.9193793-03:00  [INF] Content root path: "C:\Users\João\source\repos\APITrabalhoFinal\APITrabalhoFinal" (cc26f24e)
2024-05-20T20:59:12.5053958-03:00 0HN3P53C9NN11:00000001 [INF] Request starting "HTTP/1.1" "GET" "http"://"localhost:5034""""/swagger/index.html""" - null null (d509f86a)
2024-05-20T20:59:12.9299626-03:00 0HN3P53C9NN12:00000001 [INF] Request starting "HTTP/1.1" "GET" "http"://"localhost:5034""""/_vs/browserLink""" - null null (d509f86a)
2024-05-20T20:59:12.9303877-03:00 0HN3P53C9NN11:00000001 [INF] Request finished "HTTP/1.1" "GET" "http"://"localhost:5034""""/swagger/index.html""" - 200 null "text/html;charset=utf-8" 433.1675ms (74253ad3)
2024-05-20T20:59:12.9318806-03:00 0HN3P53C9NN11:00000002 [INF] Request starting "HTTP/1.1" "GET" "http"://"localhost:5034""""/_framework/aspnetcore-browser-refresh.js""" - null null (d509f86a)
2024-05-20T20:59:12.9347543-03:00 0HN3P53C9NN11:00000002 [INF] Request finished "HTTP/1.1" "GET" "http"://"localhost:5034""""/_framework/aspnetcore-browser-refresh.js""" - 200 13768 "application/javascript; charset=utf-8" 2.9854ms (74253ad3)
2024-05-20T20:59:12.9685333-03:00 0HN3P53C9NN12:00000001 [INF] Request finished "HTTP/1.1" "GET" "http"://"localhost:5034""""/_vs/browserLink""" - 200 null "text/javascript; charset=UTF-8" 38.7112ms (74253ad3)
2024-05-20T20:59:13.0388875-03:00 0HN3P53C9NN12:00000002 [INF] Request starting "HTTP/1.1" "GET" "http"://"localhost:5034""""/swagger/v1/swagger.json""" - null null (d509f86a)
2024-05-20T20:59:13.1751306-03:00 0HN3P53C9NN12:00000002 [INF] Request finished "HTTP/1.1" "GET" "http"://"localhost:5034""""/swagger/v1/swagger.json""" - 200 null "application/json;charset=utf-8" 136.3329ms (74253ad3)
2024-05-20T20:59:18.1999539-03:00 0HN3P53C9NN13:00000001 [INF] Request starting "HTTP/1.1" "GET" "http"://"localhost:5034""""/api/Product""" - null null (d509f86a)
2024-05-20T20:59:18.2090058-03:00 0HN3P53C9NN13:00000001 [INF] Executing endpoint '"APITrabalhoFinal.Controllers.ProductController.Get (APITrabalhoFinal)"' (500cc934)
2024-05-20T20:59:18.2373402-03:00 0HN3P53C9NN13:00000001 [INF] Route matched with "{action = \"Get\", controller = \"Product\"}". Executing controller action with signature "Microsoft.AspNetCore.Mvc.ActionResult`1[APITrabalhoFinal.DataBase.Models.TbProduct] Get()" on controller "APITrabalhoFinal.Controllers.ProductController" ("APITrabalhoFinal"). (122b2fdf)
2024-05-20T20:59:19.4059319-03:00 0HN3P53C9NN13:00000001 [INF] Executed DbCommand ("17"ms) [Parameters=[""], CommandType='Text', CommandTimeout='30']"
""SELECT t.id, t.barcode, t.barcodetype, t.costprice, t.description, t.price, t.stock
FROM tb_products AS t" (0723d8ff)
2024-05-20T20:59:19.5021089-03:00 0HN3P53C9NN13:00000001 [INF] Executing "OkObjectResult", writing value of type '"System.Collections.Generic.List`1[[APITrabalhoFinal.DataBase.Models.TbProduct, APITrabalhoFinal, Version=1.0.0.0, Culture=neutral, PublicKeyToken=null]]"'. (605b4265)
2024-05-20T20:59:19.5220975-03:00 0HN3P53C9NN13:00000001 [INF] Executed action "APITrabalhoFinal.Controllers.ProductController.Get (APITrabalhoFinal)" in 1281.7558ms (afa2e885)
2024-05-20T20:59:19.5222131-03:00 0HN3P53C9NN13:00000001 [INF] Executed endpoint '"APITrabalhoFinal.Controllers.ProductController.Get (APITrabalhoFinal)"' (99874f2b)
2024-05-20T20:59:19.5288332-03:00 0HN3P53C9NN13:00000001 [INF] Request finished "HTTP/1.1" "GET" "http"://"localhost:5034""""/api/Product""" - 200 null "application/json; charset=utf-8" 1328.9316ms (74253ad3)
2024-05-20T20:59:28.7946815-03:00 0HN3P53C9NN14:00000001 [INF] Request starting "HTTP/1.1" "GET" "http"://"localhost:5034""""/api/Product/barcode/{barcode}""" - null null (d509f86a)
2024-05-20T20:59:28.7958791-03:00 0HN3P53C9NN14:00000001 [INF] Executing endpoint '"APITrabalhoFinal.Controllers.ProductController.GetByBarCode (APITrabalhoFinal)"' (500cc934)
2024-05-20T20:59:28.8048893-03:00 0HN3P53C9NN14:00000001 [INF] Route matched with "{action = \"GetByBarCode\", controller = \"Product\"}". Executing controller action with signature "Microsoft.AspNetCore.Mvc.ActionResult`1[APITrabalhoFinal.DataBase.Models.TbProduct] GetByBarCode(System.String)" on controller "APITrabalhoFinal.Controllers.ProductController" ("APITrabalhoFinal"). (122b2fdf)
2024-05-20T20:59:29.0642379-03:00 0HN3P53C9NN14:00000001 [INF] Executing "ObjectResult", writing value of type '"<>f__AnonymousType0`1[[System.String, System.Private.CoreLib, Version=8.0.0.0, Culture=neutral, PublicKeyToken=7cec85d7bea7798e]]"'. (605b4265)
2024-05-20T20:59:29.0674104-03:00 0HN3P53C9NN14:00000001 [INF] Executed action "APITrabalhoFinal.Controllers.ProductController.GetByBarCode (APITrabalhoFinal)" in 262.3765ms (afa2e885)
2024-05-20T20:59:29.0674637-03:00 0HN3P53C9NN14:00000001 [INF] Executed endpoint '"APITrabalhoFinal.Controllers.ProductController.GetByBarCode (APITrabalhoFinal)"' (99874f2b)
2024-05-20T20:59:29.0676381-03:00 0HN3P53C9NN14:00000001 [INF] Request finished "HTTP/1.1" "GET" "http"://"localhost:5034""""/api/Product/barcode/{barcode}""" - 500 null "application/json; charset=utf-8" 273.4274ms (74253ad3)
2024-05-20T21:00:26.6655137-03:00  [INF] Now listening on: "http://localhost:5034" (d826f4b8)
2024-05-20T21:00:26.6752884-03:00  [INF] Application started. Press Ctrl+C to shut down. (dcaefe54)
2024-05-20T21:00:26.6872102-03:00  [INF] Hosting environment: "Development" (bc5a1a4e)
2024-05-20T21:00:26.6896457-03:00  [INF] Content root path: "C:\Users\João\source\repos\APITrabalhoFinal\APITrabalhoFinal" (cc26f24e)
2024-05-20T21:00:27.3617133-03:00 0HN3P542M4KVL:00000001 [INF] Request starting "HTTP/1.1" "GET" "http"://"localhost:5034""""/swagger/index.html""" - null null (d509f86a)
2024-05-20T21:00:27.6559641-03:00 0HN3P542M4KVL:00000001 [INF] Request finished "HTTP/1.1" "GET" "http"://"localhost:5034""""/swagger/index.html""" - 200 null "text/html;charset=utf-8" 299.7801ms (74253ad3)
2024-05-20T21:00:27.6606899-03:00 0HN3P542M4KVL:00000002 [INF] Request starting "HTTP/1.1" "GET" "http"://"localhost:5034""""/_framework/aspnetcore-browser-refresh.js""" - null null (d509f86a)
2024-05-20T21:00:27.6606841-03:00 0HN3P542M4KVM:00000001 [INF] Request starting "HTTP/1.1" "GET" "http"://"localhost:5034""""/_vs/browserLink""" - null null (d509f86a)
2024-05-20T21:00:27.6636199-03:00 0HN3P542M4KVL:00000002 [INF] Request finished "HTTP/1.1" "GET" "http"://"localhost:5034""""/_framework/aspnetcore-browser-refresh.js""" - 200 13768 "application/javascript; charset=utf-8" 3.3125ms (74253ad3)
2024-05-20T21:00:27.7039833-03:00 0HN3P542M4KVM:00000001 [INF] Request finished "HTTP/1.1" "GET" "http"://"localhost:5034""""/_vs/browserLink""" - 200 null "text/javascript; charset=UTF-8" 43.6156ms (74253ad3)
2024-05-20T21:00:27.7732000-03:00 0HN3P542M4KVM:00000002 [INF] Request starting "HTTP/1.1" "GET" "http"://"localhost:5034""""/swagger/v1/swagger.json""" - null null (d509f86a)
2024-05-20T21:00:27.9336272-03:00 0HN3P542M4KVM:00000002 [INF] Request finished "HTTP/1.1" "GET" "http"://"localhost:5034""""/swagger/v1/swagger.json""" - 200 null "application/json;charset=utf-8" 160.4194ms (74253ad3)
2024-05-20T21:00:30.8986363-03:00 0HN3P542M4KVM:00000003 [INF] Request starting "HTTP/1.1" "GET" "http"://"localhost:5034""""/api/Product""" - null null (d509f86a)
2024-05-20T21:00:30.9067353-03:00 0HN3P542M4KVM:00000003 [INF] Executing endpoint '"APITrabalhoFinal.Controllers.ProductController.Get (APITrabalhoFinal)"' (500cc934)
2024-05-20T21:00:30.9232431-03:00 0HN3P542M4KVM:00000003 [INF] Route matched with "{action = \"Get\", controller = \"Product\"}". Executing controller action with signature "Microsoft.AspNetCore.Mvc.ActionResult`1[APITrabalhoFinal.DataBase.Models.TbProduct] Get()" on controller "APITrabalhoFinal.Controllers.ProductController" ("APITrabalhoFinal"). (122b2fdf)
2024-05-20T21:00:32.1154262-03:00 0HN3P542M4KVM:00000003 [INF] Executed DbCommand ("17"ms) [Parameters=[""], CommandType='Text', CommandTimeout='30']"
""SELECT t.id, t.barcode, t.barcodetype, t.costprice, t.description, t.price, t.stock
FROM tb_products AS t" (0723d8ff)
2024-05-20T21:00:32.2095902-03:00 0HN3P542M4KVM:00000003 [INF] Executing "OkObjectResult", writing value of type '"System.Collections.Generic.List`1[[APITrabalhoFinal.DataBase.Models.TbProduct, APITrabalhoFinal, Version=1.0.0.0, Culture=neutral, PublicKeyToken=null]]"'. (605b4265)
2024-05-20T21:00:32.2306263-03:00 0HN3P542M4KVM:00000003 [INF] Executed action "APITrabalhoFinal.Controllers.ProductController.Get (APITrabalhoFinal)" in 1304.6817ms (afa2e885)
2024-05-20T21:00:32.2307379-03:00 0HN3P542M4KVM:00000003 [INF] Executed endpoint '"APITrabalhoFinal.Controllers.ProductController.Get (APITrabalhoFinal)"' (99874f2b)
2024-05-20T21:00:32.2372397-03:00 0HN3P542M4KVM:00000003 [INF] Request finished "HTTP/1.1" "GET" "http"://"localhost:5034""""/api/Product""" - 200 null "application/json; charset=utf-8" 1338.666ms (74253ad3)
2024-05-20T21:00:43.5920394-03:00 0HN3P542M4KVN:00000001 [INF] Request starting "HTTP/1.1" "GET" "http"://"localhost:5034""""/api/Product/barcode/{barcode}""" - null null (d509f86a)
2024-05-20T21:00:43.5932397-03:00 0HN3P542M4KVN:00000001 [INF] Executing endpoint '"APITrabalhoFinal.Controllers.ProductController.GetByBarCode (APITrabalhoFinal)"' (500cc934)
2024-05-20T21:00:43.6011551-03:00 0HN3P542M4KVN:00000001 [INF] Route matched with "{action = \"GetByBarCode\", controller = \"Product\"}". Executing controller action with signature "Microsoft.AspNetCore.Mvc.ActionResult`1[APITrabalhoFinal.DataBase.Models.TbProduct] GetByBarCode(System.String)" on controller "APITrabalhoFinal.Controllers.ProductController" ("APITrabalhoFinal"). (122b2fdf)
2024-05-20T21:00:43.7787020-03:00 0HN3P542M4KVN:00000001 [INF] Executed DbCommand ("11"ms) [Parameters=["@__lowerBarCode_0='?'"], CommandType='Text', CommandTimeout='30']"
""SELECT t.id, t.barcode, t.barcodetype, t.costprice, t.description, t.price, t.stock
FROM tb_products AS t
WHERE lower(t.barcode) = @__lowerBarCode_0
LIMIT 1" (0723d8ff)
2024-05-20T21:00:43.8487930-03:00 0HN3P542M4KVN:00000001 [INF] Executing "NotFoundObjectResult", writing value of type '"System.String"'. (605b4265)
2024-05-20T21:00:43.8491989-03:00 0HN3P542M4KVN:00000001 [INF] Executed action "APITrabalhoFinal.Controllers.ProductController.GetByBarCode (APITrabalhoFinal)" in 247.9322ms (afa2e885)
2024-05-20T21:00:43.8492567-03:00 0HN3P542M4KVN:00000001 [INF] Executed endpoint '"APITrabalhoFinal.Controllers.ProductController.GetByBarCode (APITrabalhoFinal)"' (99874f2b)
2024-05-20T21:00:43.8494775-03:00 0HN3P542M4KVN:00000001 [INF] Request finished "HTTP/1.1" "GET" "http"://"localhost:5034""""/api/Product/barcode/{barcode}""" - 404 null "text/plain; charset=utf-8" 258.052ms (74253ad3)
2024-05-20T21:08:59.8114582-03:00  [INF] Now listening on: "http://localhost:5034" (d826f4b8)
2024-05-20T21:08:59.8198916-03:00  [INF] Application started. Press Ctrl+C to shut down. (dcaefe54)
2024-05-20T21:08:59.8223629-03:00  [INF] Hosting environment: "Development" (bc5a1a4e)
2024-05-20T21:08:59.8241476-03:00  [INF] Content root path: "C:\Users\João\source\repos\APITrabalhoFinal\APITrabalhoFinal" (cc26f24e)
2024-05-20T21:09:00.5360779-03:00 0HN3P58RI3NNS:00000001 [INF] Request starting "HTTP/1.1" "GET" "http"://"localhost:5034""""/swagger/index.html""" - null null (d509f86a)
2024-05-20T21:09:00.8574203-03:00 0HN3P58RI3NNS:00000001 [INF] Request finished "HTTP/1.1" "GET" "http"://"localhost:5034""""/swagger/index.html""" - 200 null "text/html;charset=utf-8" 328.6446ms (74253ad3)
2024-05-20T21:09:00.8621830-03:00 0HN3P58RI3NNT:00000001 [INF] Request starting "HTTP/1.1" "GET" "http"://"localhost:5034""""/_vs/browserLink""" - null null (d509f86a)
2024-05-20T21:09:00.8624327-03:00 0HN3P58RI3NNS:00000002 [INF] Request starting "HTTP/1.1" "GET" "http"://"localhost:5034""""/_framework/aspnetcore-browser-refresh.js""" - null null (d509f86a)
2024-05-20T21:09:00.8655484-03:00 0HN3P58RI3NNS:00000002 [INF] Request finished "HTTP/1.1" "GET" "http"://"localhost:5034""""/_framework/aspnetcore-browser-refresh.js""" - 200 13768 "application/javascript; charset=utf-8" 3.0076ms (74253ad3)
2024-05-20T21:09:00.8897644-03:00 0HN3P58RI3NNT:00000001 [INF] Request finished "HTTP/1.1" "GET" "http"://"localhost:5034""""/_vs/browserLink""" - 200 null "text/javascript; charset=UTF-8" 27.6788ms (74253ad3)
2024-05-20T21:09:00.9636510-03:00 0HN3P58RI3NNT:00000002 [INF] Request starting "HTTP/1.1" "GET" "http"://"localhost:5034""""/swagger/v1/swagger.json""" - null null (d509f86a)
2024-05-20T21:09:01.1036330-03:00 0HN3P58RI3NNT:00000002 [INF] Request finished "HTTP/1.1" "GET" "http"://"localhost:5034""""/swagger/v1/swagger.json""" - 200 null "application/json;charset=utf-8" 140.0109ms (74253ad3)
2024-05-20T21:09:06.6536960-03:00 0HN3P58RI3NNT:00000003 [INF] Request starting "HTTP/1.1" "GET" "http"://"localhost:5034""""/api/Product""" - null null (d509f86a)
2024-05-20T21:09:06.6651437-03:00 0HN3P58RI3NNT:00000003 [INF] Executing endpoint '"APITrabalhoFinal.Controllers.ProductController.Get (APITrabalhoFinal)"' (500cc934)
2024-05-20T21:09:06.6855441-03:00 0HN3P58RI3NNT:00000003 [INF] Route matched with "{action = \"Get\", controller = \"Product\"}". Executing controller action with signature "Microsoft.AspNetCore.Mvc.ActionResult`1[APITrabalhoFinal.DataBase.Models.TbProduct] Get()" on controller "APITrabalhoFinal.Controllers.ProductController" ("APITrabalhoFinal"). (122b2fdf)
2024-05-20T21:09:07.8678734-03:00 0HN3P58RI3NNT:00000003 [INF] Executed DbCommand ("20"ms) [Parameters=[""], CommandType='Text', CommandTimeout='30']"
""SELECT t.id, t.barcode, t.barcodetype, t.costprice, t.description, t.price, t.stock
FROM tb_products AS t" (0723d8ff)
2024-05-20T21:09:07.9624641-03:00 0HN3P58RI3NNT:00000003 [INF] Executing "OkObjectResult", writing value of type '"System.Collections.Generic.List`1[[APITrabalhoFinal.DataBase.Models.TbProduct, APITrabalhoFinal, Version=1.0.0.0, Culture=neutral, PublicKeyToken=null]]"'. (605b4265)
2024-05-20T21:09:07.9828310-03:00 0HN3P58RI3NNT:00000003 [INF] Executed action "APITrabalhoFinal.Controllers.ProductController.Get (APITrabalhoFinal)" in 1294.3793ms (afa2e885)
2024-05-20T21:09:07.9829490-03:00 0HN3P58RI3NNT:00000003 [INF] Executed endpoint '"APITrabalhoFinal.Controllers.ProductController.Get (APITrabalhoFinal)"' (99874f2b)
2024-05-20T21:09:07.9889977-03:00 0HN3P58RI3NNT:00000003 [INF] Request finished "HTTP/1.1" "GET" "http"://"localhost:5034""""/api/Product""" - 200 null "application/json; charset=utf-8" 1335.3371ms (74253ad3)
2024-05-20T21:09:56.0179240-03:00 0HN3P58RI3NNU:00000001 [INF] Request starting "HTTP/1.1" "POST" "http"://"localhost:5034""""/api/Product""" - "application/json" 176 (d509f86a)
2024-05-20T21:09:56.0189556-03:00 0HN3P58RI3NNU:00000001 [INF] Executing endpoint '"APITrabalhoFinal.Controllers.ProductController.Insert (APITrabalhoFinal)"' (500cc934)
2024-05-20T21:09:56.0253930-03:00 0HN3P58RI3NNU:00000001 [INF] Route matched with "{action = \"Insert\", controller = \"Product\"}". Executing controller action with signature "Microsoft.AspNetCore.Mvc.ActionResult`1[APITrabalhoFinal.DataBase.Models.TbProduct] Insert(APITrabalhoFinal.Services.DTOs.ProductDTO)" on controller "APITrabalhoFinal.Controllers.ProductController" ("APITrabalhoFinal"). (122b2fdf)
2024-05-20T21:09:56.2201643-03:00 0HN3P58RI3NNU:00000001 [INF] Executed DbCommand ("20"ms) [Parameters=["@p0='?', @p1='?', @p2='?' (DbType = Decimal), @p3='?', @p4='?' (DbType = Decimal), @p5='?' (DbType = Int32)"], CommandType='Text', CommandTimeout='30']"
""INSERT INTO tb_products (barcode, barcodetype, costprice, description, price, stock)
VALUES (@p0, @p1, @p2, @p3, @p4, @p5)
RETURNING id;" (0723d8ff)
2024-05-20T21:09:56.2362289-03:00 0HN3P58RI3NNU:00000001 [INF] Executing "OkObjectResult", writing value of type '"APITrabalhoFinal.DataBase.Models.TbProduct"'. (605b4265)
2024-05-20T21:09:56.2364938-03:00 0HN3P58RI3NNU:00000001 [INF] Executed action "APITrabalhoFinal.Controllers.ProductController.Insert (APITrabalhoFinal)" in 211.0224ms (afa2e885)
2024-05-20T21:09:56.2365189-03:00 0HN3P58RI3NNU:00000001 [INF] Executed endpoint '"APITrabalhoFinal.Controllers.ProductController.Insert (APITrabalhoFinal)"' (99874f2b)
2024-05-20T21:09:56.2366414-03:00 0HN3P58RI3NNU:00000001 [INF] Request finished "HTTP/1.1" "POST" "http"://"localhost:5034""""/api/Product""" - 200 null "application/json; charset=utf-8" 218.7861ms (74253ad3)
2024-05-20T21:10:04.3620743-03:00 0HN3P58RI3NNV:00000001 [INF] Request starting "HTTP/1.1" "POST" "http"://"localhost:5034""""/api/Product""" - "application/json" 179 (d509f86a)
2024-05-20T21:10:04.3624046-03:00 0HN3P58RI3NNV:00000001 [INF] Executing endpoint '"APITrabalhoFinal.Controllers.ProductController.Insert (APITrabalhoFinal)"' (500cc934)
2024-05-20T21:10:04.3625431-03:00 0HN3P58RI3NNV:00000001 [INF] Route matched with "{action = \"Insert\", controller = \"Product\"}". Executing controller action with signature "Microsoft.AspNetCore.Mvc.ActionResult`1[APITrabalhoFinal.DataBase.Models.TbProduct] Insert(APITrabalhoFinal.Services.DTOs.ProductDTO)" on controller "APITrabalhoFinal.Controllers.ProductController" ("APITrabalhoFinal"). (122b2fdf)
2024-05-20T21:10:04.4090459-03:00 0HN3P58RI3NNV:00000001 [INF] Executed DbCommand ("1"ms) [Parameters=["@p0='?', @p1='?', @p2='?' (DbType = Decimal), @p3='?', @p4='?' (DbType = Decimal), @p5='?' (DbType = Int32)"], CommandType='Text', CommandTimeout='30']"
""INSERT INTO tb_products (barcode, barcodetype, costprice, description, price, stock)
VALUES (@p0, @p1, @p2, @p3, @p4, @p5)
RETURNING id;" (0723d8ff)
2024-05-20T21:10:04.4098913-03:00 0HN3P58RI3NNV:00000001 [INF] Executing "OkObjectResult", writing value of type '"APITrabalhoFinal.DataBase.Models.TbProduct"'. (605b4265)
2024-05-20T21:10:04.4100493-03:00 0HN3P58RI3NNV:00000001 [INF] Executed action "APITrabalhoFinal.Controllers.ProductController.Insert (APITrabalhoFinal)" in 47.4646ms (afa2e885)
2024-05-20T21:10:04.4100805-03:00 0HN3P58RI3NNV:00000001 [INF] Executed endpoint '"APITrabalhoFinal.Controllers.ProductController.Insert (APITrabalhoFinal)"' (99874f2b)
2024-05-20T21:10:04.4101567-03:00 0HN3P58RI3NNV:00000001 [INF] Request finished "HTTP/1.1" "POST" "http"://"localhost:5034""""/api/Product""" - 200 null "application/json; charset=utf-8" 48.1519ms (74253ad3)
2024-05-20T21:10:12.7941479-03:00 0HN3P58RI3NO0:00000001 [INF] Request starting "HTTP/1.1" "POST" "http"://"localhost:5034""""/api/Product""" - "application/json" 185 (d509f86a)
2024-05-20T21:10:12.7945173-03:00 0HN3P58RI3NO0:00000001 [INF] Executing endpoint '"APITrabalhoFinal.Controllers.ProductController.Insert (APITrabalhoFinal)"' (500cc934)
2024-05-20T21:10:12.7947113-03:00 0HN3P58RI3NO0:00000001 [INF] Route matched with "{action = \"Insert\", controller = \"Product\"}". Executing controller action with signature "Microsoft.AspNetCore.Mvc.ActionResult`1[APITrabalhoFinal.DataBase.Models.TbProduct] Insert(APITrabalhoFinal.Services.DTOs.ProductDTO)" on controller "APITrabalhoFinal.Controllers.ProductController" ("APITrabalhoFinal"). (122b2fdf)
2024-05-20T21:10:12.8013797-03:00 0HN3P58RI3NO0:00000001 [INF] Executed DbCommand ("1"ms) [Parameters=["@p0='?', @p1='?', @p2='?' (DbType = Decimal), @p3='?', @p4='?' (DbType = Decimal), @p5='?' (DbType = Int32)"], CommandType='Text', CommandTimeout='30']"
""INSERT INTO tb_products (barcode, barcodetype, costprice, description, price, stock)
VALUES (@p0, @p1, @p2, @p3, @p4, @p5)
RETURNING id;" (0723d8ff)
2024-05-20T21:10:12.8019569-03:00 0HN3P58RI3NO0:00000001 [INF] Executing "OkObjectResult", writing value of type '"APITrabalhoFinal.DataBase.Models.TbProduct"'. (605b4265)
2024-05-20T21:10:12.8022152-03:00 0HN3P58RI3NO0:00000001 [INF] Executed action "APITrabalhoFinal.Controllers.ProductController.Insert (APITrabalhoFinal)" in 7.4563ms (afa2e885)
2024-05-20T21:10:12.8022502-03:00 0HN3P58RI3NO0:00000001 [INF] Executed endpoint '"APITrabalhoFinal.Controllers.ProductController.Insert (APITrabalhoFinal)"' (99874f2b)
2024-05-20T21:10:12.8023711-03:00 0HN3P58RI3NO0:00000001 [INF] Request finished "HTTP/1.1" "POST" "http"://"localhost:5034""""/api/Product""" - 200 null "application/json; charset=utf-8" 8.3382ms (74253ad3)
2024-05-20T21:10:16.5017201-03:00 0HN3P58RI3NO0:00000002 [INF] Request starting "HTTP/1.1" "GET" "http"://"localhost:5034""""/api/Product""" - null null (d509f86a)
2024-05-20T21:10:16.5020026-03:00 0HN3P58RI3NO0:00000002 [INF] Executing endpoint '"APITrabalhoFinal.Controllers.ProductController.Get (APITrabalhoFinal)"' (500cc934)
2024-05-20T21:10:16.5021006-03:00 0HN3P58RI3NO0:00000002 [INF] Route matched with "{action = \"Get\", controller = \"Product\"}". Executing controller action with signature "Microsoft.AspNetCore.Mvc.ActionResult`1[APITrabalhoFinal.DataBase.Models.TbProduct] Get()" on controller "APITrabalhoFinal.Controllers.ProductController" ("APITrabalhoFinal"). (122b2fdf)
2024-05-20T21:10:16.5062600-03:00 0HN3P58RI3NO0:00000002 [INF] Executed DbCommand ("0"ms) [Parameters=[""], CommandType='Text', CommandTimeout='30']"
""SELECT t.id, t.barcode, t.barcodetype, t.costprice, t.description, t.price, t.stock
FROM tb_products AS t" (0723d8ff)
2024-05-20T21:10:16.5070712-03:00 0HN3P58RI3NO0:00000002 [INF] Executing "OkObjectResult", writing value of type '"System.Collections.Generic.List`1[[APITrabalhoFinal.DataBase.Models.TbProduct, APITrabalhoFinal, Version=1.0.0.0, Culture=neutral, PublicKeyToken=null]]"'. (605b4265)
2024-05-20T21:10:16.5073995-03:00 0HN3P58RI3NO0:00000002 [INF] Executed action "APITrabalhoFinal.Controllers.ProductController.Get (APITrabalhoFinal)" in 5.2614ms (afa2e885)
2024-05-20T21:10:16.5074438-03:00 0HN3P58RI3NO0:00000002 [INF] Executed endpoint '"APITrabalhoFinal.Controllers.ProductController.Get (APITrabalhoFinal)"' (99874f2b)
2024-05-20T21:10:16.5075889-03:00 0HN3P58RI3NO0:00000002 [INF] Request finished "HTTP/1.1" "GET" "http"://"localhost:5034""""/api/Product""" - 200 null "application/json; charset=utf-8" 5.9352ms (74253ad3)
2024-05-20T21:10:57.3017858-03:00 0HN3P58RI3NO1:00000001 [INF] Request starting "HTTP/1.1" "GET" "http"://"localhost:5034""""/api/Product/description/Camiseta""" - null null (d509f86a)
2024-05-20T21:10:57.3056714-03:00 0HN3P58RI3NO1:00000001 [INF] Executing endpoint '"APITrabalhoFinal.Controllers.ProductController.GetByDesc (APITrabalhoFinal)"' (500cc934)
2024-05-20T21:10:57.3099137-03:00 0HN3P58RI3NO1:00000001 [INF] Route matched with "{action = \"GetByDesc\", controller = \"Product\"}". Executing controller action with signature "Microsoft.AspNetCore.Mvc.ActionResult`1[APITrabalhoFinal.DataBase.Models.TbProduct] GetByDesc(System.String)" on controller "APITrabalhoFinal.Controllers.ProductController" ("APITrabalhoFinal"). (122b2fdf)
2024-05-20T21:10:57.4040492-03:00 0HN3P58RI3NO1:00000001 [INF] Executed DbCommand ("5"ms) [Parameters=["@__Format_1='?'"], CommandType='Text', CommandTimeout='30']"
""SELECT t.id, t.barcode, t.barcodetype, t.costprice, t.description, t.price, t.stock
FROM tb_products AS t
WHERE t.description LIKE @__Format_1 ESCAPE ''" (0723d8ff)
2024-05-20T21:10:57.4044420-03:00 0HN3P58RI3NO1:00000001 [INF] Executing "OkObjectResult", writing value of type '"System.Collections.Generic.List`1[[APITrabalhoFinal.DataBase.Models.TbProduct, APITrabalhoFinal, Version=1.0.0.0, Culture=neutral, PublicKeyToken=null]]"'. (605b4265)
2024-05-20T21:10:57.4046465-03:00 0HN3P58RI3NO1:00000001 [INF] Executed action "APITrabalhoFinal.Controllers.ProductController.GetByDesc (APITrabalhoFinal)" in 94.6744ms (afa2e885)
2024-05-20T21:10:57.4046683-03:00 0HN3P58RI3NO1:00000001 [INF] Executed endpoint '"APITrabalhoFinal.Controllers.ProductController.GetByDesc (APITrabalhoFinal)"' (99874f2b)
2024-05-20T21:10:57.4047341-03:00 0HN3P58RI3NO1:00000001 [INF] Request finished "HTTP/1.1" "GET" "http"://"localhost:5034""""/api/Product/description/Camiseta""" - 200 null "application/json; charset=utf-8" 103.0068ms (74253ad3)
2024-05-20T21:14:12.8419676-03:00  [INF] Now listening on: "http://localhost:5034" (d826f4b8)
2024-05-20T21:14:12.8515108-03:00  [INF] Application started. Press Ctrl+C to shut down. (dcaefe54)
2024-05-20T21:14:12.8604900-03:00  [INF] Hosting environment: "Development" (bc5a1a4e)
2024-05-20T21:14:12.8621140-03:00  [INF] Content root path: "C:\Users\João\source\repos\APITrabalhoFinal\APITrabalhoFinal" (cc26f24e)
2024-05-20T21:14:13.2432384-03:00 0HN3P5BOQ82QJ:00000001 [INF] Request starting "HTTP/1.1" "GET" "http"://"localhost:5034""""/swagger/index.html""" - null null (d509f86a)
2024-05-20T21:14:13.4681672-03:00 0HN3P5BOQ82QJ:00000001 [INF] Request finished "HTTP/1.1" "GET" "http"://"localhost:5034""""/swagger/index.html""" - 200 null "text/html;charset=utf-8" 228.522ms (74253ad3)
2024-05-20T21:14:13.4721702-03:00 0HN3P5BOQ82QJ:00000002 [INF] Request starting "HTTP/1.1" "GET" "http"://"localhost:5034""""/_framework/aspnetcore-browser-refresh.js""" - null null (d509f86a)
2024-05-20T21:14:13.4721700-03:00 0HN3P5BOQ82QK:00000001 [INF] Request starting "HTTP/1.1" "GET" "http"://"localhost:5034""""/_vs/browserLink""" - null null (d509f86a)
2024-05-20T21:14:13.4739005-03:00 0HN3P5BOQ82QJ:00000002 [INF] Request finished "HTTP/1.1" "GET" "http"://"localhost:5034""""/_framework/aspnetcore-browser-refresh.js""" - 200 13768 "application/javascript; charset=utf-8" 1.8046ms (74253ad3)
2024-05-20T21:14:13.5052677-03:00 0HN3P5BOQ82QK:00000001 [INF] Request finished "HTTP/1.1" "GET" "http"://"localhost:5034""""/_vs/browserLink""" - 200 null "text/javascript; charset=UTF-8" 33.2342ms (74253ad3)
2024-05-20T21:14:13.5741015-03:00 0HN3P5BOQ82QK:00000002 [INF] Request starting "HTTP/1.1" "GET" "http"://"localhost:5034""""/swagger/v1/swagger.json""" - null null (d509f86a)
2024-05-20T21:14:13.6841032-03:00 0HN3P5BOQ82QK:00000002 [INF] Request finished "HTTP/1.1" "GET" "http"://"localhost:5034""""/swagger/v1/swagger.json""" - 200 null "application/json;charset=utf-8" 110.0223ms (74253ad3)
2024-05-20T21:14:23.0939307-03:00 0HN3P5BOQ82QL:00000001 [INF] Request starting "HTTP/1.1" "GET" "http"://"localhost:5034""""/api/Product/description/iphone""" - null null (d509f86a)
2024-05-20T21:14:23.1049286-03:00 0HN3P5BOQ82QL:00000001 [INF] Executing endpoint '"APITrabalhoFinal.Controllers.ProductController.GetByDesc (APITrabalhoFinal)"' (500cc934)
2024-05-20T21:14:23.1251292-03:00 0HN3P5BOQ82QL:00000001 [INF] Route matched with "{action = \"GetByDesc\", controller = \"Product\"}". Executing controller action with signature "Microsoft.AspNetCore.Mvc.ActionResult`1[APITrabalhoFinal.DataBase.Models.TbProduct] GetByDesc(System.String)" on controller "APITrabalhoFinal.Controllers.ProductController" ("APITrabalhoFinal"). (122b2fdf)
2024-05-20T21:14:24.1940422-03:00 0HN3P5BOQ82QL:00000001 [INF] Executed DbCommand ("39"ms) [Parameters=["@__lowerDesc_0_contains='?'"], CommandType='Text', CommandTimeout='30']"
""SELECT t.id, t.barcode, t.barcodetype, t.costprice, t.description, t.price, t.stock
FROM tb_products AS t
WHERE lower(t.description) LIKE @__lowerDesc_0_contains" (0723d8ff)
2024-05-20T21:14:24.2646986-03:00 0HN3P5BOQ82QL:00000001 [INF] Executing "OkObjectResult", writing value of type '"System.Collections.Generic.List`1[[APITrabalhoFinal.DataBase.Models.TbProduct, APITrabalhoFinal, Version=1.0.0.0, Culture=neutral, PublicKeyToken=null]]"'. (605b4265)
2024-05-20T21:14:24.2823513-03:00 0HN3P5BOQ82QL:00000001 [INF] Executed action "APITrabalhoFinal.Controllers.ProductController.GetByDesc (APITrabalhoFinal)" in 1154.5224ms (afa2e885)
2024-05-20T21:14:24.2825159-03:00 0HN3P5BOQ82QL:00000001 [INF] Executed endpoint '"APITrabalhoFinal.Controllers.ProductController.GetByDesc (APITrabalhoFinal)"' (99874f2b)
2024-05-20T21:14:24.2888573-03:00 0HN3P5BOQ82QL:00000001 [INF] Request finished "HTTP/1.1" "GET" "http"://"localhost:5034""""/api/Product/description/iphone""" - 200 null "application/json; charset=utf-8" 1194.9814ms (74253ad3)
