2024-05-31T20:50:23.8203433-03:00  [INF] Now listening on: "http://localhost:5034" (d826f4b8)
2024-05-31T20:50:23.8281517-03:00  [INF] Application started. Press Ctrl+C to shut down. (dcaefe54)
2024-05-31T20:50:23.8313261-03:00  [INF] Hosting environment: "Development" (bc5a1a4e)
2024-05-31T20:50:23.8332986-03:00  [INF] Content root path: "C:\Users\João\source\repos\APITrabalhoFinal\APITrabalhoFinal" (cc26f24e)
2024-05-31T20:50:25.2463973-03:00 0HN41PHO696M7:00000001 [INF] Request starting "HTTP/1.1" "GET" "http"://"localhost:5034""""/swagger/index.html""" - null null (d509f86a)
2024-05-31T20:50:26.5443498-03:00 0HN41PHO696M7:00000001 [INF] Request finished "HTTP/1.1" "GET" "http"://"localhost:5034""""/swagger/index.html""" - 200 null "text/html;charset=utf-8" 1314.8619ms (74253ad3)
2024-05-31T20:50:27.0310171-03:00 0HN41PHO696M7:00000002 [INF] Request starting "HTTP/1.1" "GET" "http"://"localhost:5034""""/_framework/aspnetcore-browser-refresh.js""" - null null (d509f86a)
2024-05-31T20:50:27.0351132-03:00 0HN41PHO696M7:00000002 [INF] Request finished "HTTP/1.1" "GET" "http"://"localhost:5034""""/_framework/aspnetcore-browser-refresh.js""" - 200 13768 "application/javascript; charset=utf-8" 4.2346ms (74253ad3)
2024-05-31T20:50:27.0381264-03:00 0HN41PHO696M9:00000001 [INF] Request starting "HTTP/1.1" "GET" "http"://"localhost:5034""""/_vs/browserLink""" - null null (d509f86a)
2024-05-31T20:50:27.5566762-03:00 0HN41PHO696M9:00000001 [INF] Request finished "HTTP/1.1" "GET" "http"://"localhost:5034""""/_vs/browserLink""" - 200 null "text/javascript; charset=UTF-8" 518.6495ms (74253ad3)
2024-05-31T20:50:27.6180699-03:00 0HN41PHO696M9:00000002 [INF] Request starting "HTTP/1.1" "GET" "http"://"localhost:5034""""/swagger/v1/swagger.json""" - null null (d509f86a)
2024-05-31T20:50:27.7841749-03:00 0HN41PHO696M9:00000002 [INF] Request finished "HTTP/1.1" "GET" "http"://"localhost:5034""""/swagger/v1/swagger.json""" - 200 null "application/json;charset=utf-8" 166.1213ms (74253ad3)
2024-05-31T20:52:09.9613338-03:00  [INF] Now listening on: "http://localhost:5034" (d826f4b8)
2024-05-31T20:52:09.9704255-03:00  [INF] Application started. Press Ctrl+C to shut down. (dcaefe54)
2024-05-31T20:52:09.9803762-03:00  [INF] Hosting environment: "Development" (bc5a1a4e)
2024-05-31T20:52:09.9831433-03:00  [INF] Content root path: "C:\Users\João\source\repos\APITrabalhoFinal\APITrabalhoFinal" (cc26f24e)
2024-05-31T20:52:10.2998619-03:00 0HN41PINPOJ72:00000001 [INF] Request starting "HTTP/1.1" "GET" "http"://"localhost:5034""""/swagger/index.html""" - null null (d509f86a)
2024-05-31T20:52:10.6648406-03:00 0HN41PINPOJ72:00000001 [INF] Request finished "HTTP/1.1" "GET" "http"://"localhost:5034""""/swagger/index.html""" - 200 null "text/html;charset=utf-8" 371.1762ms (74253ad3)
2024-05-31T20:52:10.6704769-03:00 0HN41PINPOJ72:00000002 [INF] Request starting "HTTP/1.1" "GET" "http"://"localhost:5034""""/_framework/aspnetcore-browser-refresh.js""" - null null (d509f86a)
2024-05-31T20:52:10.6728727-03:00 0HN41PINPOJ72:00000002 [INF] Request finished "HTTP/1.1" "GET" "http"://"localhost:5034""""/_framework/aspnetcore-browser-refresh.js""" - 200 13768 "application/javascript; charset=utf-8" 2.4685ms (74253ad3)
2024-05-31T20:52:10.6745328-03:00 0HN41PINPOJ72:00000003 [INF] Request starting "HTTP/1.1" "GET" "http"://"localhost:5034""""/_vs/browserLink""" - null null (d509f86a)
2024-05-31T20:52:10.7032145-03:00 0HN41PINPOJ72:00000003 [INF] Request finished "HTTP/1.1" "GET" "http"://"localhost:5034""""/_vs/browserLink""" - 200 null "text/javascript; charset=UTF-8" 28.7115ms (74253ad3)
2024-05-31T20:52:10.7916348-03:00 0HN41PINPOJ74:00000001 [INF] Request starting "HTTP/1.1" "GET" "http"://"localhost:5034""""/swagger/v1/swagger.json""" - null null (d509f86a)
2024-05-31T20:52:10.9595456-03:00 0HN41PINPOJ74:00000001 [INF] Request finished "HTTP/1.1" "GET" "http"://"localhost:5034""""/swagger/v1/swagger.json""" - 200 null "application/json;charset=utf-8" 167.9523ms (74253ad3)
2024-05-31T20:55:29.6406229-03:00 0HN41PINPOJ75:00000001 [INF] Request starting "HTTP/1.1" "POST" "http"://"localhost:5034""""/api/Sales""" - "application/json" 152 (d509f86a)
2024-05-31T20:55:29.6510726-03:00 0HN41PINPOJ75:00000001 [INF] Executing endpoint '"APITrabalhoFinal.Controllers.SalesController.Insert (APITrabalhoFinal)"' (500cc934)
2024-05-31T20:55:29.6747604-03:00 0HN41PINPOJ75:00000001 [INF] Route matched with "{action = \"Insert\", controller = \"Sales\"}". Executing controller action with signature "Microsoft.AspNetCore.Mvc.ActionResult`1[APITrabalhoFinal.DataBase.Models.TbSale] Insert(APITrabalhoFinal.Services.DTOs.SaleDTO)" on controller "APITrabalhoFinal.Controllers.SalesController" ("APITrabalhoFinal"). (122b2fdf)
2024-05-31T20:55:31.6777695-03:00 0HN41PINPOJ75:00000001 [INF] Executed DbCommand ("43"ms) [Parameters=["@__id_0='?' (DbType = Int32)"], CommandType='Text', CommandTimeout='30']"
""SELECT t.id, t.barcode, t.barcodetype, t.costprice, t.description, t.price, t.stock
FROM tb_products AS t
WHERE t.id = @__id_0
LIMIT 1" (0723d8ff)
2024-05-31T20:55:31.7701142-03:00 0HN41PINPOJ75:00000001 [INF] Executed DbCommand ("10"ms) [Parameters=["@__productId_0='?' (DbType = Int32), @__currentDate_1='?' (DbType = DateTime2)"], CommandType='Text', CommandTimeout='30']"
""SELECT t.id, t.enddate, t.productid, t.promotiontype, t.startdate, t.value
FROM tb_promotions AS t
WHERE t.productid = @__productId_0 AND t.startdate <= @__currentDate_1 AND t.enddate >= @__currentDate_1
ORDER BY t.enddate DESC, t.startdate DESC" (0723d8ff)
2024-05-31T20:55:31.9098956-03:00 0HN41PINPOJ75:00000001 [INF] Executed DbCommand ("21"ms) [Parameters=["@p6='?' (DbType = Int32), @p0='?', @p1='?', @p2='?' (DbType = Decimal), @p3='?', @p4='?' (DbType = Decimal), @p5='?' (DbType = Int32), @p7='?', @p8='?' (DbType = DateTime2), @p9='?' (DbType = Decimal), @p10='?' (DbType = Decimal), @p11='?' (DbType = Int32), @p12='?' (DbType = Int32)"], CommandType='Text', CommandTimeout='30']"
""UPDATE tb_products SET barcode = @p0, barcodetype = @p1, costprice = @p2, description = @p3, price = @p4, stock = @p5
WHERE id = @p6;
INSERT INTO tb_sales (code, createat, discount, price, productid, qty)
VALUES (@p7, @p8, @p9, @p10, @p11, @p12)
RETURNING id;" (0723d8ff)
2024-05-31T20:55:31.9364178-03:00 0HN41PINPOJ75:00000001 [INF] Executing "OkObjectResult", writing value of type '"APITrabalhoFinal.DataBase.Models.TbSale"'. (605b4265)
2024-05-31T20:55:31.9598195-03:00 0HN41PINPOJ75:00000001 [INF] Executed action "APITrabalhoFinal.Controllers.SalesController.Insert (APITrabalhoFinal)" in 2282.2518ms (afa2e885)
2024-05-31T20:55:31.9612748-03:00 0HN41PINPOJ75:00000001 [INF] Executed endpoint '"APITrabalhoFinal.Controllers.SalesController.Insert (APITrabalhoFinal)"' (99874f2b)
2024-05-31T20:55:32.1449789-03:00 0HN41PINPOJ75:00000001 [ERR] An unhandled exception has occurred while executing the request. (48a46595)
System.Text.Json.JsonException: A possible object cycle was detected. This can either be due to a cycle or if the object depth is larger than the maximum allowed depth of 32. Consider using ReferenceHandler.Preserve on JsonSerializerOptions to support cycles. Path: $.Product.TbSales.Product.TbSales.Product.TbSales.Product.TbSales.Product.TbSales.Product.TbSales.Product.TbSales.Product.TbSales.Product.TbSales.Product.TbSales.Product.Id.
   at System.Text.Json.ThrowHelper.ThrowJsonException_SerializerCycleDetected(Int32 maxDepth)
   at System.Text.Json.Serialization.JsonConverter`1.TryWrite(Utf8JsonWriter writer, T& value, JsonSerializerOptions options, WriteStack& state)
   at System.Text.Json.Serialization.Metadata.JsonPropertyInfo`1.GetMemberAndWriteJson(Object obj, WriteStack& state, Utf8JsonWriter writer)
   at System.Text.Json.Serialization.Converters.ObjectDefaultConverter`1.OnTryWrite(Utf8JsonWriter writer, T value, JsonSerializerOptions options, WriteStack& state)
   at System.Text.Json.Serialization.JsonConverter`1.TryWrite(Utf8JsonWriter writer, T& value, JsonSerializerOptions options, WriteStack& state)
   at System.Text.Json.Serialization.Metadata.JsonPropertyInfo`1.GetMemberAndWriteJson(Object obj, WriteStack& state, Utf8JsonWriter writer)
   at System.Text.Json.Serialization.Converters.ObjectDefaultConverter`1.OnTryWrite(Utf8JsonWriter writer, T value, JsonSerializerOptions options, WriteStack& state)
   at System.Text.Json.Serialization.JsonConverter`1.TryWrite(Utf8JsonWriter writer, T& value, JsonSerializerOptions options, WriteStack& state)
   at System.Text.Json.Serialization.Converters.IEnumerableDefaultConverter`2.OnWriteResume(Utf8JsonWriter writer, TCollection value, JsonSerializerOptions options, WriteStack& state)
   at System.Text.Json.Serialization.JsonCollectionConverter`2.OnTryWrite(Utf8JsonWriter writer, TCollection value, JsonSerializerOptions options, WriteStack& state)
   at System.Text.Json.Serialization.JsonConverter`1.TryWrite(Utf8JsonWriter writer, T& value, JsonSerializerOptions options, WriteStack& state)
   at System.Text.Json.Serialization.Metadata.JsonPropertyInfo`1.GetMemberAndWriteJson(Object obj, WriteStack& state, Utf8JsonWriter writer)
   at System.Text.Json.Serialization.Converters.ObjectDefaultConverter`1.OnTryWrite(Utf8JsonWriter writer, T value, JsonSerializerOptions options, WriteStack& state)
   at System.Text.Json.Serialization.JsonConverter`1.TryWrite(Utf8JsonWriter writer, T& value, JsonSerializerOptions options, WriteStack& state)
   at System.Text.Json.Serialization.Metadata.JsonPropertyInfo`1.GetMemberAndWriteJson(Object obj, WriteStack& state, Utf8JsonWriter writer)
   at System.Text.Json.Serialization.Converters.ObjectDefaultConverter`1.OnTryWrite(Utf8JsonWriter writer, T value, JsonSerializerOptions options, WriteStack& state)
   at System.Text.Json.Serialization.JsonConverter`1.TryWrite(Utf8JsonWriter writer, T& value, JsonSerializerOptions options, WriteStack& state)
   at System.Text.Json.Serialization.Converters.IEnumerableDefaultConverter`2.OnWriteResume(Utf8JsonWriter writer, TCollection value, JsonSerializerOptions options, WriteStack& state)
   at System.Text.Json.Serialization.JsonCollectionConverter`2.OnTryWrite(Utf8JsonWriter writer, TCollection value, JsonSerializerOptions options, WriteStack& state)
   at System.Text.Json.Serialization.JsonConverter`1.TryWrite(Utf8JsonWriter writer, T& value, JsonSerializerOptions options, WriteStack& state)
   at System.Text.Json.Serialization.Metadata.JsonPropertyInfo`1.GetMemberAndWriteJson(Object obj, WriteStack& state, Utf8JsonWriter writer)
   at System.Text.Json.Serialization.Converters.ObjectDefaultConverter`1.OnTryWrite(Utf8JsonWriter writer, T value, JsonSerializerOptions options, WriteStack& state)
   at System.Text.Json.Serialization.JsonConverter`1.TryWrite(Utf8JsonWriter writer, T& value, JsonSerializerOptions options, WriteStack& state)
   at System.Text.Json.Serialization.Metadata.JsonPropertyInfo`1.GetMemberAndWriteJson(Object obj, WriteStack& state, Utf8JsonWriter writer)
   at System.Text.Json.Serialization.Converters.ObjectDefaultConverter`1.OnTryWrite(Utf8JsonWriter writer, T value, JsonSerializerOptions options, WriteStack& state)
   at System.Text.Json.Serialization.JsonConverter`1.TryWrite(Utf8JsonWriter writer, T& value, JsonSerializerOptions options, WriteStack& state)
   at System.Text.Json.Serialization.Converters.IEnumerableDefaultConverter`2.OnWriteResume(Utf8JsonWriter writer, TCollection value, JsonSerializerOptions options, WriteStack& state)
   at System.Text.Json.Serialization.JsonCollectionConverter`2.OnTryWrite(Utf8JsonWriter writer, TCollection value, JsonSerializerOptions options, WriteStack& state)
   at System.Text.Json.Serialization.JsonConverter`1.TryWrite(Utf8JsonWriter writer, T& value, JsonSerializerOptions options, WriteStack& state)
   at System.Text.Json.Serialization.Metadata.JsonPropertyInfo`1.GetMemberAndWriteJson(Object obj, WriteStack& state, Utf8JsonWriter writer)
   at System.Text.Json.Serialization.Converters.ObjectDefaultConverter`1.OnTryWrite(Utf8JsonWriter writer, T value, JsonSerializerOptions options, WriteStack& state)
   at System.Text.Json.Serialization.JsonConverter`1.TryWrite(Utf8JsonWriter writer, T& value, JsonSerializerOptions options, WriteStack& state)
   at System.Text.Json.Serialization.Metadata.JsonPropertyInfo`1.GetMemberAndWriteJson(Object obj, WriteStack& state, Utf8JsonWriter writer)
   at System.Text.Json.Serialization.Converters.ObjectDefaultConverter`1.OnTryWrite(Utf8JsonWriter writer, T value, JsonSerializerOptions options, WriteStack& state)
   at System.Text.Json.Serialization.JsonConverter`1.TryWrite(Utf8JsonWriter writer, T& value, JsonSerializerOptions options, WriteStack& state)
   at System.Text.Json.Serialization.Converters.IEnumerableDefaultConverter`2.OnWriteResume(Utf8JsonWriter writer, TCollection value, JsonSerializerOptions options, WriteStack& state)
   at System.Text.Json.Serialization.JsonCollectionConverter`2.OnTryWrite(Utf8JsonWriter writer, TCollection value, JsonSerializerOptions options, WriteStack& state)
   at System.Text.Json.Serialization.JsonConverter`1.TryWrite(Utf8JsonWriter writer, T& value, JsonSerializerOptions options, WriteStack& state)
   at System.Text.Json.Serialization.Metadata.JsonPropertyInfo`1.GetMemberAndWriteJson(Object obj, WriteStack& state, Utf8JsonWriter writer)
   at System.Text.Json.Serialization.Converters.ObjectDefaultConverter`1.OnTryWrite(Utf8JsonWriter writer, T value, JsonSerializerOptions options, WriteStack& state)
   at System.Text.Json.Serialization.JsonConverter`1.TryWrite(Utf8JsonWriter writer, T& value, JsonSerializerOptions options, WriteStack& state)
   at System.Text.Json.Serialization.Metadata.JsonPropertyInfo`1.GetMemberAndWriteJson(Object obj, WriteStack& state, Utf8JsonWriter writer)
   at System.Text.Json.Serialization.Converters.ObjectDefaultConverter`1.OnTryWrite(Utf8JsonWriter writer, T value, JsonSerializerOptions options, WriteStack& state)
   at System.Text.Json.Serialization.JsonConverter`1.TryWrite(Utf8JsonWriter writer, T& value, JsonSerializerOptions options, WriteStack& state)
   at System.Text.Json.Serialization.Converters.IEnumerableDefaultConverter`2.OnWriteResume(Utf8JsonWriter writer, TCollection value, JsonSerializerOptions options, WriteStack& state)
   at System.Text.Json.Serialization.JsonCollectionConverter`2.OnTryWrite(Utf8JsonWriter writer, TCollection value, JsonSerializerOptions options, WriteStack& state)
   at System.Text.Json.Serialization.JsonConverter`1.TryWrite(Utf8JsonWriter writer, T& value, JsonSerializerOptions options, WriteStack& state)
   at System.Text.Json.Serialization.Metadata.JsonPropertyInfo`1.GetMemberAndWriteJson(Object obj, WriteStack& state, Utf8JsonWriter writer)
   at System.Text.Json.Serialization.Converters.ObjectDefaultConverter`1.OnTryWrite(Utf8JsonWriter writer, T value, JsonSerializerOptions options, WriteStack& state)
   at System.Text.Json.Serialization.JsonConverter`1.TryWrite(Utf8JsonWriter writer, T& value, JsonSerializerOptions options, WriteStack& state)
   at System.Text.Json.Serialization.Metadata.JsonPropertyInfo`1.GetMemberAndWriteJson(Object obj, WriteStack& state, Utf8JsonWriter writer)
   at System.Text.Json.Serialization.Converters.ObjectDefaultConverter`1.OnTryWrite(Utf8JsonWriter writer, T value, JsonSerializerOptions options, WriteStack& state)
   at System.Text.Json.Serialization.JsonConverter`1.TryWrite(Utf8JsonWriter writer, T& value, JsonSerializerOptions options, WriteStack& state)
   at System.Text.Json.Serialization.Converters.IEnumerableDefaultConverter`2.OnWriteResume(Utf8JsonWriter writer, TCollection value, JsonSerializerOptions options, WriteStack& state)
   at System.Text.Json.Serialization.JsonCollectionConverter`2.OnTryWrite(Utf8JsonWriter writer, TCollection value, JsonSerializerOptions options, WriteStack& state)
   at System.Text.Json.Serialization.JsonConverter`1.TryWrite(Utf8JsonWriter writer, T& value, JsonSerializerOptions options, WriteStack& state)
   at System.Text.Json.Serialization.Metadata.JsonPropertyInfo`1.GetMemberAndWriteJson(Object obj, WriteStack& state, Utf8JsonWriter writer)
   at System.Text.Json.Serialization.Converters.ObjectDefaultConverter`1.OnTryWrite(Utf8JsonWriter writer, T value, JsonSerializerOptions options, WriteStack& state)
   at System.Text.Json.Serialization.JsonConverter`1.TryWrite(Utf8JsonWriter writer, T& value, JsonSerializerOptions options, WriteStack& state)
   at System.Text.Json.Serialization.Metadata.JsonPropertyInfo`1.GetMemberAndWriteJson(Object obj, WriteStack& state, Utf8JsonWriter writer)
   at System.Text.Json.Serialization.Converters.ObjectDefaultConverter`1.OnTryWrite(Utf8JsonWriter writer, T value, JsonSerializerOptions options, WriteStack& state)
   at System.Text.Json.Serialization.JsonConverter`1.TryWrite(Utf8JsonWriter writer, T& value, JsonSerializerOptions options, WriteStack& state)
   at System.Text.Json.Serialization.Converters.IEnumerableDefaultConverter`2.OnWriteResume(Utf8JsonWriter writer, TCollection value, JsonSerializerOptions options, WriteStack& state)
   at System.Text.Json.Serialization.JsonCollectionConverter`2.OnTryWrite(Utf8JsonWriter writer, TCollection value, JsonSerializerOptions options, WriteStack& state)
   at System.Text.Json.Serialization.JsonConverter`1.TryWrite(Utf8JsonWriter writer, T& value, JsonSerializerOptions options, WriteStack& state)
   at System.Text.Json.Serialization.Metadata.JsonPropertyInfo`1.GetMemberAndWriteJson(Object obj, WriteStack& state, Utf8JsonWriter writer)
   at System.Text.Json.Serialization.Converters.ObjectDefaultConverter`1.OnTryWrite(Utf8JsonWriter writer, T value, JsonSerializerOptions options, WriteStack& state)
   at System.Text.Json.Serialization.JsonConverter`1.TryWrite(Utf8JsonWriter writer, T& value, JsonSerializerOptions options, WriteStack& state)
   at System.Text.Json.Serialization.Metadata.JsonPropertyInfo`1.GetMemberAndWriteJson(Object obj, WriteStack& state, Utf8JsonWriter writer)
   at System.Text.Json.Serialization.Converters.ObjectDefaultConverter`1.OnTryWrite(Utf8JsonWriter writer, T value, JsonSerializerOptions options, WriteStack& state)
   at System.Text.Json.Serialization.JsonConverter`1.TryWrite(Utf8JsonWriter writer, T& value, JsonSerializerOptions options, WriteStack& state)
   at System.Text.Json.Serialization.Converters.IEnumerableDefaultConverter`2.OnWriteResume(Utf8JsonWriter writer, TCollection value, JsonSerializerOptions options, WriteStack& state)
   at System.Text.Json.Serialization.JsonCollectionConverter`2.OnTryWrite(Utf8JsonWriter writer, TCollection value, JsonSerializerOptions options, WriteStack& state)
   at System.Text.Json.Serialization.JsonConverter`1.TryWrite(Utf8JsonWriter writer, T& value, JsonSerializerOptions options, WriteStack& state)
   at System.Text.Json.Serialization.Metadata.JsonPropertyInfo`1.GetMemberAndWriteJson(Object obj, WriteStack& state, Utf8JsonWriter writer)
   at System.Text.Json.Serialization.Converters.ObjectDefaultConverter`1.OnTryWrite(Utf8JsonWriter writer, T value, JsonSerializerOptions options, WriteStack& state)
   at System.Text.Json.Serialization.JsonConverter`1.TryWrite(Utf8JsonWriter writer, T& value, JsonSerializerOptions options, WriteStack& state)
   at System.Text.Json.Serialization.Metadata.JsonPropertyInfo`1.GetMemberAndWriteJson(Object obj, WriteStack& state, Utf8JsonWriter writer)
   at System.Text.Json.Serialization.Converters.ObjectDefaultConverter`1.OnTryWrite(Utf8JsonWriter writer, T value, JsonSerializerOptions options, WriteStack& state)
   at System.Text.Json.Serialization.JsonConverter`1.TryWrite(Utf8JsonWriter writer, T& value, JsonSerializerOptions options, WriteStack& state)
   at System.Text.Json.Serialization.Converters.IEnumerableDefaultConverter`2.OnWriteResume(Utf8JsonWriter writer, TCollection value, JsonSerializerOptions options, WriteStack& state)
   at System.Text.Json.Serialization.JsonCollectionConverter`2.OnTryWrite(Utf8JsonWriter writer, TCollection value, JsonSerializerOptions options, WriteStack& state)
   at System.Text.Json.Serialization.JsonConverter`1.TryWrite(Utf8JsonWriter writer, T& value, JsonSerializerOptions options, WriteStack& state)
   at System.Text.Json.Serialization.Metadata.JsonPropertyInfo`1.GetMemberAndWriteJson(Object obj, WriteStack& state, Utf8JsonWriter writer)
   at System.Text.Json.Serialization.Converters.ObjectDefaultConverter`1.OnTryWrite(Utf8JsonWriter writer, T value, JsonSerializerOptions options, WriteStack& state)
   at System.Text.Json.Serialization.JsonConverter`1.TryWrite(Utf8JsonWriter writer, T& value, JsonSerializerOptions options, WriteStack& state)
   at System.Text.Json.Serialization.Metadata.JsonPropertyInfo`1.GetMemberAndWriteJson(Object obj, WriteStack& state, Utf8JsonWriter writer)
   at System.Text.Json.Serialization.Converters.ObjectDefaultConverter`1.OnTryWrite(Utf8JsonWriter writer, T value, JsonSerializerOptions options, WriteStack& state)
   at System.Text.Json.Serialization.JsonConverter`1.TryWrite(Utf8JsonWriter writer, T& value, JsonSerializerOptions options, WriteStack& state)
   at System.Text.Json.Serialization.Converters.IEnumerableDefaultConverter`2.OnWriteResume(Utf8JsonWriter writer, TCollection value, JsonSerializerOptions options, WriteStack& state)
   at System.Text.Json.Serialization.JsonCollectionConverter`2.OnTryWrite(Utf8JsonWriter writer, TCollection value, JsonSerializerOptions options, WriteStack& state)
   at System.Text.Json.Serialization.JsonConverter`1.TryWrite(Utf8JsonWriter writer, T& value, JsonSerializerOptions options, WriteStack& state)
   at System.Text.Json.Serialization.Metadata.JsonPropertyInfo`1.GetMemberAndWriteJson(Object obj, WriteStack& state, Utf8JsonWriter writer)
   at System.Text.Json.Serialization.Converters.ObjectDefaultConverter`1.OnTryWrite(Utf8JsonWriter writer, T value, JsonSerializerOptions options, WriteStack& state)
   at System.Text.Json.Serialization.JsonConverter`1.TryWrite(Utf8JsonWriter writer, T& value, JsonSerializerOptions options, WriteStack& state)
   at System.Text.Json.Serialization.Metadata.JsonPropertyInfo`1.GetMemberAndWriteJson(Object obj, WriteStack& state, Utf8JsonWriter writer)
   at System.Text.Json.Serialization.Converters.ObjectDefaultConverter`1.OnTryWrite(Utf8JsonWriter writer, T value, JsonSerializerOptions options, WriteStack& state)
   at System.Text.Json.Serialization.JsonConverter`1.TryWrite(Utf8JsonWriter writer, T& value, JsonSerializerOptions options, WriteStack& state)
   at System.Text.Json.Serialization.JsonConverter`1.WriteCore(Utf8JsonWriter writer, T& value, JsonSerializerOptions options, WriteStack& state)
   at System.Text.Json.Serialization.Metadata.JsonTypeInfo`1.SerializeAsync(Stream utf8Json, T rootValue, CancellationToken cancellationToken, Object rootValueBoxed)
   at System.Text.Json.Serialization.Metadata.JsonTypeInfo`1.SerializeAsync(Stream utf8Json, T rootValue, CancellationToken cancellationToken, Object rootValueBoxed)
   at System.Text.Json.Serialization.Metadata.JsonTypeInfo`1.SerializeAsync(Stream utf8Json, T rootValue, CancellationToken cancellationToken, Object rootValueBoxed)
   at Microsoft.AspNetCore.Mvc.Formatters.SystemTextJsonOutputFormatter.WriteResponseBodyAsync(OutputFormatterWriteContext context, Encoding selectedEncoding)
   at Microsoft.AspNetCore.Mvc.Infrastructure.ResourceInvoker.<InvokeNextResultFilterAsync>g__Awaited|30_0[TFilter,TFilterAsync](ResourceInvoker invoker, Task lastTask, State next, Scope scope, Object state, Boolean isCompleted)
   at Microsoft.AspNetCore.Mvc.Infrastructure.ResourceInvoker.Rethrow(ResultExecutedContextSealed context)
   at Microsoft.AspNetCore.Mvc.Infrastructure.ResourceInvoker.ResultNext[TFilter,TFilterAsync](State& next, Scope& scope, Object& state, Boolean& isCompleted)
   at Microsoft.AspNetCore.Mvc.Infrastructure.ResourceInvoker.InvokeResultFilters()
--- End of stack trace from previous location ---
   at Microsoft.AspNetCore.Mvc.Infrastructure.ResourceInvoker.<InvokeFilterPipelineAsync>g__Awaited|20_0(ResourceInvoker invoker, Task lastTask, State next, Scope scope, Object state, Boolean isCompleted)
   at Microsoft.AspNetCore.Mvc.Infrastructure.ResourceInvoker.<InvokeAsync>g__Logged|17_1(ResourceInvoker invoker)
   at Microsoft.AspNetCore.Mvc.Infrastructure.ResourceInvoker.<InvokeAsync>g__Logged|17_1(ResourceInvoker invoker)
   at Microsoft.AspNetCore.Routing.EndpointMiddleware.<Invoke>g__AwaitRequestTask|7_0(Endpoint endpoint, Task requestTask, ILogger logger)
   at Microsoft.AspNetCore.Authorization.AuthorizationMiddleware.Invoke(HttpContext context)
   at Swashbuckle.AspNetCore.SwaggerUI.SwaggerUIMiddleware.Invoke(HttpContext httpContext)
   at Swashbuckle.AspNetCore.Swagger.SwaggerMiddleware.Invoke(HttpContext httpContext, ISwaggerProvider swaggerProvider)
   at Microsoft.AspNetCore.Authentication.AuthenticationMiddleware.Invoke(HttpContext context)
   at Microsoft.AspNetCore.Diagnostics.DeveloperExceptionPageMiddlewareImpl.Invoke(HttpContext context)
2024-05-31T20:55:32.1551052-03:00 0HN41PINPOJ75:00000001 [INF] Request finished "HTTP/1.1" "POST" "http"://"localhost:5034""""/api/Sales""" - 500 null "text/plain; charset=utf-8" 2514.5836ms (74253ad3)
2024-05-31T21:01:05.1807013-03:00  [INF] Now listening on: "http://localhost:5034" (d826f4b8)
2024-05-31T21:01:05.1884837-03:00  [INF] Application started. Press Ctrl+C to shut down. (dcaefe54)
2024-05-31T21:01:05.1914786-03:00  [INF] Hosting environment: "Development" (bc5a1a4e)
2024-05-31T21:01:05.1937143-03:00  [INF] Content root path: "C:\Users\João\source\repos\APITrabalhoFinal\APITrabalhoFinal" (cc26f24e)
2024-05-31T21:01:05.7091225-03:00 0HN41PNNBR1PL:00000001 [INF] Request starting "HTTP/1.1" "GET" "http"://"localhost:5034""""/swagger/index.html""" - null null (d509f86a)
2024-05-31T21:01:06.5810292-03:00 0HN41PNNBR1PL:00000001 [INF] Request finished "HTTP/1.1" "GET" "http"://"localhost:5034""""/swagger/index.html""" - 200 null "text/html;charset=utf-8" 880.8453ms (74253ad3)
2024-05-31T21:01:06.5884609-03:00 0HN41PNNBR1PL:00000002 [INF] Request starting "HTTP/1.1" "GET" "http"://"localhost:5034""""/_framework/aspnetcore-browser-refresh.js""" - null null (d509f86a)
2024-05-31T21:01:06.5909610-03:00 0HN41PNNBR1PL:00000002 [INF] Request finished "HTTP/1.1" "GET" "http"://"localhost:5034""""/_framework/aspnetcore-browser-refresh.js""" - 200 13768 "application/javascript; charset=utf-8" 2.569ms (74253ad3)
2024-05-31T21:01:06.5946379-03:00 0HN41PNNBR1PL:00000003 [INF] Request starting "HTTP/1.1" "GET" "http"://"localhost:5034""""/_vs/browserLink""" - null null (d509f86a)
2024-05-31T21:01:06.6273843-03:00 0HN41PNNBR1PL:00000003 [INF] Request finished "HTTP/1.1" "GET" "http"://"localhost:5034""""/_vs/browserLink""" - 200 null "text/javascript; charset=UTF-8" 32.7485ms (74253ad3)
2024-05-31T21:01:06.7008028-03:00 0HN41PNNBR1PN:00000001 [INF] Request starting "HTTP/1.1" "GET" "http"://"localhost:5034""""/swagger/v1/swagger.json""" - null null (d509f86a)
2024-05-31T21:01:06.8720565-03:00 0HN41PNNBR1PN:00000001 [INF] Request finished "HTTP/1.1" "GET" "http"://"localhost:5034""""/swagger/v1/swagger.json""" - 200 null "application/json;charset=utf-8" 171.2536ms (74253ad3)
2024-05-31T21:02:00.6359141-03:00 0HN41PNNBR1PO:00000001 [INF] Request starting "HTTP/1.1" "POST" "http"://"localhost:5034""""/api/Sales""" - "application/json" 152 (d509f86a)
2024-05-31T21:02:00.6450864-03:00 0HN41PNNBR1PO:00000001 [INF] Executing endpoint '"APITrabalhoFinal.Controllers.SalesController.Insert (APITrabalhoFinal)"' (500cc934)
2024-05-31T21:02:00.6708752-03:00 0HN41PNNBR1PO:00000001 [INF] Route matched with "{action = \"Insert\", controller = \"Sales\"}". Executing controller action with signature "Microsoft.AspNetCore.Mvc.ActionResult`1[APITrabalhoFinal.DataBase.Models.TbSale] Insert(APITrabalhoFinal.Services.DTOs.SaleDTO)" on controller "APITrabalhoFinal.Controllers.SalesController" ("APITrabalhoFinal"). (122b2fdf)
2024-05-31T21:02:02.4997095-03:00 0HN41PNNBR1PO:00000001 [INF] Executed DbCommand ("42"ms) [Parameters=["@__id_0='?' (DbType = Int32)"], CommandType='Text', CommandTimeout='30']"
""SELECT t.id, t.barcode, t.barcodetype, t.costprice, t.description, t.price, t.stock
FROM tb_products AS t
WHERE t.id = @__id_0
LIMIT 1" (0723d8ff)
2024-05-31T21:02:02.5963150-03:00 0HN41PNNBR1PO:00000001 [INF] Executed DbCommand ("12"ms) [Parameters=["@__productId_0='?' (DbType = Int32), @__currentDate_1='?' (DbType = DateTime2)"], CommandType='Text', CommandTimeout='30']"
""SELECT t.id, t.enddate, t.productid, t.promotiontype, t.startdate, t.value
FROM tb_promotions AS t
WHERE t.productid = @__productId_0 AND t.startdate <= @__currentDate_1 AND t.enddate >= @__currentDate_1
ORDER BY t.enddate DESC, t.startdate DESC" (0723d8ff)
2024-05-31T21:02:02.7315132-03:00 0HN41PNNBR1PO:00000001 [INF] Executed DbCommand ("19"ms) [Parameters=["@p6='?' (DbType = Int32), @p0='?', @p1='?', @p2='?' (DbType = Decimal), @p3='?', @p4='?' (DbType = Decimal), @p5='?' (DbType = Int32), @p7='?', @p8='?' (DbType = DateTime2), @p9='?' (DbType = Decimal), @p10='?' (DbType = Decimal), @p11='?' (DbType = Int32), @p12='?' (DbType = Int32)"], CommandType='Text', CommandTimeout='30']"
""UPDATE tb_products SET barcode = @p0, barcodetype = @p1, costprice = @p2, description = @p3, price = @p4, stock = @p5
WHERE id = @p6;
INSERT INTO tb_sales (code, createat, discount, price, productid, qty)
VALUES (@p7, @p8, @p9, @p10, @p11, @p12)
RETURNING id;" (0723d8ff)
2024-05-31T21:02:02.7578365-03:00 0HN41PNNBR1PO:00000001 [INF] Executing "OkObjectResult", writing value of type '"APITrabalhoFinal.DataBase.Models.TbSale"'. (605b4265)
2024-05-31T21:02:02.7728183-03:00 0HN41PNNBR1PO:00000001 [INF] Executed action "APITrabalhoFinal.Controllers.SalesController.Insert (APITrabalhoFinal)" in 2099.0724ms (afa2e885)
2024-05-31T21:02:02.7729433-03:00 0HN41PNNBR1PO:00000001 [INF] Executed endpoint '"APITrabalhoFinal.Controllers.SalesController.Insert (APITrabalhoFinal)"' (99874f2b)
2024-05-31T21:02:02.7788061-03:00 0HN41PNNBR1PO:00000001 [INF] Request finished "HTTP/1.1" "POST" "http"://"localhost:5034""""/api/Sales""" - 200 null "application/json; charset=utf-8" 2142.9831ms (74253ad3)
2024-05-31T21:04:00.5388338-03:00 0HN41PNNBR1PP:00000001 [INF] Request starting "HTTP/1.1" "POST" "http"://"localhost:5034""""/api/Sales""" - "application/json" 152 (d509f86a)
2024-05-31T21:04:00.5405603-03:00 0HN41PNNBR1PP:00000001 [INF] Executing endpoint '"APITrabalhoFinal.Controllers.SalesController.Insert (APITrabalhoFinal)"' (500cc934)
2024-05-31T21:04:00.5410747-03:00 0HN41PNNBR1PP:00000001 [INF] Route matched with "{action = \"Insert\", controller = \"Sales\"}". Executing controller action with signature "Microsoft.AspNetCore.Mvc.ActionResult`1[APITrabalhoFinal.DataBase.Models.TbSale] Insert(APITrabalhoFinal.Services.DTOs.SaleDTO)" on controller "APITrabalhoFinal.Controllers.SalesController" ("APITrabalhoFinal"). (122b2fdf)
2024-05-31T21:04:07.7218470-03:00 0HN41PNNBR1PP:00000001 [INF] Executed DbCommand ("1"ms) [Parameters=["@__id_0='?' (DbType = Int32)"], CommandType='Text', CommandTimeout='30']"
""SELECT t.id, t.barcode, t.barcodetype, t.costprice, t.description, t.price, t.stock
FROM tb_products AS t
WHERE t.id = @__id_0
LIMIT 1" (0723d8ff)
2024-05-31T21:04:29.5259163-03:00 0HN41PNNBR1PP:00000001 [INF] Executed DbCommand ("1"ms) [Parameters=["@__productId_0='?' (DbType = Int32), @__currentDate_1='?' (DbType = DateTime2)"], CommandType='Text', CommandTimeout='30']"
""SELECT t.id, t.enddate, t.productid, t.promotiontype, t.startdate, t.value
FROM tb_promotions AS t
WHERE t.productid = @__productId_0 AND t.startdate <= @__currentDate_1 AND t.enddate >= @__currentDate_1
ORDER BY t.enddate DESC, t.startdate DESC" (0723d8ff)
2024-05-31T21:05:09.1248510-03:00 0HN41PNNBR1PP:00000001 [INF] Executed DbCommand ("5"ms) [Parameters=["@p6='?' (DbType = Int32), @p0='?', @p1='?', @p2='?' (DbType = Decimal), @p3='?', @p4='?' (DbType = Decimal), @p5='?' (DbType = Int32), @p7='?', @p8='?' (DbType = DateTime2), @p9='?' (DbType = Decimal), @p10='?' (DbType = Decimal), @p11='?' (DbType = Int32), @p12='?' (DbType = Int32)"], CommandType='Text', CommandTimeout='30']"
""UPDATE tb_products SET barcode = @p0, barcodetype = @p1, costprice = @p2, description = @p3, price = @p4, stock = @p5
WHERE id = @p6;
INSERT INTO tb_sales (code, createat, discount, price, productid, qty)
VALUES (@p7, @p8, @p9, @p10, @p11, @p12)
RETURNING id;" (0723d8ff)
2024-05-31T21:05:09.1271344-03:00 0HN41PNNBR1PP:00000001 [INF] Executing "OkObjectResult", writing value of type '"APITrabalhoFinal.DataBase.Models.TbSale"'. (605b4265)
2024-05-31T21:05:09.1274381-03:00 0HN41PNNBR1PP:00000001 [INF] Executed action "APITrabalhoFinal.Controllers.SalesController.Insert (APITrabalhoFinal)" in 68586.2971ms (afa2e885)
2024-05-31T21:05:09.1274727-03:00 0HN41PNNBR1PP:00000001 [INF] Executed endpoint '"APITrabalhoFinal.Controllers.SalesController.Insert (APITrabalhoFinal)"' (99874f2b)
2024-05-31T21:05:09.1276023-03:00 0HN41PNNBR1PP:00000001 [INF] Request finished "HTTP/1.1" "POST" "http"://"localhost:5034""""/api/Sales""" - 200 null "application/json; charset=utf-8" 68591.113ms (74253ad3)
2024-05-31T21:14:49.8918450-03:00  [INF] Now listening on: "http://localhost:5034" (d826f4b8)
2024-05-31T21:14:49.9019499-03:00  [INF] Application started. Press Ctrl+C to shut down. (dcaefe54)
2024-05-31T21:14:49.9139947-03:00  [INF] Hosting environment: "Development" (bc5a1a4e)
2024-05-31T21:14:49.9164061-03:00  [INF] Content root path: "C:\Users\João\source\repos\APITrabalhoFinal\APITrabalhoFinal" (cc26f24e)
2024-05-31T21:14:50.7108725-03:00 0HN41PVD7HIP5:00000001 [INF] Request starting "HTTP/1.1" "GET" "http"://"localhost:5034""""/swagger/index.html""" - null null (d509f86a)
2024-05-31T21:14:51.0029302-03:00 0HN41PVD7HIP5:00000001 [INF] Request finished "HTTP/1.1" "GET" "http"://"localhost:5034""""/swagger/index.html""" - 200 null "text/html;charset=utf-8" 298.8122ms (74253ad3)
2024-05-31T21:14:51.0083323-03:00 0HN41PVD7HIP5:00000002 [INF] Request starting "HTTP/1.1" "GET" "http"://"localhost:5034""""/_framework/aspnetcore-browser-refresh.js""" - null null (d509f86a)
2024-05-31T21:14:51.0087434-03:00 0HN41PVD7HIP6:00000001 [INF] Request starting "HTTP/1.1" "GET" "http"://"localhost:5034""""/_vs/browserLink""" - null null (d509f86a)
2024-05-31T21:14:51.0115347-03:00 0HN41PVD7HIP5:00000002 [INF] Request finished "HTTP/1.1" "GET" "http"://"localhost:5034""""/_framework/aspnetcore-browser-refresh.js""" - 200 13768 "application/javascript; charset=utf-8" 3.2088ms (74253ad3)
2024-05-31T21:14:51.1281407-03:00 0HN41PVD7HIP6:00000001 [INF] Request finished "HTTP/1.1" "GET" "http"://"localhost:5034""""/_vs/browserLink""" - 200 null "text/javascript; charset=UTF-8" 119.426ms (74253ad3)
2024-05-31T21:14:51.1980014-03:00 0HN41PVD7HIP6:00000002 [INF] Request starting "HTTP/1.1" "GET" "http"://"localhost:5034""""/swagger/v1/swagger.json""" - null null (d509f86a)
2024-05-31T21:14:51.3775093-03:00 0HN41PVD7HIP6:00000002 [INF] Request finished "HTTP/1.1" "GET" "http"://"localhost:5034""""/swagger/v1/swagger.json""" - 200 null "application/json;charset=utf-8" 179.573ms (74253ad3)
2024-05-31T21:15:25.3726575-03:00 0HN41PVD7HIP7:00000001 [INF] Request starting "HTTP/1.1" "POST" "http"://"localhost:5034""""/api/Sales""" - "application/json" 152 (d509f86a)
2024-05-31T21:15:25.3808475-03:00 0HN41PVD7HIP7:00000001 [INF] Executing endpoint '"APITrabalhoFinal.Controllers.SalesController.Insert (APITrabalhoFinal)"' (500cc934)
2024-05-31T21:15:25.4056938-03:00 0HN41PVD7HIP7:00000001 [INF] Route matched with "{action = \"Insert\", controller = \"Sales\"}". Executing controller action with signature "Microsoft.AspNetCore.Mvc.ActionResult`1[APITrabalhoFinal.DataBase.Models.TbSale] Insert(APITrabalhoFinal.Services.DTOs.SaleDTO)" on controller "APITrabalhoFinal.Controllers.SalesController" ("APITrabalhoFinal"). (122b2fdf)
2024-05-31T21:15:33.4784945-03:00 0HN41PVD7HIP7:00000001 [INF] Executed DbCommand ("45"ms) [Parameters=["@__id_0='?' (DbType = Int32)"], CommandType='Text', CommandTimeout='30']"
""SELECT t.id, t.barcode, t.barcodetype, t.costprice, t.description, t.price, t.stock
FROM tb_products AS t
WHERE t.id = @__id_0
LIMIT 1" (0723d8ff)
2024-05-31T21:15:45.6794063-03:00 0HN41PVD7HIP7:00000001 [INF] Executed DbCommand ("11"ms) [Parameters=["@__productId_0='?' (DbType = Int32), @__currentDate_1='?' (DbType = DateTime2)"], CommandType='Text', CommandTimeout='30']"
""SELECT t.id, t.enddate, t.productid, t.promotiontype, t.startdate, t.value
FROM tb_promotions AS t
WHERE t.productid = @__productId_0 AND t.startdate <= @__currentDate_1 AND t.enddate >= @__currentDate_1
ORDER BY t.enddate DESC, t.startdate DESC" (0723d8ff)
2024-05-31T21:17:12.3409455-03:00 0HN41PVD7HIP7:00000001 [INF] Executed DbCommand ("23"ms) [Parameters=["@p6='?' (DbType = Int32), @p0='?', @p1='?', @p2='?' (DbType = Decimal), @p3='?', @p4='?' (DbType = Decimal), @p5='?' (DbType = Int32), @p7='?', @p8='?' (DbType = DateTime2), @p9='?' (DbType = Decimal), @p10='?' (DbType = Decimal), @p11='?' (DbType = Int32), @p12='?' (DbType = Int32)"], CommandType='Text', CommandTimeout='30']"
""UPDATE tb_products SET barcode = @p0, barcodetype = @p1, costprice = @p2, description = @p3, price = @p4, stock = @p5
WHERE id = @p6;
INSERT INTO tb_sales (code, createat, discount, price, productid, qty)
VALUES (@p7, @p8, @p9, @p10, @p11, @p12)
RETURNING id;" (0723d8ff)
2024-05-31T21:17:12.3682863-03:00 0HN41PVD7HIP7:00000001 [INF] Executing "OkObjectResult", writing value of type '"APITrabalhoFinal.DataBase.Models.TbSale"'. (605b4265)
2024-05-31T21:17:12.3855714-03:00 0HN41PVD7HIP7:00000001 [INF] Executed action "APITrabalhoFinal.Controllers.SalesController.Insert (APITrabalhoFinal)" in 106976.8639ms (afa2e885)
2024-05-31T21:17:12.3856918-03:00 0HN41PVD7HIP7:00000001 [INF] Executed endpoint '"APITrabalhoFinal.Controllers.SalesController.Insert (APITrabalhoFinal)"' (99874f2b)
2024-05-31T21:17:12.3912727-03:00 0HN41PVD7HIP7:00000001 [INF] Request finished "HTTP/1.1" "POST" "http"://"localhost:5034""""/api/Sales""" - 200 null "application/json; charset=utf-8" 107018.8247ms (74253ad3)
2024-05-31T21:23:02.4967875-03:00  [INF] Now listening on: "http://localhost:5034" (d826f4b8)
2024-05-31T21:23:02.5077536-03:00  [INF] Application started. Press Ctrl+C to shut down. (dcaefe54)
2024-05-31T21:23:02.5112085-03:00  [INF] Hosting environment: "Development" (bc5a1a4e)
2024-05-31T21:23:02.5140292-03:00  [INF] Content root path: "C:\Users\João\source\repos\APITrabalhoFinal\APITrabalhoFinal" (cc26f24e)
2024-05-31T21:23:03.1090382-03:00 0HN41Q3VVPND2:00000001 [INF] Request starting "HTTP/1.1" "GET" "http"://"localhost:5034""""/swagger/index.html""" - null null (d509f86a)
2024-05-31T21:23:03.5575871-03:00 0HN41Q3VVPND2:00000001 [INF] Request finished "HTTP/1.1" "GET" "http"://"localhost:5034""""/swagger/index.html""" - 200 null "text/html;charset=utf-8" 455.9307ms (74253ad3)
2024-05-31T21:23:03.5626688-03:00 0HN41Q3VVPND2:00000002 [INF] Request starting "HTTP/1.1" "GET" "http"://"localhost:5034""""/_framework/aspnetcore-browser-refresh.js""" - null null (d509f86a)
2024-05-31T21:23:03.5626687-03:00 0HN41Q3VVPND3:00000001 [INF] Request starting "HTTP/1.1" "GET" "http"://"localhost:5034""""/_vs/browserLink""" - null null (d509f86a)
2024-05-31T21:23:03.5663454-03:00 0HN41Q3VVPND2:00000002 [INF] Request finished "HTTP/1.1" "GET" "http"://"localhost:5034""""/_framework/aspnetcore-browser-refresh.js""" - 200 13768 "application/javascript; charset=utf-8" 3.8417ms (74253ad3)
2024-05-31T21:23:03.5989706-03:00 0HN41Q3VVPND3:00000001 [INF] Request finished "HTTP/1.1" "GET" "http"://"localhost:5034""""/_vs/browserLink""" - 200 null "text/javascript; charset=UTF-8" 36.514ms (74253ad3)
2024-05-31T21:23:03.6784032-03:00 0HN41Q3VVPND3:00000002 [INF] Request starting "HTTP/1.1" "GET" "http"://"localhost:5034""""/swagger/v1/swagger.json""" - null null (d509f86a)
2024-05-31T21:23:03.8445721-03:00 0HN41Q3VVPND3:00000002 [INF] Request finished "HTTP/1.1" "GET" "http"://"localhost:5034""""/swagger/v1/swagger.json""" - 200 null "application/json;charset=utf-8" 166.2084ms (74253ad3)
2024-05-31T21:23:21.0256294-03:00 0HN41Q3VVPND4:00000001 [INF] Request starting "HTTP/1.1" "POST" "http"://"localhost:5034""""/api/Sales""" - "application/json" 153 (d509f86a)
2024-05-31T21:23:21.0367687-03:00 0HN41Q3VVPND4:00000001 [INF] Executing endpoint '"APITrabalhoFinal.Controllers.SalesController.Insert (APITrabalhoFinal)"' (500cc934)
2024-05-31T21:23:21.0635625-03:00 0HN41Q3VVPND4:00000001 [INF] Route matched with "{action = \"Insert\", controller = \"Sales\"}". Executing controller action with signature "Microsoft.AspNetCore.Mvc.ActionResult`1[APITrabalhoFinal.DataBase.Models.TbSale] Insert(APITrabalhoFinal.Services.DTOs.SaleDTO)" on controller "APITrabalhoFinal.Controllers.SalesController" ("APITrabalhoFinal"). (122b2fdf)
2024-05-31T21:23:25.8466123-03:00 0HN41Q3VVPND4:00000001 [INF] Executed DbCommand ("61"ms) [Parameters=["@__id_0='?' (DbType = Int32)"], CommandType='Text', CommandTimeout='30']"
""SELECT t.id, t.barcode, t.barcodetype, t.costprice, t.description, t.price, t.stock
FROM tb_products AS t
WHERE t.id = @__id_0
LIMIT 1" (0723d8ff)
2024-05-31T21:23:25.8854754-03:00 0HN41Q3VVPND4:00000001 [INF] Executing "ObjectResult", writing value of type '"System.String"'. (605b4265)
2024-05-31T21:23:25.8885443-03:00 0HN41Q3VVPND4:00000001 [INF] Executed action "APITrabalhoFinal.Controllers.SalesController.Insert (APITrabalhoFinal)" in 4822.1931ms (afa2e885)
2024-05-31T21:23:25.8886676-03:00 0HN41Q3VVPND4:00000001 [INF] Executed endpoint '"APITrabalhoFinal.Controllers.SalesController.Insert (APITrabalhoFinal)"' (99874f2b)
2024-05-31T21:23:25.8944291-03:00 0HN41Q3VVPND4:00000001 [INF] Request finished "HTTP/1.1" "POST" "http"://"localhost:5034""""/api/Sales""" - 500 null "text/plain; charset=utf-8" 4868.8861ms (74253ad3)
2024-05-31T21:23:56.8453898-03:00 0HN41Q3VVPND5:00000001 [INF] Request starting "HTTP/1.1" "POST" "http"://"localhost:5034""""/api/Sales""" - "application/json" 154 (d509f86a)
2024-05-31T21:23:56.8466675-03:00 0HN41Q3VVPND5:00000001 [INF] Executing endpoint '"APITrabalhoFinal.Controllers.SalesController.Insert (APITrabalhoFinal)"' (500cc934)
2024-05-31T21:23:56.8469906-03:00 0HN41Q3VVPND5:00000001 [INF] Route matched with "{action = \"Insert\", controller = \"Sales\"}". Executing controller action with signature "Microsoft.AspNetCore.Mvc.ActionResult`1[APITrabalhoFinal.DataBase.Models.TbSale] Insert(APITrabalhoFinal.Services.DTOs.SaleDTO)" on controller "APITrabalhoFinal.Controllers.SalesController" ("APITrabalhoFinal"). (122b2fdf)
2024-05-31T21:23:56.8769617-03:00 0HN41Q3VVPND5:00000001 [INF] Executed DbCommand ("3"ms) [Parameters=["@__id_0='?' (DbType = Int32)"], CommandType='Text', CommandTimeout='30']"
""SELECT t.id, t.barcode, t.barcodetype, t.costprice, t.description, t.price, t.stock
FROM tb_products AS t
WHERE t.id = @__id_0
LIMIT 1" (0723d8ff)
2024-05-31T21:23:56.9541500-03:00 0HN41Q3VVPND5:00000001 [INF] Executing "BadRequestObjectResult", writing value of type '"System.String"'. (605b4265)
2024-05-31T21:23:56.9543304-03:00 0HN41Q3VVPND5:00000001 [INF] Executed action "APITrabalhoFinal.Controllers.SalesController.Insert (APITrabalhoFinal)" in 107.2884ms (afa2e885)
2024-05-31T21:23:56.9543582-03:00 0HN41Q3VVPND5:00000001 [INF] Executed endpoint '"APITrabalhoFinal.Controllers.SalesController.Insert (APITrabalhoFinal)"' (99874f2b)
2024-05-31T21:23:56.9544927-03:00 0HN41Q3VVPND5:00000001 [INF] Request finished "HTTP/1.1" "POST" "http"://"localhost:5034""""/api/Sales""" - 400 null "text/plain; charset=utf-8" 109.1716ms (74253ad3)
2024-05-31T21:24:14.8540383-03:00 0HN41Q3VVPND6:00000001 [INF] Request starting "HTTP/1.1" "POST" "http"://"localhost:5034""""/api/Sales""" - "application/json" 153 (d509f86a)
2024-05-31T21:24:14.8543509-03:00 0HN41Q3VVPND6:00000001 [INF] Executing endpoint '"APITrabalhoFinal.Controllers.SalesController.Insert (APITrabalhoFinal)"' (500cc934)
2024-05-31T21:24:14.8545683-03:00 0HN41Q3VVPND6:00000001 [INF] Route matched with "{action = \"Insert\", controller = \"Sales\"}". Executing controller action with signature "Microsoft.AspNetCore.Mvc.ActionResult`1[APITrabalhoFinal.DataBase.Models.TbSale] Insert(APITrabalhoFinal.Services.DTOs.SaleDTO)" on controller "APITrabalhoFinal.Controllers.SalesController" ("APITrabalhoFinal"). (122b2fdf)
2024-05-31T21:24:14.8982312-03:00 0HN41Q3VVPND6:00000001 [INF] Executed DbCommand ("1"ms) [Parameters=["@__id_0='?' (DbType = Int32)"], CommandType='Text', CommandTimeout='30']"
""SELECT t.id, t.barcode, t.barcodetype, t.costprice, t.description, t.price, t.stock
FROM tb_products AS t
WHERE t.id = @__id_0
LIMIT 1" (0723d8ff)
2024-05-31T21:24:14.9195555-03:00 0HN41Q3VVPND6:00000001 [INF] Executing "ObjectResult", writing value of type '"System.String"'. (605b4265)
2024-05-31T21:24:14.9196882-03:00 0HN41Q3VVPND6:00000001 [INF] Executed action "APITrabalhoFinal.Controllers.SalesController.Insert (APITrabalhoFinal)" in 65.092ms (afa2e885)
2024-05-31T21:24:14.9197354-03:00 0HN41Q3VVPND6:00000001 [INF] Executed endpoint '"APITrabalhoFinal.Controllers.SalesController.Insert (APITrabalhoFinal)"' (99874f2b)
2024-05-31T21:24:14.9198356-03:00 0HN41Q3VVPND6:00000001 [INF] Request finished "HTTP/1.1" "POST" "http"://"localhost:5034""""/api/Sales""" - 500 null "text/plain; charset=utf-8" 65.854ms (74253ad3)
2024-05-31T21:26:27.4852618-03:00  [INF] Now listening on: "http://localhost:5034" (d826f4b8)
2024-05-31T21:26:27.4922184-03:00  [INF] Application started. Press Ctrl+C to shut down. (dcaefe54)
2024-05-31T21:26:27.4951422-03:00  [INF] Hosting environment: "Development" (bc5a1a4e)
2024-05-31T21:26:27.4971662-03:00  [INF] Content root path: "C:\Users\João\source\repos\APITrabalhoFinal\APITrabalhoFinal" (cc26f24e)
2024-05-31T21:26:28.0418995-03:00 0HN41Q5T3757F:00000001 [INF] Request starting "HTTP/1.1" "GET" "http"://"localhost:5034""""/swagger/index.html""" - null null (d509f86a)
2024-05-31T21:26:28.2755405-03:00 0HN41Q5T3757F:00000001 [INF] Request finished "HTTP/1.1" "GET" "http"://"localhost:5034""""/swagger/index.html""" - 200 null "text/html;charset=utf-8" 241.8534ms (74253ad3)
2024-05-31T21:26:28.2793410-03:00 0HN41Q5T3757F:00000002 [INF] Request starting "HTTP/1.1" "GET" "http"://"localhost:5034""""/_framework/aspnetcore-browser-refresh.js""" - null null (d509f86a)
2024-05-31T21:26:28.2793410-03:00 0HN41Q5T3757G:00000001 [INF] Request starting "HTTP/1.1" "GET" "http"://"localhost:5034""""/_vs/browserLink""" - null null (d509f86a)
2024-05-31T21:26:28.2823275-03:00 0HN41Q5T3757F:00000002 [INF] Request finished "HTTP/1.1" "GET" "http"://"localhost:5034""""/_framework/aspnetcore-browser-refresh.js""" - 200 13768 "application/javascript; charset=utf-8" 3.0667ms (74253ad3)
2024-05-31T21:26:28.3201357-03:00 0HN41Q5T3757G:00000001 [INF] Request finished "HTTP/1.1" "GET" "http"://"localhost:5034""""/_vs/browserLink""" - 200 null "text/javascript; charset=UTF-8" 40.8212ms (74253ad3)
2024-05-31T21:26:28.3961406-03:00 0HN41Q5T3757G:00000002 [INF] Request starting "HTTP/1.1" "GET" "http"://"localhost:5034""""/swagger/v1/swagger.json""" - null null (d509f86a)
2024-05-31T21:26:28.5426523-03:00 0HN41Q5T3757G:00000002 [INF] Request finished "HTTP/1.1" "GET" "http"://"localhost:5034""""/swagger/v1/swagger.json""" - 200 null "application/json;charset=utf-8" 146.5495ms (74253ad3)
2024-05-31T21:27:06.2885315-03:00 0HN41Q5T3757H:00000001 [INF] Request starting "HTTP/1.1" "POST" "http"://"localhost:5034""""/api/Sales""" - "application/json" 153 (d509f86a)
2024-05-31T21:27:06.2975598-03:00 0HN41Q5T3757H:00000001 [INF] Executing endpoint '"APITrabalhoFinal.Controllers.SalesController.Insert (APITrabalhoFinal)"' (500cc934)
2024-05-31T21:27:06.3250139-03:00 0HN41Q5T3757H:00000001 [INF] Route matched with "{action = \"Insert\", controller = \"Sales\"}". Executing controller action with signature "Microsoft.AspNetCore.Mvc.ActionResult`1[APITrabalhoFinal.DataBase.Models.TbSale] Insert(APITrabalhoFinal.Services.DTOs.SaleDTO)" on controller "APITrabalhoFinal.Controllers.SalesController" ("APITrabalhoFinal"). (122b2fdf)
2024-05-31T21:27:07.6673762-03:00 0HN41Q5T3757H:00000001 [INF] Executed DbCommand ("41"ms) [Parameters=["@__id_0='?' (DbType = Int32)"], CommandType='Text', CommandTimeout='30']"
""SELECT t.id, t.barcode, t.barcodetype, t.costprice, t.description, t.price, t.stock
FROM tb_products AS t
WHERE t.id = @__id_0
LIMIT 1" (0723d8ff)
2024-05-31T21:27:07.7460910-03:00 0HN41Q5T3757H:00000001 [INF] Executing "NotFoundObjectResult", writing value of type '"System.String"'. (605b4265)
2024-05-31T21:27:07.7496061-03:00 0HN41Q5T3757H:00000001 [INF] Executed action "APITrabalhoFinal.Controllers.SalesController.Insert (APITrabalhoFinal)" in 1421.7768ms (afa2e885)
2024-05-31T21:27:07.7497351-03:00 0HN41Q5T3757H:00000001 [INF] Executed endpoint '"APITrabalhoFinal.Controllers.SalesController.Insert (APITrabalhoFinal)"' (99874f2b)
2024-05-31T21:27:07.7564882-03:00 0HN41Q5T3757H:00000001 [INF] Request finished "HTTP/1.1" "POST" "http"://"localhost:5034""""/api/Sales""" - 404 null "text/plain; charset=utf-8" 1467.998ms (74253ad3)
2024-05-31T21:27:17.6741742-03:00 0HN41Q5T3757I:00000001 [INF] Request starting "HTTP/1.1" "POST" "http"://"localhost:5034""""/api/Sales""" - "application/json" 154 (d509f86a)
2024-05-31T21:27:17.6752189-03:00 0HN41Q5T3757I:00000001 [INF] Executing endpoint '"APITrabalhoFinal.Controllers.SalesController.Insert (APITrabalhoFinal)"' (500cc934)
2024-05-31T21:27:17.6755180-03:00 0HN41Q5T3757I:00000001 [INF] Route matched with "{action = \"Insert\", controller = \"Sales\"}". Executing controller action with signature "Microsoft.AspNetCore.Mvc.ActionResult`1[APITrabalhoFinal.DataBase.Models.TbSale] Insert(APITrabalhoFinal.Services.DTOs.SaleDTO)" on controller "APITrabalhoFinal.Controllers.SalesController" ("APITrabalhoFinal"). (122b2fdf)
2024-05-31T21:27:17.7052121-03:00 0HN41Q5T3757I:00000001 [INF] Executed DbCommand ("4"ms) [Parameters=["@__id_0='?' (DbType = Int32)"], CommandType='Text', CommandTimeout='30']"
""SELECT t.id, t.barcode, t.barcodetype, t.costprice, t.description, t.price, t.stock
FROM tb_products AS t
WHERE t.id = @__id_0
LIMIT 1" (0723d8ff)
2024-05-31T21:27:17.7970009-03:00 0HN41Q5T3757I:00000001 [INF] Executing "BadRequestObjectResult", writing value of type '"System.String"'. (605b4265)
2024-05-31T21:27:17.7971910-03:00 0HN41Q5T3757I:00000001 [INF] Executed action "APITrabalhoFinal.Controllers.SalesController.Insert (APITrabalhoFinal)" in 121.6109ms (afa2e885)
2024-05-31T21:27:17.7972251-03:00 0HN41Q5T3757I:00000001 [INF] Executed endpoint '"APITrabalhoFinal.Controllers.SalesController.Insert (APITrabalhoFinal)"' (99874f2b)
2024-05-31T21:27:17.7973539-03:00 0HN41Q5T3757I:00000001 [INF] Request finished "HTTP/1.1" "POST" "http"://"localhost:5034""""/api/Sales""" - 400 null "text/plain; charset=utf-8" 123.2424ms (74253ad3)
2024-05-31T21:36:57.3446139-03:00  [INF] Now listening on: "http://localhost:5034" (d826f4b8)
2024-05-31T21:36:57.3522615-03:00  [INF] Application started. Press Ctrl+C to shut down. (dcaefe54)
2024-05-31T21:36:57.3603167-03:00  [INF] Hosting environment: "Development" (bc5a1a4e)
2024-05-31T21:36:57.3621043-03:00  [INF] Content root path: "C:\Users\João\source\repos\APITrabalhoFinal\APITrabalhoFinal" (cc26f24e)
2024-05-31T21:36:57.8176163-03:00 0HN41QBONTHC7:00000001 [INF] Request starting "HTTP/1.1" "GET" "http"://"localhost:5034""""/swagger/index.html""" - null null (d509f86a)
2024-05-31T21:36:58.1661928-03:00 0HN41QBONTHC7:00000001 [INF] Request finished "HTTP/1.1" "GET" "http"://"localhost:5034""""/swagger/index.html""" - 200 null "text/html;charset=utf-8" 355.8992ms (74253ad3)
2024-05-31T21:36:58.1729300-03:00 0HN41QBONTHC7:00000002 [INF] Request starting "HTTP/1.1" "GET" "http"://"localhost:5034""""/_framework/aspnetcore-browser-refresh.js""" - null null (d509f86a)
2024-05-31T21:36:58.1729663-03:00 0HN41QBONTHC8:00000001 [INF] Request starting "HTTP/1.1" "GET" "http"://"localhost:5034""""/_vs/browserLink""" - null null (d509f86a)
2024-05-31T21:36:58.1755281-03:00 0HN41QBONTHC7:00000002 [INF] Request finished "HTTP/1.1" "GET" "http"://"localhost:5034""""/_framework/aspnetcore-browser-refresh.js""" - 200 13768 "application/javascript; charset=utf-8" 2.5965ms (74253ad3)
2024-05-31T21:36:58.1992134-03:00 0HN41QBONTHC8:00000001 [INF] Request finished "HTTP/1.1" "GET" "http"://"localhost:5034""""/_vs/browserLink""" - 200 null "text/javascript; charset=UTF-8" 26.5036ms (74253ad3)
2024-05-31T21:36:58.2754792-03:00 0HN41QBONTHC8:00000002 [INF] Request starting "HTTP/1.1" "GET" "http"://"localhost:5034""""/swagger/v1/swagger.json""" - null null (d509f86a)
2024-05-31T21:36:58.9147884-03:00 0HN41QBONTHC8:00000002 [INF] Request finished "HTTP/1.1" "GET" "http"://"localhost:5034""""/swagger/v1/swagger.json""" - 200 null "application/json;charset=utf-8" 639.4045ms (74253ad3)
2024-05-31T21:37:12.8495637-03:00 0HN41QBONTHC9:00000001 [INF] Request starting "HTTP/1.1" "GET" "http"://"localhost:5034""""/api/Sales/69fc45d9-396f-47f0-ad94-798bdc7ecb4c""" - null null (d509f86a)
2024-05-31T21:37:12.8586989-03:00 0HN41QBONTHC9:00000001 [INF] Executing endpoint '"APITrabalhoFinal.Controllers.SalesController.GetByCode (APITrabalhoFinal)"' (500cc934)
2024-05-31T21:37:12.8811746-03:00 0HN41QBONTHC9:00000001 [INF] Route matched with "{action = \"GetByCode\", controller = \"Sales\"}". Executing controller action with signature "Microsoft.AspNetCore.Mvc.ActionResult`1[APITrabalhoFinal.DataBase.Models.TbSale] GetByCode(System.String)" on controller "APITrabalhoFinal.Controllers.SalesController" ("APITrabalhoFinal"). (122b2fdf)
2024-05-31T21:37:14.1766898-03:00 0HN41QBONTHC9:00000001 [INF] Executed DbCommand ("42"ms) [Parameters=["@__code_0='?'"], CommandType='Text', CommandTimeout='30']"
""SELECT t.id, t.code, t.createat, t.discount, t.price, t.productid, t.qty
FROM tb_sales AS t
WHERE t.code = @__code_0
LIMIT 1" (0723d8ff)
2024-05-31T21:37:14.2509582-03:00 0HN41QBONTHC9:00000001 [INF] Executing "OkObjectResult", writing value of type '"APITrabalhoFinal.DataBase.Models.TbSale"'. (605b4265)
2024-05-31T21:37:14.2678257-03:00 0HN41QBONTHC9:00000001 [INF] Executed action "APITrabalhoFinal.Controllers.SalesController.GetByCode (APITrabalhoFinal)" in 1383.9761ms (afa2e885)
2024-05-31T21:37:14.2679377-03:00 0HN41QBONTHC9:00000001 [INF] Executed endpoint '"APITrabalhoFinal.Controllers.SalesController.GetByCode (APITrabalhoFinal)"' (99874f2b)
2024-05-31T21:37:14.2748698-03:00 0HN41QBONTHC9:00000001 [INF] Request finished "HTTP/1.1" "GET" "http"://"localhost:5034""""/api/Sales/69fc45d9-396f-47f0-ad94-798bdc7ecb4c""" - 200 null "application/json; charset=utf-8" 1425.3618ms (74253ad3)
2024-05-31T21:37:20.0424832-03:00 0HN41QBONTHCA:00000001 [INF] Request starting "HTTP/1.1" "GET" "http"://"localhost:5034""""/api/Sales/69fc45d9-396f-47f0-ad94-798bdc7ecb4""" - null null (d509f86a)
2024-05-31T21:37:20.0435586-03:00 0HN41QBONTHCA:00000001 [INF] Executing endpoint '"APITrabalhoFinal.Controllers.SalesController.GetByCode (APITrabalhoFinal)"' (500cc934)
2024-05-31T21:37:20.0438072-03:00 0HN41QBONTHCA:00000001 [INF] Route matched with "{action = \"GetByCode\", controller = \"Sales\"}". Executing controller action with signature "Microsoft.AspNetCore.Mvc.ActionResult`1[APITrabalhoFinal.DataBase.Models.TbSale] GetByCode(System.String)" on controller "APITrabalhoFinal.Controllers.SalesController" ("APITrabalhoFinal"). (122b2fdf)
2024-05-31T21:37:20.0736282-03:00 0HN41QBONTHCA:00000001 [INF] Executed DbCommand ("1"ms) [Parameters=["@__code_0='?'"], CommandType='Text', CommandTimeout='30']"
""SELECT t.id, t.code, t.createat, t.discount, t.price, t.productid, t.qty
FROM tb_sales AS t
WHERE t.code = @__code_0
LIMIT 1" (0723d8ff)
2024-05-31T21:37:20.1527221-03:00 0HN41QBONTHCA:00000001 [INF] Executing "NotFoundObjectResult", writing value of type '"System.String"'. (605b4265)
2024-05-31T21:37:20.1531889-03:00 0HN41QBONTHCA:00000001 [INF] Executed action "APITrabalhoFinal.Controllers.SalesController.GetByCode (APITrabalhoFinal)" in 109.3123ms (afa2e885)
2024-05-31T21:37:20.1532421-03:00 0HN41QBONTHCA:00000001 [INF] Executed endpoint '"APITrabalhoFinal.Controllers.SalesController.GetByCode (APITrabalhoFinal)"' (99874f2b)
2024-05-31T21:37:20.1534626-03:00 0HN41QBONTHCA:00000001 [INF] Request finished "HTTP/1.1" "GET" "http"://"localhost:5034""""/api/Sales/69fc45d9-396f-47f0-ad94-798bdc7ecb4""" - 404 null "text/plain; charset=utf-8" 111.0136ms (74253ad3)
